Data file :  /home/cs17btech11044/data_mining/data-mining/data/main_data_splits/train.json
checkpoints dir :  /home/cs17btech11044/data_mining/data-mining/nyt/bert-base-uncased_train
Token indices sequence length is longer than the specified maximum sequence length for this model (1195 > 512). Running this sequence through the model will result in indexing errors
Token indices sequence length is longer than the specified maximum sequence length for this model (1195 > 512). Running this sequence through the model will result in indexing errors
Token indices sequence length is longer than the specified maximum sequence length for this model (15150 > 512). Running this sequence through the model will result in indexing errors
Token indices sequence length is longer than the specified maximum sequence length for this model (15150 > 512). Running this sequence through the model will result in indexing errors
Epoch 0 | Batch 0/4225 | Loss 3.948458 | Accuracy 3.125000
Epoch 0 | Batch 50/4225 | Loss 3.463564 | Accuracy 48.529412
Epoch 0 | Batch 100/4225 | Loss 3.363118 | Accuracy 50.433168
Epoch 0 | Batch 150/4225 | Loss 3.296197 | Accuracy 52.359272
Epoch 0 | Batch 200/4225 | Loss 3.239742 | Accuracy 54.446517
Epoch 0 | Batch 250/4225 | Loss 3.198393 | Accuracy 55.639940
Epoch 0 | Batch 300/4225 | Loss 3.161577 | Accuracy 56.821013
Epoch 0 | Batch 350/4225 | Loss 3.131715 | Accuracy 57.941595
Epoch 0 | Batch 400/4225 | Loss 3.109342 | Accuracy 58.525561
Epoch 0 | Batch 450/4225 | Loss 3.090226 | Accuracy 58.959257
Epoch 0 | Batch 500/4225 | Loss 3.072752 | Accuracy 59.474800
Epoch 0 | Batch 550/4225 | Loss 3.060727 | Accuracy 59.760662
Epoch 0 | Batch 600/4225 | Loss 3.050635 | Accuracy 59.993760
Epoch 0 | Batch 650/4225 | Loss 3.042062 | Accuracy 60.258257
Epoch 0 | Batch 700/4225 | Loss 3.034150 | Accuracy 60.471648
Epoch 0 | Batch 750/4225 | Loss 3.028376 | Accuracy 60.581724
Epoch 0 | Batch 800/4225 | Loss 3.023616 | Accuracy 60.662453
Epoch 0 | Batch 850/4225 | Loss 3.018328 | Accuracy 60.799794
Epoch 0 | Batch 900/4225 | Loss 3.014166 | Accuracy 60.776221
Epoch 0 | Batch 950/4225 | Loss 3.009659 | Accuracy 60.958859
Epoch 0 | Batch 1000/4225 | Loss 3.005665 | Accuracy 61.098277
Epoch 0 | Batch 1050/4225 | Loss 3.002596 | Accuracy 61.156042
Epoch 0 | Batch 1100/4225 | Loss 2.999725 | Accuracy 61.126249
Epoch 0 | Batch 1150/4225 | Loss 2.997023 | Accuracy 61.194070
Epoch 0 | Batch 1200/4225 | Loss 2.993829 | Accuracy 61.386345
Epoch 0 | Batch 1250/4225 | Loss 2.992114 | Accuracy 61.373401
Epoch 0 | Batch 1300/4225 | Loss 2.990038 | Accuracy 61.378267
Epoch 0 | Batch 1350/4225 | Loss 2.987665 | Accuracy 61.477609
Epoch 0 | Batch 1400/4225 | Loss 2.985499 | Accuracy 61.563169
Epoch 0 | Batch 1450/4225 | Loss 2.983908 | Accuracy 61.625603
Epoch 0 | Batch 1500/4225 | Loss 2.982206 | Accuracy 61.677632
Epoch 0 | Batch 1550/4225 | Loss 2.980716 | Accuracy 61.736380
Epoch 0 | Batch 1600/4225 | Loss 2.978846 | Accuracy 61.822689
Epoch 0 | Batch 1650/4225 | Loss 2.977933 | Accuracy 61.807238
Epoch 0 | Batch 1700/4225 | Loss 2.977076 | Accuracy 61.790858
Epoch 0 | Batch 1750/4225 | Loss 2.975633 | Accuracy 61.861079
Epoch 0 | Batch 1800/4225 | Loss 2.974085 | Accuracy 61.937812
Epoch 0 | Batch 1850/4225 | Loss 2.973229 | Accuracy 61.951310
Epoch 0 | Batch 1900/4225 | Loss 2.972337 | Accuracy 61.980537
Epoch 0 | Batch 1950/4225 | Loss 2.971429 | Accuracy 62.009867
Epoch 0 | Batch 2000/4225 | Loss 2.970630 | Accuracy 62.018991
Epoch 0 | Batch 2050/4225 | Loss 2.969454 | Accuracy 62.055095
Epoch 0 | Batch 2100/4225 | Loss 2.968505 | Accuracy 62.068658
Epoch 0 | Batch 2150/4225 | Loss 2.967797 | Accuracy 62.091760
Epoch 0 | Batch 2200/4225 | Loss 2.967006 | Accuracy 62.123751
Epoch 0 | Batch 2250/4225 | Loss 2.966213 | Accuracy 62.147379
Epoch 0 | Batch 2300/4225 | Loss 2.965842 | Accuracy 62.127879
Epoch 0 | Batch 2350/4225 | Loss 2.965355 | Accuracy 62.113197
Epoch 0 | Batch 2400/4225 | Loss 2.965124 | Accuracy 62.099125
Epoch 0 | Batch 2450/4225 | Loss 2.964132 | Accuracy 62.151928
Epoch 0 | Batch 2500/4225 | Loss 2.963455 | Accuracy 62.183876
Epoch 0 | Batch 2550/4225 | Loss 2.962814 | Accuracy 62.208448
Epoch 0 | Batch 2600/4225 | Loss 2.962320 | Accuracy 62.233276
Epoch 0 | Batch 2650/4225 | Loss 2.961833 | Accuracy 62.227697
Epoch 0 | Batch 2700/4225 | Loss 2.961369 | Accuracy 62.233895
Epoch 0 | Batch 2750/4225 | Loss 2.960851 | Accuracy 62.269402
Epoch 0 | Batch 2800/4225 | Loss 2.960679 | Accuracy 62.242280
Epoch 0 | Batch 2850/4225 | Loss 2.960371 | Accuracy 62.253376
Epoch 0 | Batch 2900/4225 | Loss 2.960088 | Accuracy 62.245777
Epoch 0 | Batch 2950/4225 | Loss 2.959904 | Accuracy 62.239495
Epoch 0 | Batch 3000/4225 | Loss 2.959574 | Accuracy 62.230298
Epoch 0 | Batch 3050/4225 | Loss 2.959108 | Accuracy 62.251106
Epoch 0 | Batch 3100/4225 | Loss 2.958765 | Accuracy 62.266204
Epoch 0 | Batch 3150/4225 | Loss 2.958579 | Accuracy 62.248096
Epoch 0 | Batch 3200/4225 | Loss 2.958226 | Accuracy 62.260817
Epoch 0 | Batch 3250/4225 | Loss 2.957921 | Accuracy 62.277953
Epoch 0 | Batch 3300/4225 | Loss 2.957730 | Accuracy 62.271849
Epoch 0 | Batch 3350/4225 | Loss 2.957538 | Accuracy 62.264063
Epoch 0 | Batch 3400/4225 | Loss 2.957386 | Accuracy 62.262019
Epoch 0 | Batch 3450/4225 | Loss 2.957096 | Accuracy 62.287199
Epoch 0 | Batch 3500/4225 | Loss 2.956713 | Accuracy 62.297379
Epoch 0 | Batch 3550/4225 | Loss 2.956379 | Accuracy 62.325753
Epoch 0 | Batch 3600/4225 | Loss 2.956256 | Accuracy 62.321230
Epoch 0 | Batch 3650/4225 | Loss 2.956027 | Accuracy 62.314263
Epoch 0 | Batch 3700/4225 | Loss 2.955888 | Accuracy 62.295663
Epoch 0 | Batch 3750/4225 | Loss 2.955870 | Accuracy 62.280059
Epoch 0 | Batch 3800/4225 | Loss 2.955470 | Accuracy 62.298573
Epoch 0 | Batch 3850/4225 | Loss 2.955261 | Accuracy 62.301999
Epoch 0 | Batch 3900/4225 | Loss 2.955098 | Accuracy 62.310145
Epoch 0 | Batch 3950/4225 | Loss 2.954716 | Accuracy 62.325993
Epoch 0 | Batch 4000/4225 | Loss 2.954443 | Accuracy 62.340665
Epoch 0 | Batch 4050/4225 | Loss 2.954309 | Accuracy 62.334917
Epoch 0 | Batch 4100/4225 | Loss 2.953916 | Accuracy 62.364362
Epoch 0 | Batch 4150/4225 | Loss 2.953736 | Accuracy 62.372772
Epoch 0 | Batch 4200/4225 | Loss 2.953566 | Accuracy 62.378749
Token indices sequence length is longer than the specified maximum sequence length for this model (15150 > 512). Running this sequence through the model will result in indexing errors
Token indices sequence length is longer than the specified maximum sequence length for this model (1195 > 512). Running this sequence through the model will result in indexing errors
Token indices sequence length is longer than the specified maximum sequence length for this model (15150 > 512). Running this sequence through the model will result in indexing errors
Token indices sequence length is longer than the specified maximum sequence length for this model (1195 > 512). Running this sequence through the model will result in indexing errors
Epoch 1 | Batch 0/4225 | Loss 2.970967 | Accuracy 56.250000
Epoch 1 | Batch 50/4225 | Loss 2.924097 | Accuracy 64.276961
Epoch 1 | Batch 100/4225 | Loss 2.924803 | Accuracy 63.830446
Epoch 1 | Batch 150/4225 | Loss 2.926426 | Accuracy 63.555464
Epoch 1 | Batch 200/4225 | Loss 2.925230 | Accuracy 63.790423
Epoch 1 | Batch 250/4225 | Loss 2.926482 | Accuracy 63.732570
Epoch 1 | Batch 300/4225 | Loss 2.928506 | Accuracy 63.610880
Epoch 1 | Batch 350/4225 | Loss 2.928551 | Accuracy 63.586182
Epoch 1 | Batch 400/4225 | Loss 2.929170 | Accuracy 63.481920
Epoch 1 | Batch 450/4225 | Loss 2.930636 | Accuracy 63.303769
Epoch 1 | Batch 500/4225 | Loss 2.932354 | Accuracy 63.179890
Epoch 1 | Batch 550/4225 | Loss 2.932404 | Accuracy 63.265653
Epoch 1 | Batch 600/4225 | Loss 2.932412 | Accuracy 63.300749
Epoch 1 | Batch 650/4225 | Loss 2.932624 | Accuracy 63.191244
Epoch 1 | Batch 700/4225 | Loss 2.933173 | Accuracy 63.128566
Epoch 1 | Batch 750/4225 | Loss 2.934040 | Accuracy 62.941079
Epoch 1 | Batch 800/4225 | Loss 2.934613 | Accuracy 62.843321
Epoch 1 | Batch 850/4225 | Loss 2.934813 | Accuracy 62.845182
Epoch 1 | Batch 900/4225 | Loss 2.934486 | Accuracy 62.919673
Epoch 1 | Batch 950/4225 | Loss 2.934474 | Accuracy 62.897608
Epoch 1 | Batch 1000/4225 | Loss 2.934050 | Accuracy 62.962038
Epoch 1 | Batch 1050/4225 | Loss 2.933428 | Accuracy 63.041151
Epoch 1 | Batch 1100/4225 | Loss 2.933559 | Accuracy 63.033606
Epoch 1 | Batch 1150/4225 | Loss 2.933988 | Accuracy 63.013141
Epoch 1 | Batch 1200/4225 | Loss 2.934987 | Accuracy 62.916320
Epoch 1 | Batch 1250/4225 | Loss 2.934674 | Accuracy 62.959632
Epoch 1 | Batch 1300/4225 | Loss 2.934610 | Accuracy 62.956380
Epoch 1 | Batch 1350/4225 | Loss 2.934320 | Accuracy 62.997317
Epoch 1 | Batch 1400/4225 | Loss 2.934395 | Accuracy 62.997413
Epoch 1 | Batch 1450/4225 | Loss 2.934447 | Accuracy 62.963043
Epoch 1 | Batch 1500/4225 | Loss 2.934634 | Accuracy 62.976765
Epoch 1 | Batch 1550/4225 | Loss 2.934753 | Accuracy 62.985574
Epoch 1 | Batch 1600/4225 | Loss 2.934582 | Accuracy 63.015303
Epoch 1 | Batch 1650/4225 | Loss 2.934769 | Accuracy 62.992126
Epoch 1 | Batch 1700/4225 | Loss 2.935218 | Accuracy 62.942754
Epoch 1 | Batch 1750/4225 | Loss 2.934747 | Accuracy 63.005069
Epoch 1 | Batch 1800/4225 | Loss 2.935080 | Accuracy 62.985841
Epoch 1 | Batch 1850/4225 | Loss 2.934957 | Accuracy 62.984535
Epoch 1 | Batch 1900/4225 | Loss 2.934976 | Accuracy 63.024395
Epoch 1 | Batch 1950/4225 | Loss 2.934902 | Accuracy 63.036584
Epoch 1 | Batch 2000/4225 | Loss 2.934983 | Accuracy 63.035670
Epoch 1 | Batch 2050/4225 | Loss 2.935089 | Accuracy 63.008898
Epoch 1 | Batch 2100/4225 | Loss 2.934991 | Accuracy 63.032485
Epoch 1 | Batch 2150/4225 | Loss 2.935161 | Accuracy 63.023013
Epoch 1 | Batch 2200/4225 | Loss 2.935080 | Accuracy 63.050886
Epoch 1 | Batch 2250/4225 | Loss 2.935167 | Accuracy 63.040038
Epoch 1 | Batch 2300/4225 | Loss 2.935074 | Accuracy 63.075837
Epoch 1 | Batch 2350/4225 | Loss 2.935167 | Accuracy 63.072895
Epoch 1 | Batch 2400/4225 | Loss 2.935327 | Accuracy 63.053155
Epoch 1 | Batch 2450/4225 | Loss 2.935253 | Accuracy 63.049521
Epoch 1 | Batch 2500/4225 | Loss 2.935317 | Accuracy 63.034786
Epoch 1 | Batch 2550/4225 | Loss 2.935230 | Accuracy 63.059829
Epoch 1 | Batch 2600/4225 | Loss 2.935313 | Accuracy 63.062284
Epoch 1 | Batch 2650/4225 | Loss 2.935199 | Accuracy 63.061109
Epoch 1 | Batch 2700/4225 | Loss 2.934995 | Accuracy 63.062292
Epoch 1 | Batch 2750/4225 | Loss 2.934722 | Accuracy 63.117957
Epoch 1 | Batch 2800/4225 | Loss 2.934681 | Accuracy 63.129240
Epoch 1 | Batch 2850/4225 | Loss 2.934713 | Accuracy 63.125877
Epoch 1 | Batch 2900/4225 | Loss 2.934789 | Accuracy 63.122630
Epoch 1 | Batch 2950/4225 | Loss 2.934891 | Accuracy 63.112081
Epoch 1 | Batch 3000/4225 | Loss 2.934821 | Accuracy 63.123750
Epoch 1 | Batch 3050/4225 | Loss 2.935089 | Accuracy 63.070510
Epoch 1 | Batch 3100/4225 | Loss 2.934941 | Accuracy 63.078442
Epoch 1 | Batch 3150/4225 | Loss 2.934977 | Accuracy 63.074222
Epoch 1 | Batch 3200/4225 | Loss 2.934907 | Accuracy 63.088683
Epoch 1 | Batch 3250/4225 | Loss 2.935072 | Accuracy 63.079629
Epoch 1 | Batch 3300/4225 | Loss 2.934968 | Accuracy 63.095463
Epoch 1 | Batch 3350/4225 | Loss 2.935113 | Accuracy 63.071658
Epoch 1 | Batch 3400/4225 | Loss 2.935178 | Accuracy 63.057740
Epoch 1 | Batch 3450/4225 | Loss 2.935227 | Accuracy 63.058715
Epoch 1 | Batch 3500/4225 | Loss 2.935218 | Accuracy 63.059662
Epoch 1 | Batch 3550/4225 | Loss 2.935303 | Accuracy 63.045621
Epoch 1 | Batch 3600/4225 | Loss 2.935385 | Accuracy 63.042384
Epoch 1 | Batch 3650/4225 | Loss 2.935202 | Accuracy 63.069193
Epoch 1 | Batch 3700/4225 | Loss 2.935174 | Accuracy 63.070792
Epoch 1 | Batch 3750/4225 | Loss 2.935171 | Accuracy 63.068182
Epoch 1 | Batch 3800/4225 | Loss 2.935195 | Accuracy 63.072218
Epoch 1 | Batch 3850/4225 | Loss 2.935022 | Accuracy 63.090756
Epoch 1 | Batch 3900/4225 | Loss 2.935215 | Accuracy 63.072770
Epoch 1 | Batch 3950/4225 | Loss 2.935292 | Accuracy 63.064730
Epoch 1 | Batch 4000/4225 | Loss 2.935355 | Accuracy 63.052987
Epoch 1 | Batch 4050/4225 | Loss 2.935410 | Accuracy 63.050019
Epoch 1 | Batch 4100/4225 | Loss 2.935481 | Accuracy 63.051695
Epoch 1 | Batch 4150/4225 | Loss 2.935624 | Accuracy 63.033004
Epoch 1 | Batch 4200/4225 | Loss 2.935447 | Accuracy 63.051208
Token indices sequence length is longer than the specified maximum sequence length for this model (15150 > 512). Running this sequence through the model will result in indexing errors
Token indices sequence length is longer than the specified maximum sequence length for this model (1195 > 512). Running this sequence through the model will result in indexing errors
Token indices sequence length is longer than the specified maximum sequence length for this model (15150 > 512). Running this sequence through the model will result in indexing errors
Token indices sequence length is longer than the specified maximum sequence length for this model (1195 > 512). Running this sequence through the model will result in indexing errors
Epoch 2 | Batch 0/4225 | Loss 2.965096 | Accuracy 62.500000
Epoch 2 | Batch 50/4225 | Loss 2.931956 | Accuracy 64.093137
Epoch 2 | Batch 100/4225 | Loss 2.932639 | Accuracy 63.551980
Epoch 2 | Batch 150/4225 | Loss 2.929968 | Accuracy 63.741722
Epoch 2 | Batch 200/4225 | Loss 2.934255 | Accuracy 63.526119
Epoch 2 | Batch 250/4225 | Loss 2.930733 | Accuracy 64.043825
Epoch 2 | Batch 300/4225 | Loss 2.932769 | Accuracy 63.756229
Epoch 2 | Batch 350/4225 | Loss 2.934100 | Accuracy 63.684117
Epoch 2 | Batch 400/4225 | Loss 2.935173 | Accuracy 63.520885
Epoch 2 | Batch 450/4225 | Loss 2.936243 | Accuracy 63.310698
Epoch 2 | Batch 500/4225 | Loss 2.936075 | Accuracy 63.242265
Epoch 2 | Batch 550/4225 | Loss 2.936257 | Accuracy 63.225953
Epoch 2 | Batch 600/4225 | Loss 2.935923 | Accuracy 63.269551
Epoch 2 | Batch 650/4225 | Loss 2.935672 | Accuracy 63.330453
Epoch 2 | Batch 700/4225 | Loss 2.936686 | Accuracy 63.177603
Epoch 2 | Batch 750/4225 | Loss 2.935352 | Accuracy 63.357190
Epoch 2 | Batch 800/4225 | Loss 2.935217 | Accuracy 63.358302
Epoch 2 | Batch 850/4225 | Loss 2.934141 | Accuracy 63.498825
Epoch 2 | Batch 900/4225 | Loss 2.933790 | Accuracy 63.481548
Epoch 2 | Batch 950/4225 | Loss 2.933975 | Accuracy 63.443086
Epoch 2 | Batch 1000/4225 | Loss 2.934303 | Accuracy 63.414710
Epoch 2 | Batch 1050/4225 | Loss 2.934107 | Accuracy 63.397954
Epoch 2 | Batch 1100/4225 | Loss 2.933983 | Accuracy 63.428134
Epoch 2 | Batch 1150/4225 | Loss 2.934064 | Accuracy 63.387815
Epoch 2 | Batch 1200/4225 | Loss 2.934193 | Accuracy 63.366465
Epoch 2 | Batch 1250/4225 | Loss 2.934012 | Accuracy 63.351819
Epoch 2 | Batch 1300/4225 | Loss 2.934060 | Accuracy 63.295061
Epoch 2 | Batch 1350/4225 | Loss 2.934424 | Accuracy 63.267950
Epoch 2 | Batch 1400/4225 | Loss 2.934256 | Accuracy 63.276231
Epoch 2 | Batch 1450/4225 | Loss 2.934238 | Accuracy 63.249483
Epoch 2 | Batch 1500/4225 | Loss 2.934928 | Accuracy 63.153731
Epoch 2 | Batch 1550/4225 | Loss 2.934852 | Accuracy 63.166908
Epoch 2 | Batch 1600/4225 | Loss 2.934976 | Accuracy 63.142177
Epoch 2 | Batch 1650/4225 | Loss 2.934674 | Accuracy 63.166263
Epoch 2 | Batch 1700/4225 | Loss 2.934634 | Accuracy 63.199956
Epoch 2 | Batch 1750/4225 | Loss 2.934535 | Accuracy 63.206739
Epoch 2 | Batch 1800/4225 | Loss 2.934581 | Accuracy 63.181913
Epoch 2 | Batch 1850/4225 | Loss 2.934924 | Accuracy 63.111156
Epoch 2 | Batch 1900/4225 | Loss 2.935023 | Accuracy 63.068780
Epoch 2 | Batch 1950/4225 | Loss 2.935223 | Accuracy 63.050999
Epoch 2 | Batch 2000/4225 | Loss 2.934962 | Accuracy 63.071589
Epoch 2 | Batch 2050/4225 | Loss 2.934994 | Accuracy 63.091175
Epoch 2 | Batch 2100/4225 | Loss 2.934903 | Accuracy 63.094955
Epoch 2 | Batch 2150/4225 | Loss 2.935121 | Accuracy 63.086936
Epoch 2 | Batch 2200/4225 | Loss 2.934797 | Accuracy 63.111938
Epoch 2 | Batch 2250/4225 | Loss 2.934963 | Accuracy 63.094180
Epoch 2 | Batch 2300/4225 | Loss 2.934944 | Accuracy 63.113864
Epoch 2 | Batch 2350/4225 | Loss 2.935202 | Accuracy 63.088845
Epoch 2 | Batch 2400/4225 | Loss 2.935330 | Accuracy 63.067472
Epoch 2 | Batch 2450/4225 | Loss 2.935303 | Accuracy 63.081395
Epoch 2 | Batch 2500/4225 | Loss 2.935382 | Accuracy 63.053529
Epoch 2 | Batch 2550/4225 | Loss 2.935466 | Accuracy 63.024304
Epoch 2 | Batch 2600/4225 | Loss 2.935633 | Accuracy 63.014225
Epoch 2 | Batch 2650/4225 | Loss 2.935655 | Accuracy 62.993917
Epoch 2 | Batch 2700/4225 | Loss 2.935758 | Accuracy 63.002129
Epoch 2 | Batch 2750/4225 | Loss 2.935780 | Accuracy 62.991867
Epoch 2 | Batch 2800/4225 | Loss 2.936001 | Accuracy 62.970814
Epoch 2 | Batch 2850/4225 | Loss 2.936133 | Accuracy 62.975710
Epoch 2 | Batch 2900/4225 | Loss 2.936225 | Accuracy 62.972897
Epoch 2 | Batch 2950/4225 | Loss 2.936201 | Accuracy 62.972298
Epoch 2 | Batch 3000/4225 | Loss 2.936050 | Accuracy 62.973800
Epoch 2 | Batch 3050/4225 | Loss 2.935861 | Accuracy 63.017248
Epoch 2 | Batch 3100/4225 | Loss 2.935780 | Accuracy 63.014955
Epoch 2 | Batch 3150/4225 | Loss 2.935821 | Accuracy 62.994883
Epoch 2 | Batch 3200/4225 | Loss 2.935659 | Accuracy 63.018393
Epoch 2 | Batch 3250/4225 | Loss 2.935711 | Accuracy 62.996962
Epoch 2 | Batch 3300/4225 | Loss 2.935666 | Accuracy 62.994168
Epoch 2 | Batch 3350/4225 | Loss 2.935579 | Accuracy 63.006379
Epoch 2 | Batch 3400/4225 | Loss 2.935540 | Accuracy 63.010879
Epoch 2 | Batch 3450/4225 | Loss 2.935502 | Accuracy 63.021588
Epoch 2 | Batch 3500/4225 | Loss 2.935613 | Accuracy 63.015924
Epoch 2 | Batch 3550/4225 | Loss 2.935479 | Accuracy 63.034181
Epoch 2 | Batch 3600/4225 | Loss 2.935416 | Accuracy 63.044988
Epoch 2 | Batch 3650/4225 | Loss 2.935499 | Accuracy 63.037524
Epoch 2 | Batch 3700/4225 | Loss 2.935524 | Accuracy 63.033640
Epoch 2 | Batch 3750/4225 | Loss 2.935456 | Accuracy 63.036524
Epoch 2 | Batch 3800/4225 | Loss 2.935234 | Accuracy 63.052486
Epoch 2 | Batch 3850/4225 | Loss 2.935079 | Accuracy 63.070469
Epoch 2 | Batch 3900/4225 | Loss 2.935126 | Accuracy 63.066361
Epoch 2 | Batch 3950/4225 | Loss 2.935287 | Accuracy 63.032302
Epoch 2 | Batch 4000/4225 | Loss 2.935373 | Accuracy 63.027993
Epoch 2 | Batch 4050/4225 | Loss 2.935461 | Accuracy 63.002962
Epoch 2 | Batch 4100/4225 | Loss 2.935537 | Accuracy 63.011308
Epoch 2 | Batch 4150/4225 | Loss 2.935595 | Accuracy 62.997621
Epoch 2 | Batch 4200/4225 | Loss 2.935657 | Accuracy 62.985747
Token indices sequence length is longer than the specified maximum sequence length for this model (15150 > 512). Running this sequence through the model will result in indexing errors
Token indices sequence length is longer than the specified maximum sequence length for this model (15150 > 512). Running this sequence through the model will result in indexing errors
Token indices sequence length is longer than the specified maximum sequence length for this model (1195 > 512). Running this sequence through the model will result in indexing errors
Token indices sequence length is longer than the specified maximum sequence length for this model (1195 > 512). Running this sequence through the model will result in indexing errors
Epoch 3 | Batch 0/4225 | Loss 2.902555 | Accuracy 68.750000
Epoch 3 | Batch 50/4225 | Loss 2.933046 | Accuracy 62.500000
Epoch 3 | Batch 100/4225 | Loss 2.935952 | Accuracy 62.685644
Epoch 3 | Batch 150/4225 | Loss 2.936930 | Accuracy 62.975993
Epoch 3 | Batch 200/4225 | Loss 2.938566 | Accuracy 62.919776
Epoch 3 | Batch 250/4225 | Loss 2.936933 | Accuracy 63.047809
Epoch 3 | Batch 300/4225 | Loss 2.937367 | Accuracy 63.019103
Epoch 3 | Batch 350/4225 | Loss 2.939148 | Accuracy 62.793803
Epoch 3 | Batch 400/4225 | Loss 2.939658 | Accuracy 62.850686
Epoch 3 | Batch 450/4225 | Loss 2.938946 | Accuracy 62.922672
Epoch 3 | Batch 500/4225 | Loss 2.939277 | Accuracy 62.818114
Epoch 3 | Batch 550/4225 | Loss 2.939285 | Accuracy 62.794918
Epoch 3 | Batch 600/4225 | Loss 2.938811 | Accuracy 62.869176
Epoch 3 | Batch 650/4225 | Loss 2.938528 | Accuracy 62.884025
Epoch 3 | Batch 700/4225 | Loss 2.938248 | Accuracy 62.892297
Epoch 3 | Batch 750/4225 | Loss 2.937160 | Accuracy 62.995173
Epoch 3 | Batch 800/4225 | Loss 2.936547 | Accuracy 63.034488
Epoch 3 | Batch 850/4225 | Loss 2.936523 | Accuracy 63.043478
Epoch 3 | Batch 900/4225 | Loss 2.937177 | Accuracy 63.006382
Epoch 3 | Batch 950/4225 | Loss 2.937776 | Accuracy 62.956756
Epoch 3 | Batch 1000/4225 | Loss 2.937633 | Accuracy 63.018232
Epoch 3 | Batch 1050/4225 | Loss 2.937887 | Accuracy 62.960871
Epoch 3 | Batch 1100/4225 | Loss 2.937223 | Accuracy 63.053474
Epoch 3 | Batch 1150/4225 | Loss 2.936834 | Accuracy 63.062011
Epoch 3 | Batch 1200/4225 | Loss 2.936657 | Accuracy 63.043818
Epoch 3 | Batch 1250/4225 | Loss 2.936406 | Accuracy 63.059552
Epoch 3 | Batch 1300/4225 | Loss 2.936190 | Accuracy 63.076480
Epoch 3 | Batch 1350/4225 | Loss 2.936307 | Accuracy 63.057457
Epoch 3 | Batch 1400/4225 | Loss 2.936232 | Accuracy 63.066560
Epoch 3 | Batch 1450/4225 | Loss 2.936109 | Accuracy 63.040575
Epoch 3 | Batch 1500/4225 | Loss 2.936457 | Accuracy 63.012159
Epoch 3 | Batch 1550/4225 | Loss 2.936932 | Accuracy 62.949307
Epoch 3 | Batch 1600/4225 | Loss 2.936750 | Accuracy 62.964553
Epoch 3 | Batch 1650/4225 | Loss 2.936858 | Accuracy 62.946699
Epoch 3 | Batch 1700/4225 | Loss 2.937247 | Accuracy 62.911523
Epoch 3 | Batch 1750/4225 | Loss 2.937357 | Accuracy 62.903341
Epoch 3 | Batch 1800/4225 | Loss 2.936840 | Accuracy 62.951138
Epoch 3 | Batch 1850/4225 | Loss 2.936860 | Accuracy 62.935575
Epoch 3 | Batch 1900/4225 | Loss 2.936802 | Accuracy 62.953709
Epoch 3 | Batch 1950/4225 | Loss 2.936962 | Accuracy 62.927665
Epoch 3 | Batch 2000/4225 | Loss 2.936883 | Accuracy 62.923226
Epoch 3 | Batch 2050/4225 | Loss 2.936906 | Accuracy 62.915956
Epoch 3 | Batch 2100/4225 | Loss 2.936705 | Accuracy 62.931342
Epoch 3 | Batch 2150/4225 | Loss 2.936103 | Accuracy 62.989598
Epoch 3 | Batch 2200/4225 | Loss 2.935992 | Accuracy 63.016811
Epoch 3 | Batch 2250/4225 | Loss 2.936072 | Accuracy 63.002554
Epoch 3 | Batch 2300/4225 | Loss 2.936028 | Accuracy 63.020154
Epoch 3 | Batch 2350/4225 | Loss 2.935962 | Accuracy 63.052956
Epoch 3 | Batch 2400/4225 | Loss 2.936188 | Accuracy 63.016712
Epoch 3 | Batch 2450/4225 | Loss 2.936292 | Accuracy 63.007446
Epoch 3 | Batch 2500/4225 | Loss 2.936375 | Accuracy 62.982307
Epoch 3 | Batch 2550/4225 | Loss 2.936260 | Accuracy 62.965504
Epoch 3 | Batch 2600/4225 | Loss 2.936390 | Accuracy 62.957757
Epoch 3 | Batch 2650/4225 | Loss 2.936171 | Accuracy 62.988023
Epoch 3 | Batch 2700/4225 | Loss 2.936253 | Accuracy 62.977832
Epoch 3 | Batch 2750/4225 | Loss 2.936072 | Accuracy 62.989595
Epoch 3 | Batch 2800/4225 | Loss 2.936077 | Accuracy 62.978624
Epoch 3 | Batch 2850/4225 | Loss 2.935814 | Accuracy 63.012978
Epoch 3 | Batch 2900/4225 | Loss 2.936149 | Accuracy 62.995519
Epoch 3 | Batch 2950/4225 | Loss 2.936371 | Accuracy 62.965944
Epoch 3 | Batch 3000/4225 | Loss 2.936183 | Accuracy 62.980048
Epoch 3 | Batch 3050/4225 | Loss 2.936166 | Accuracy 62.981400
Epoch 3 | Batch 3100/4225 | Loss 2.936144 | Accuracy 62.976661
Epoch 3 | Batch 3150/4225 | Loss 2.936066 | Accuracy 62.986949
Epoch 3 | Batch 3200/4225 | Loss 2.936111 | Accuracy 62.971532
Epoch 3 | Batch 3250/4225 | Loss 2.936122 | Accuracy 62.973893
Epoch 3 | Batch 3300/4225 | Loss 2.935986 | Accuracy 62.981862
Epoch 3 | Batch 3350/4225 | Loss 2.936078 | Accuracy 62.978402
Epoch 3 | Batch 3400/4225 | Loss 2.935962 | Accuracy 63.000772
Epoch 3 | Batch 3450/4225 | Loss 2.936097 | Accuracy 62.990800
Epoch 3 | Batch 3500/4225 | Loss 2.936022 | Accuracy 63.012354
Epoch 3 | Batch 3550/4225 | Loss 2.936165 | Accuracy 62.987539
Epoch 3 | Batch 3600/4225 | Loss 2.936146 | Accuracy 62.983373
Epoch 3 | Batch 3650/4225 | Loss 2.936269 | Accuracy 62.974185
Epoch 3 | Batch 3700/4225 | Loss 2.936037 | Accuracy 63.000709
Epoch 3 | Batch 3750/4225 | Loss 2.936075 | Accuracy 63.002366
Epoch 3 | Batch 3800/4225 | Loss 2.936093 | Accuracy 62.998224
Epoch 3 | Batch 3850/4225 | Loss 2.936067 | Accuracy 63.003928
Epoch 3 | Batch 3900/4225 | Loss 2.935861 | Accuracy 63.011888
Epoch 3 | Batch 3950/4225 | Loss 2.935762 | Accuracy 63.010947
Epoch 3 | Batch 4000/4225 | Loss 2.935798 | Accuracy 63.005342
Epoch 3 | Batch 4050/4225 | Loss 2.935844 | Accuracy 62.995248
Epoch 3 | Batch 4100/4225 | Loss 2.935751 | Accuracy 63.005212
Epoch 3 | Batch 4150/4225 | Loss 2.935682 | Accuracy 63.006655
Epoch 3 | Batch 4200/4225 | Loss 2.935532 | Accuracy 63.027404
Token indices sequence length is longer than the specified maximum sequence length for this model (15150 > 512). Running this sequence through the model will result in indexing errors
Token indices sequence length is longer than the specified maximum sequence length for this model (1195 > 512). Running this sequence through the model will result in indexing errors
Token indices sequence length is longer than the specified maximum sequence length for this model (1195 > 512). Running this sequence through the model will result in indexing errors
Token indices sequence length is longer than the specified maximum sequence length for this model (15150 > 512). Running this sequence through the model will result in indexing errors
Epoch 4 | Batch 0/4225 | Loss 2.933250 | Accuracy 65.625000
Epoch 4 | Batch 50/4225 | Loss 2.943414 | Accuracy 61.642157
Epoch 4 | Batch 100/4225 | Loss 2.941209 | Accuracy 62.314356
Epoch 4 | Batch 150/4225 | Loss 2.945829 | Accuracy 61.837748
Epoch 4 | Batch 200/4225 | Loss 2.947358 | Accuracy 61.707090
Epoch 4 | Batch 250/4225 | Loss 2.944699 | Accuracy 61.914841
Epoch 4 | Batch 300/4225 | Loss 2.944179 | Accuracy 62.136628
Epoch 4 | Batch 350/4225 | Loss 2.943328 | Accuracy 62.215100
Epoch 4 | Batch 400/4225 | Loss 2.940308 | Accuracy 62.585723
Epoch 4 | Batch 450/4225 | Loss 2.936188 | Accuracy 63.082040
Epoch 4 | Batch 500/4225 | Loss 2.935133 | Accuracy 63.223553
Epoch 4 | Batch 550/4225 | Loss 2.936689 | Accuracy 62.936706
Epoch 4 | Batch 600/4225 | Loss 2.935687 | Accuracy 63.045965
Epoch 4 | Batch 650/4225 | Loss 2.935508 | Accuracy 63.028034
Epoch 4 | Batch 700/4225 | Loss 2.934859 | Accuracy 63.066155
Epoch 4 | Batch 750/4225 | Loss 2.935040 | Accuracy 63.061751
Epoch 4 | Batch 800/4225 | Loss 2.935930 | Accuracy 62.999376
Epoch 4 | Batch 850/4225 | Loss 2.936223 | Accuracy 62.999412
Epoch 4 | Batch 900/4225 | Loss 2.937254 | Accuracy 62.923141
Epoch 4 | Batch 950/4225 | Loss 2.937125 | Accuracy 62.966614
Epoch 4 | Batch 1000/4225 | Loss 2.936664 | Accuracy 62.971404
Epoch 4 | Batch 1050/4225 | Loss 2.936287 | Accuracy 63.002498
Epoch 4 | Batch 1100/4225 | Loss 2.936258 | Accuracy 62.993869
Epoch 4 | Batch 1150/4225 | Loss 2.936741 | Accuracy 62.912685
Epoch 4 | Batch 1200/4225 | Loss 2.936822 | Accuracy 62.908514
Epoch 4 | Batch 1250/4225 | Loss 2.936127 | Accuracy 62.972122
Epoch 4 | Batch 1300/4225 | Loss 2.935656 | Accuracy 63.030842
Epoch 4 | Batch 1350/4225 | Loss 2.935754 | Accuracy 63.082902
Epoch 4 | Batch 1400/4225 | Loss 2.936083 | Accuracy 63.071021
Epoch 4 | Batch 1450/4225 | Loss 2.936043 | Accuracy 63.081496
Epoch 4 | Batch 1500/4225 | Loss 2.936068 | Accuracy 63.089191
Epoch 4 | Batch 1550/4225 | Loss 2.935944 | Accuracy 63.068182
Epoch 4 | Batch 1600/4225 | Loss 2.935699 | Accuracy 63.087523
Epoch 4 | Batch 1650/4225 | Loss 2.935541 | Accuracy 63.109479
Epoch 4 | Batch 1700/4225 | Loss 2.935208 | Accuracy 63.131981
Epoch 4 | Batch 1750/4225 | Loss 2.935162 | Accuracy 63.113935
Epoch 4 | Batch 1800/4225 | Loss 2.935098 | Accuracy 63.119448
Epoch 4 | Batch 1850/4225 | Loss 2.934932 | Accuracy 63.149986
Epoch 4 | Batch 1900/4225 | Loss 2.934704 | Accuracy 63.175631
Epoch 4 | Batch 1950/4225 | Loss 2.934927 | Accuracy 63.161520
Epoch 4 | Batch 2000/4225 | Loss 2.934782 | Accuracy 63.165292
Epoch 4 | Batch 2050/4225 | Loss 2.934844 | Accuracy 63.136884
Epoch 4 | Batch 2100/4225 | Loss 2.934885 | Accuracy 63.118753
Epoch 4 | Batch 2150/4225 | Loss 2.935102 | Accuracy 63.082578
Epoch 4 | Batch 2200/4225 | Loss 2.935226 | Accuracy 63.048046
Epoch 4 | Batch 2250/4225 | Loss 2.935153 | Accuracy 63.046979
Epoch 4 | Batch 2300/4225 | Loss 2.935201 | Accuracy 63.056823
Epoch 4 | Batch 2350/4225 | Loss 2.935261 | Accuracy 63.042322
Epoch 4 | Batch 2400/4225 | Loss 2.935151 | Accuracy 63.060964
Epoch 4 | Batch 2450/4225 | Loss 2.934938 | Accuracy 63.097970
Epoch 4 | Batch 2500/4225 | Loss 2.934764 | Accuracy 63.111006
Epoch 4 | Batch 2550/4225 | Loss 2.934951 | Accuracy 63.097805
Epoch 4 | Batch 2600/4225 | Loss 2.934926 | Accuracy 63.105536
Epoch 4 | Batch 2650/4225 | Loss 2.934785 | Accuracy 63.155413
Epoch 4 | Batch 2700/4225 | Loss 2.934622 | Accuracy 63.187245
Epoch 4 | Batch 2750/4225 | Loss 2.934751 | Accuracy 63.166803
Epoch 4 | Batch 2800/4225 | Loss 2.934699 | Accuracy 63.170519
Epoch 4 | Batch 2850/4225 | Loss 2.934603 | Accuracy 63.171913
Epoch 4 | Batch 2900/4225 | Loss 2.934681 | Accuracy 63.154947
Epoch 4 | Batch 2950/4225 | Loss 2.934641 | Accuracy 63.155498
Epoch 4 | Batch 3000/4225 | Loss 2.934584 | Accuracy 63.172692
Epoch 4 | Batch 3050/4225 | Loss 2.934754 | Accuracy 63.138110
Epoch 4 | Batch 3100/4225 | Loss 2.934589 | Accuracy 63.158054
Epoch 4 | Batch 3150/4225 | Loss 2.934657 | Accuracy 63.146620
Epoch 4 | Batch 3200/4225 | Loss 2.934777 | Accuracy 63.119923
Epoch 4 | Batch 3250/4225 | Loss 2.934704 | Accuracy 63.137304
Epoch 4 | Batch 3300/4225 | Loss 2.935007 | Accuracy 63.089783
Epoch 4 | Batch 3350/4225 | Loss 2.935283 | Accuracy 63.036221
Epoch 4 | Batch 3400/4225 | Loss 2.935220 | Accuracy 63.044877
Epoch 4 | Batch 3450/4225 | Loss 2.935208 | Accuracy 63.043321
Epoch 4 | Batch 3500/4225 | Loss 2.935135 | Accuracy 63.070373
Epoch 4 | Batch 3550/4225 | Loss 2.935179 | Accuracy 63.063222
Epoch 4 | Batch 3600/4225 | Loss 2.935333 | Accuracy 63.045855
Epoch 4 | Batch 3650/4225 | Loss 2.935338 | Accuracy 63.052931
Epoch 4 | Batch 3700/4225 | Loss 2.935319 | Accuracy 63.061504
Epoch 4 | Batch 3750/4225 | Loss 2.935304 | Accuracy 63.061517
Epoch 4 | Batch 3800/4225 | Loss 2.935423 | Accuracy 63.051664
Epoch 4 | Batch 3850/4225 | Loss 2.935376 | Accuracy 63.051805
Epoch 4 | Batch 3900/4225 | Loss 2.935535 | Accuracy 63.040727
Epoch 4 | Batch 3950/4225 | Loss 2.935622 | Accuracy 63.045748
Epoch 4 | Batch 4000/4225 | Loss 2.935504 | Accuracy 63.058454
Epoch 4 | Batch 4050/4225 | Loss 2.935422 | Accuracy 63.050790
Epoch 4 | Batch 4100/4225 | Loss 2.935559 | Accuracy 63.024262
Epoch 4 | Batch 4150/4225 | Loss 2.935615 | Accuracy 63.014936
Epoch 4 | Batch 4200/4225 | Loss 2.935583 | Accuracy 63.011039
Token indices sequence length is longer than the specified maximum sequence length for this model (15150 > 512). Running this sequence through the model will result in indexing errors
Token indices sequence length is longer than the specified maximum sequence length for this model (15150 > 512). Running this sequence through the model will result in indexing errors
Token indices sequence length is longer than the specified maximum sequence length for this model (1195 > 512). Running this sequence through the model will result in indexing errors
Token indices sequence length is longer than the specified maximum sequence length for this model (1195 > 512). Running this sequence through the model will result in indexing errors
Epoch 5 | Batch 0/4225 | Loss 2.896035 | Accuracy 68.750000
Epoch 5 | Batch 50/4225 | Loss 2.924594 | Accuracy 64.399510
Epoch 5 | Batch 100/4225 | Loss 2.934003 | Accuracy 63.180693
Epoch 5 | Batch 150/4225 | Loss 2.931894 | Accuracy 63.307119
Epoch 5 | Batch 200/4225 | Loss 2.935374 | Accuracy 62.842040
Epoch 5 | Batch 250/4225 | Loss 2.934960 | Accuracy 62.848606
Epoch 5 | Batch 300/4225 | Loss 2.934992 | Accuracy 62.852990
Epoch 5 | Batch 350/4225 | Loss 2.933206 | Accuracy 63.176638
Epoch 5 | Batch 400/4225 | Loss 2.931115 | Accuracy 63.536471
Epoch 5 | Batch 450/4225 | Loss 2.931602 | Accuracy 63.428492
Epoch 5 | Batch 500/4225 | Loss 2.931195 | Accuracy 63.604042
Epoch 5 | Batch 550/4225 | Loss 2.931259 | Accuracy 63.543557
Epoch 5 | Batch 600/4225 | Loss 2.932660 | Accuracy 63.321547
Epoch 5 | Batch 650/4225 | Loss 2.934110 | Accuracy 63.167243
Epoch 5 | Batch 700/4225 | Loss 2.934647 | Accuracy 63.150856
Epoch 5 | Batch 750/4225 | Loss 2.934944 | Accuracy 63.165779
Epoch 5 | Batch 800/4225 | Loss 2.935815 | Accuracy 63.065699
Epoch 5 | Batch 850/4225 | Loss 2.936007 | Accuracy 63.003085
Epoch 5 | Batch 900/4225 | Loss 2.935378 | Accuracy 63.051471
Epoch 5 | Batch 950/4225 | Loss 2.935783 | Accuracy 63.045478
Epoch 5 | Batch 1000/4225 | Loss 2.935454 | Accuracy 63.071304
Epoch 5 | Batch 1050/4225 | Loss 2.935530 | Accuracy 63.073858
Epoch 5 | Batch 1100/4225 | Loss 2.935624 | Accuracy 63.073342
Epoch 5 | Batch 1150/4225 | Loss 2.936101 | Accuracy 63.032146
Epoch 5 | Batch 1200/4225 | Loss 2.935947 | Accuracy 63.072440
Epoch 5 | Batch 1250/4225 | Loss 2.936020 | Accuracy 63.049560
Epoch 5 | Batch 1300/4225 | Loss 2.935968 | Accuracy 63.054862
Epoch 5 | Batch 1350/4225 | Loss 2.935334 | Accuracy 63.147668
Epoch 5 | Batch 1400/4225 | Loss 2.935329 | Accuracy 63.158012
Epoch 5 | Batch 1450/4225 | Loss 2.935616 | Accuracy 63.135338
Epoch 5 | Batch 1500/4225 | Loss 2.935440 | Accuracy 63.141239
Epoch 5 | Batch 1550/4225 | Loss 2.935096 | Accuracy 63.189072
Epoch 5 | Batch 1600/4225 | Loss 2.934602 | Accuracy 63.247580
Epoch 5 | Batch 1650/4225 | Loss 2.934759 | Accuracy 63.236296
Epoch 5 | Batch 1700/4225 | Loss 2.934969 | Accuracy 63.234862
Epoch 5 | Batch 1750/4225 | Loss 2.935488 | Accuracy 63.138921
Epoch 5 | Batch 1800/4225 | Loss 2.935670 | Accuracy 63.091685
Epoch 5 | Batch 1850/4225 | Loss 2.936030 | Accuracy 63.025054
Epoch 5 | Batch 1900/4225 | Loss 2.935700 | Accuracy 63.042478
Epoch 5 | Batch 1950/4225 | Loss 2.935491 | Accuracy 63.060610
Epoch 5 | Batch 2000/4225 | Loss 2.935469 | Accuracy 63.048163
Epoch 5 | Batch 2050/4225 | Loss 2.935638 | Accuracy 63.033276
Epoch 5 | Batch 2100/4225 | Loss 2.935751 | Accuracy 63.008686
Epoch 5 | Batch 2150/4225 | Loss 2.935504 | Accuracy 63.044805
Epoch 5 | Batch 2200/4225 | Loss 2.935689 | Accuracy 63.001193
Epoch 5 | Batch 2250/4225 | Loss 2.935649 | Accuracy 63.028932
Epoch 5 | Batch 2300/4225 | Loss 2.936004 | Accuracy 62.988918
Epoch 5 | Batch 2350/4225 | Loss 2.936005 | Accuracy 62.999787
Epoch 5 | Batch 2400/4225 | Loss 2.936153 | Accuracy 62.960746
Epoch 5 | Batch 2450/4225 | Loss 2.936419 | Accuracy 62.922022
Epoch 5 | Batch 2500/4225 | Loss 2.936806 | Accuracy 62.894842
Epoch 5 | Batch 2550/4225 | Loss 2.936953 | Accuracy 62.856478
Epoch 5 | Batch 2600/4225 | Loss 2.937048 | Accuracy 62.831603
Epoch 5 | Batch 2650/4225 | Loss 2.936773 | Accuracy 62.874859
Epoch 5 | Batch 2700/4225 | Loss 2.936908 | Accuracy 62.860977
Epoch 5 | Batch 2750/4225 | Loss 2.937042 | Accuracy 62.835105
Epoch 5 | Batch 2800/4225 | Loss 2.937004 | Accuracy 62.844743
Epoch 5 | Batch 2850/4225 | Loss 2.936986 | Accuracy 62.852946
Epoch 5 | Batch 2900/4225 | Loss 2.936817 | Accuracy 62.864099
Epoch 5 | Batch 2950/4225 | Loss 2.937184 | Accuracy 62.812394
Epoch 5 | Batch 3000/4225 | Loss 2.937261 | Accuracy 62.823850
Epoch 5 | Batch 3050/4225 | Loss 2.937258 | Accuracy 62.816495
Epoch 5 | Batch 3100/4225 | Loss 2.937229 | Accuracy 62.819453
Epoch 5 | Batch 3150/4225 | Loss 2.937092 | Accuracy 62.852071
Epoch 5 | Batch 3200/4225 | Loss 2.936920 | Accuracy 62.870978
Epoch 5 | Batch 3250/4225 | Loss 2.936781 | Accuracy 62.882575
Epoch 5 | Batch 3300/4225 | Loss 2.936848 | Accuracy 62.875833
Epoch 5 | Batch 3350/4225 | Loss 2.936888 | Accuracy 62.884214
Epoch 5 | Batch 3400/4225 | Loss 2.936861 | Accuracy 62.885916
Epoch 5 | Batch 3450/4225 | Loss 2.936728 | Accuracy 62.907491
Epoch 5 | Batch 3500/4225 | Loss 2.936632 | Accuracy 62.927556
Epoch 5 | Batch 3550/4225 | Loss 2.936383 | Accuracy 62.943537
Epoch 5 | Batch 3600/4225 | Loss 2.936161 | Accuracy 62.966016
Epoch 5 | Batch 3650/4225 | Loss 2.936278 | Accuracy 62.951931
Epoch 5 | Batch 3700/4225 | Loss 2.936274 | Accuracy 62.945825
Epoch 5 | Batch 3750/4225 | Loss 2.935966 | Accuracy 62.981538
Epoch 5 | Batch 3800/4225 | Loss 2.935867 | Accuracy 63.001513
Epoch 5 | Batch 3850/4225 | Loss 2.935624 | Accuracy 63.020969
Epoch 5 | Batch 3900/4225 | Loss 2.935895 | Accuracy 62.983049
Epoch 5 | Batch 3950/4225 | Loss 2.935898 | Accuracy 62.980100
Epoch 5 | Batch 4000/4225 | Loss 2.935876 | Accuracy 62.987378
Epoch 5 | Batch 4050/4225 | Loss 2.935726 | Accuracy 63.003734
Epoch 5 | Batch 4100/4225 | Loss 2.935573 | Accuracy 63.034168
Epoch 5 | Batch 4150/4225 | Loss 2.935562 | Accuracy 63.039780
Epoch 5 | Batch 4200/4225 | Loss 2.935631 | Accuracy 63.034099
Token indices sequence length is longer than the specified maximum sequence length for this model (15150 > 512). Running this sequence through the model will result in indexing errors
Token indices sequence length is longer than the specified maximum sequence length for this model (1195 > 512). Running this sequence through the model will result in indexing errors
Token indices sequence length is longer than the specified maximum sequence length for this model (1195 > 512). Running this sequence through the model will result in indexing errors
Token indices sequence length is longer than the specified maximum sequence length for this model (15150 > 512). Running this sequence through the model will result in indexing errors
Epoch 6 | Batch 0/4225 | Loss 2.925820 | Accuracy 62.500000
Epoch 6 | Batch 50/4225 | Loss 2.948157 | Accuracy 61.458333
Epoch 6 | Batch 100/4225 | Loss 2.947279 | Accuracy 61.293317
Epoch 6 | Batch 150/4225 | Loss 2.941080 | Accuracy 62.168874
Epoch 6 | Batch 200/4225 | Loss 2.939891 | Accuracy 62.204602
Epoch 6 | Batch 250/4225 | Loss 2.942767 | Accuracy 62.151394
Epoch 6 | Batch 300/4225 | Loss 2.940218 | Accuracy 62.500000
Epoch 6 | Batch 350/4225 | Loss 2.940295 | Accuracy 62.419872
Epoch 6 | Batch 400/4225 | Loss 2.938809 | Accuracy 62.609102
Epoch 6 | Batch 450/4225 | Loss 2.936529 | Accuracy 62.881098
Epoch 6 | Batch 500/4225 | Loss 2.935723 | Accuracy 63.042665
Epoch 6 | Batch 550/4225 | Loss 2.935615 | Accuracy 62.970735
Epoch 6 | Batch 600/4225 | Loss 2.936312 | Accuracy 62.926373
Epoch 6 | Batch 650/4225 | Loss 2.936425 | Accuracy 62.956029
Epoch 6 | Batch 700/4225 | Loss 2.936926 | Accuracy 62.870007
Epoch 6 | Batch 750/4225 | Loss 2.937412 | Accuracy 62.753828
Epoch 6 | Batch 800/4225 | Loss 2.936937 | Accuracy 62.792603
Epoch 6 | Batch 850/4225 | Loss 2.937249 | Accuracy 62.775411
Epoch 6 | Batch 900/4225 | Loss 2.937157 | Accuracy 62.839900
Epoch 6 | Batch 950/4225 | Loss 2.937460 | Accuracy 62.805599
Epoch 6 | Batch 1000/4225 | Loss 2.937476 | Accuracy 62.815310
Epoch 6 | Batch 1050/4225 | Loss 2.937042 | Accuracy 62.874643
Epoch 6 | Batch 1100/4225 | Loss 2.937019 | Accuracy 62.843438
Epoch 6 | Batch 1150/4225 | Loss 2.936740 | Accuracy 62.847524
Epoch 6 | Batch 1200/4225 | Loss 2.936829 | Accuracy 62.838260
Epoch 6 | Batch 1250/4225 | Loss 2.937067 | Accuracy 62.804756
Epoch 6 | Batch 1300/4225 | Loss 2.936359 | Accuracy 62.922752
Epoch 6 | Batch 1350/4225 | Loss 2.936369 | Accuracy 62.941802
Epoch 6 | Batch 1400/4225 | Loss 2.936080 | Accuracy 62.955032
Epoch 6 | Batch 1450/4225 | Loss 2.936211 | Accuracy 62.922123
Epoch 6 | Batch 1500/4225 | Loss 2.936062 | Accuracy 62.939290
Epoch 6 | Batch 1550/4225 | Loss 2.935457 | Accuracy 62.975500
Epoch 6 | Batch 1600/4225 | Loss 2.935800 | Accuracy 62.962601
Epoch 6 | Batch 1650/4225 | Loss 2.935664 | Accuracy 62.990233
Epoch 6 | Batch 1700/4225 | Loss 2.935728 | Accuracy 62.979497
Epoch 6 | Batch 1750/4225 | Loss 2.935429 | Accuracy 63.053255
Epoch 6 | Batch 1800/4225 | Loss 2.935633 | Accuracy 63.024014
Epoch 6 | Batch 1850/4225 | Loss 2.935621 | Accuracy 63.011548
Epoch 6 | Batch 1900/4225 | Loss 2.935308 | Accuracy 63.044122
Epoch 6 | Batch 1950/4225 | Loss 2.935339 | Accuracy 63.033380
Epoch 6 | Batch 2000/4225 | Loss 2.934914 | Accuracy 63.087206
Epoch 6 | Batch 2050/4225 | Loss 2.935113 | Accuracy 63.051560
Epoch 6 | Batch 2100/4225 | Loss 2.934856 | Accuracy 63.065207
Epoch 6 | Batch 2150/4225 | Loss 2.934950 | Accuracy 63.038993
Epoch 6 | Batch 2200/4225 | Loss 2.934885 | Accuracy 63.055145
Epoch 6 | Batch 2250/4225 | Loss 2.934867 | Accuracy 63.058085
Epoch 6 | Batch 2300/4225 | Loss 2.934862 | Accuracy 63.054107
Epoch 6 | Batch 2350/4225 | Loss 2.934910 | Accuracy 63.051627
Epoch 6 | Batch 2400/4225 | Loss 2.934613 | Accuracy 63.109121
Epoch 6 | Batch 2450/4225 | Loss 2.934535 | Accuracy 63.120920
Epoch 6 | Batch 2500/4225 | Loss 2.934495 | Accuracy 63.147241
Epoch 6 | Batch 2550/4225 | Loss 2.934435 | Accuracy 63.163955
Epoch 6 | Batch 2600/4225 | Loss 2.934546 | Accuracy 63.139177
Epoch 6 | Batch 2650/4225 | Loss 2.934612 | Accuracy 63.111797
Epoch 6 | Batch 2700/4225 | Loss 2.934632 | Accuracy 63.109728
Epoch 6 | Batch 2750/4225 | Loss 2.934425 | Accuracy 63.145220
Epoch 6 | Batch 2800/4225 | Loss 2.934363 | Accuracy 63.149322
Epoch 6 | Batch 2850/4225 | Loss 2.934419 | Accuracy 63.146703
Epoch 6 | Batch 2900/4225 | Loss 2.934418 | Accuracy 63.137711
Epoch 6 | Batch 2950/4225 | Loss 2.934362 | Accuracy 63.147026
Epoch 6 | Batch 3000/4225 | Loss 2.934547 | Accuracy 63.126874
Epoch 6 | Batch 3050/4225 | Loss 2.934455 | Accuracy 63.161668
Epoch 6 | Batch 3100/4225 | Loss 2.934611 | Accuracy 63.151000
Epoch 6 | Batch 3150/4225 | Loss 2.934769 | Accuracy 63.127777
Epoch 6 | Batch 3200/4225 | Loss 2.934896 | Accuracy 63.097470
Epoch 6 | Batch 3250/4225 | Loss 2.934932 | Accuracy 63.082513
Epoch 6 | Batch 3300/4225 | Loss 2.935021 | Accuracy 63.068010
Epoch 6 | Batch 3350/4225 | Loss 2.935163 | Accuracy 63.040883
Epoch 6 | Batch 3400/4225 | Loss 2.935169 | Accuracy 63.041201
Epoch 6 | Batch 3450/4225 | Loss 2.935180 | Accuracy 63.041510
Epoch 6 | Batch 3500/4225 | Loss 2.935208 | Accuracy 63.041809
Epoch 6 | Batch 3550/4225 | Loss 2.934991 | Accuracy 63.064982
Epoch 6 | Batch 3600/4225 | Loss 2.934933 | Accuracy 63.069286
Epoch 6 | Batch 3650/4225 | Loss 2.935124 | Accuracy 63.050363
Epoch 6 | Batch 3700/4225 | Loss 2.935106 | Accuracy 63.055593
Epoch 6 | Batch 3750/4225 | Loss 2.935050 | Accuracy 63.059851
Epoch 6 | Batch 3800/4225 | Loss 2.934966 | Accuracy 63.068929
Epoch 6 | Batch 3850/4225 | Loss 2.935017 | Accuracy 63.069657
Epoch 6 | Batch 3900/4225 | Loss 2.935114 | Accuracy 63.063157
Epoch 6 | Batch 3950/4225 | Loss 2.935106 | Accuracy 63.062358
Epoch 6 | Batch 4000/4225 | Loss 2.935465 | Accuracy 63.006905
Epoch 6 | Batch 4050/4225 | Loss 2.935424 | Accuracy 63.006819
Epoch 6 | Batch 4100/4225 | Loss 2.935445 | Accuracy 62.999116
Epoch 6 | Batch 4150/4225 | Loss 2.935646 | Accuracy 62.983317
Epoch 6 | Batch 4200/4225 | Loss 2.935675 | Accuracy 62.976077
Token indices sequence length is longer than the specified maximum sequence length for this model (1195 > 512). Running this sequence through the model will result in indexing errors
Token indices sequence length is longer than the specified maximum sequence length for this model (15150 > 512). Running this sequence through the model will result in indexing errors
Token indices sequence length is longer than the specified maximum sequence length for this model (15150 > 512). Running this sequence through the model will result in indexing errors
Token indices sequence length is longer than the specified maximum sequence length for this model (1195 > 512). Running this sequence through the model will result in indexing errors
Epoch 7 | Batch 0/4225 | Loss 2.907562 | Accuracy 71.875000
Epoch 7 | Batch 50/4225 | Loss 2.934023 | Accuracy 63.235294
Epoch 7 | Batch 100/4225 | Loss 2.940648 | Accuracy 62.221535
Epoch 7 | Batch 150/4225 | Loss 2.935779 | Accuracy 63.389901
Epoch 7 | Batch 200/4225 | Loss 2.934026 | Accuracy 63.666045
Epoch 7 | Batch 250/4225 | Loss 2.934588 | Accuracy 63.334163
Epoch 7 | Batch 300/4225 | Loss 2.936396 | Accuracy 63.226744
Epoch 7 | Batch 350/4225 | Loss 2.935466 | Accuracy 63.354701
Epoch 7 | Batch 400/4225 | Loss 2.934430 | Accuracy 63.287095
Epoch 7 | Batch 450/4225 | Loss 2.934574 | Accuracy 63.310698
Epoch 7 | Batch 500/4225 | Loss 2.934130 | Accuracy 63.367016
Epoch 7 | Batch 550/4225 | Loss 2.934814 | Accuracy 63.259982
Epoch 7 | Batch 600/4225 | Loss 2.935022 | Accuracy 63.149958
Epoch 7 | Batch 650/4225 | Loss 2.935340 | Accuracy 63.004032
Epoch 7 | Batch 700/4225 | Loss 2.934211 | Accuracy 63.075071
Epoch 7 | Batch 750/4225 | Loss 2.934561 | Accuracy 62.991012
Epoch 7 | Batch 800/4225 | Loss 2.934312 | Accuracy 63.042291
Epoch 7 | Batch 850/4225 | Loss 2.934887 | Accuracy 62.959019
Epoch 7 | Batch 900/4225 | Loss 2.935403 | Accuracy 62.884989
Epoch 7 | Batch 950/4225 | Loss 2.935441 | Accuracy 62.914038
Epoch 7 | Batch 1000/4225 | Loss 2.935730 | Accuracy 62.880869
Epoch 7 | Batch 1050/4225 | Loss 2.935123 | Accuracy 62.969791
Epoch 7 | Batch 1100/4225 | Loss 2.934813 | Accuracy 62.993869
Epoch 7 | Batch 1150/4225 | Loss 2.934875 | Accuracy 63.007711
Epoch 7 | Batch 1200/4225 | Loss 2.934402 | Accuracy 63.082848
Epoch 7 | Batch 1250/4225 | Loss 2.934584 | Accuracy 63.099520
Epoch 7 | Batch 1300/4225 | Loss 2.935580 | Accuracy 63.018832
Epoch 7 | Batch 1350/4225 | Loss 2.936084 | Accuracy 62.976499
Epoch 7 | Batch 1400/4225 | Loss 2.935877 | Accuracy 62.981799
Epoch 7 | Batch 1450/4225 | Loss 2.936034 | Accuracy 62.952274
Epoch 7 | Batch 1500/4225 | Loss 2.935560 | Accuracy 63.032978
Epoch 7 | Batch 1550/4225 | Loss 2.935814 | Accuracy 63.025870
Epoch 7 | Batch 1600/4225 | Loss 2.935606 | Accuracy 63.027014
Epoch 7 | Batch 1650/4225 | Loss 2.935810 | Accuracy 62.995912
Epoch 7 | Batch 1700/4225 | Loss 2.935871 | Accuracy 62.979497
Epoch 7 | Batch 1750/4225 | Loss 2.935880 | Accuracy 63.001499
Epoch 7 | Batch 1800/4225 | Loss 2.935360 | Accuracy 63.065658
Epoch 7 | Batch 1850/4225 | Loss 2.935151 | Accuracy 63.097650
Epoch 7 | Batch 1900/4225 | Loss 2.935344 | Accuracy 63.065492
Epoch 7 | Batch 1950/4225 | Loss 2.935641 | Accuracy 63.042991
Epoch 7 | Batch 2000/4225 | Loss 2.935980 | Accuracy 63.018491
Epoch 7 | Batch 2050/4225 | Loss 2.936043 | Accuracy 63.025658
Epoch 7 | Batch 2100/4225 | Loss 2.935752 | Accuracy 63.063720
Epoch 7 | Batch 2150/4225 | Loss 2.935686 | Accuracy 63.070955
Epoch 7 | Batch 2200/4225 | Loss 2.935423 | Accuracy 63.093480
Epoch 7 | Batch 2250/4225 | Loss 2.935427 | Accuracy 63.087239
Epoch 7 | Batch 2300/4225 | Loss 2.935524 | Accuracy 63.079911
Epoch 7 | Batch 2350/4225 | Loss 2.935364 | Accuracy 63.100808
Epoch 7 | Batch 2400/4225 | Loss 2.935060 | Accuracy 63.137755
Epoch 7 | Batch 2450/4225 | Loss 2.934864 | Accuracy 63.154070
Epoch 7 | Batch 2500/4225 | Loss 2.934870 | Accuracy 63.133497
Epoch 7 | Batch 2550/4225 | Loss 2.934954 | Accuracy 63.127205
Epoch 7 | Batch 2600/4225 | Loss 2.934967 | Accuracy 63.121155
Epoch 7 | Batch 2650/4225 | Loss 2.935067 | Accuracy 63.107082
Epoch 7 | Batch 2700/4225 | Loss 2.935367 | Accuracy 63.050722
Epoch 7 | Batch 2750/4225 | Loss 2.935603 | Accuracy 63.010042
Epoch 7 | Batch 2800/4225 | Loss 2.935736 | Accuracy 62.998706
Epoch 7 | Batch 2850/4225 | Loss 2.935656 | Accuracy 63.027227
Epoch 7 | Batch 2900/4225 | Loss 2.935864 | Accuracy 62.993364
Epoch 7 | Batch 2950/4225 | Loss 2.935707 | Accuracy 63.011479
Epoch 7 | Batch 3000/4225 | Loss 2.935812 | Accuracy 63.007123
Epoch 7 | Batch 3050/4225 | Loss 2.935678 | Accuracy 63.024418
Epoch 7 | Batch 3100/4225 | Loss 2.935707 | Accuracy 63.029063
Epoch 7 | Batch 3150/4225 | Loss 2.935472 | Accuracy 63.069264
Epoch 7 | Batch 3200/4225 | Loss 2.935351 | Accuracy 63.066229
Epoch 7 | Batch 3250/4225 | Loss 2.935359 | Accuracy 63.053676
Epoch 7 | Batch 3300/4225 | Loss 2.935654 | Accuracy 63.017836
Epoch 7 | Batch 3350/4225 | Loss 2.935534 | Accuracy 63.029693
Epoch 7 | Batch 3400/4225 | Loss 2.935554 | Accuracy 63.032013
Epoch 7 | Batch 3450/4225 | Loss 2.935746 | Accuracy 63.021588
Epoch 7 | Batch 3500/4225 | Loss 2.935817 | Accuracy 63.015924
Epoch 7 | Batch 3550/4225 | Loss 2.935777 | Accuracy 63.019220
Epoch 7 | Batch 3600/4225 | Loss 2.935818 | Accuracy 63.021557
Epoch 7 | Batch 3650/4225 | Loss 2.935755 | Accuracy 63.021261
Epoch 7 | Batch 3700/4225 | Loss 2.935842 | Accuracy 63.025196
Epoch 7 | Batch 3750/4225 | Loss 2.935890 | Accuracy 63.019028
Epoch 7 | Batch 3800/4225 | Loss 2.935880 | Accuracy 63.011379
Epoch 7 | Batch 3850/4225 | Loss 2.935865 | Accuracy 63.012042
Epoch 7 | Batch 3900/4225 | Loss 2.935758 | Accuracy 63.027108
Epoch 7 | Batch 3950/4225 | Loss 2.935807 | Accuracy 63.020438
Epoch 7 | Batch 4000/4225 | Loss 2.935856 | Accuracy 62.999875
Epoch 7 | Batch 4050/4225 | Loss 2.935835 | Accuracy 63.012991
Epoch 7 | Batch 4100/4225 | Loss 2.935747 | Accuracy 63.016642
Epoch 7 | Batch 4150/4225 | Loss 2.935724 | Accuracy 63.014183
Epoch 7 | Batch 4200/4225 | Loss 2.935574 | Accuracy 63.039306
Token indices sequence length is longer than the specified maximum sequence length for this model (1195 > 512). Running this sequence through the model will result in indexing errors
Token indices sequence length is longer than the specified maximum sequence length for this model (15150 > 512). Running this sequence through the model will result in indexing errors
Token indices sequence length is longer than the specified maximum sequence length for this model (1195 > 512). Running this sequence through the model will result in indexing errors
Token indices sequence length is longer than the specified maximum sequence length for this model (15150 > 512). Running this sequence through the model will result in indexing errors
Epoch 8 | Batch 0/4225 | Loss 2.838787 | Accuracy 71.875000
Epoch 8 | Batch 50/4225 | Loss 2.939281 | Accuracy 63.357843
Epoch 8 | Batch 100/4225 | Loss 2.937511 | Accuracy 62.840347
Epoch 8 | Batch 150/4225 | Loss 2.941263 | Accuracy 62.396523
Epoch 8 | Batch 200/4225 | Loss 2.939686 | Accuracy 62.468905
Epoch 8 | Batch 250/4225 | Loss 2.939122 | Accuracy 62.574701
Epoch 8 | Batch 300/4225 | Loss 2.937593 | Accuracy 62.852990
Epoch 8 | Batch 350/4225 | Loss 2.937468 | Accuracy 62.704772
Epoch 8 | Batch 400/4225 | Loss 2.938391 | Accuracy 62.492207
Epoch 8 | Batch 450/4225 | Loss 2.938578 | Accuracy 62.617794
Epoch 8 | Batch 500/4225 | Loss 2.938469 | Accuracy 62.662176
Epoch 8 | Batch 550/4225 | Loss 2.937436 | Accuracy 62.738203
Epoch 8 | Batch 600/4225 | Loss 2.937437 | Accuracy 62.697587
Epoch 8 | Batch 650/4225 | Loss 2.937043 | Accuracy 62.836022
Epoch 8 | Batch 700/4225 | Loss 2.937193 | Accuracy 62.798680
Epoch 8 | Batch 750/4225 | Loss 2.936251 | Accuracy 62.882823
Epoch 8 | Batch 800/4225 | Loss 2.937217 | Accuracy 62.827715
Epoch 8 | Batch 850/4225 | Loss 2.937073 | Accuracy 62.859871
Epoch 8 | Batch 900/4225 | Loss 2.937436 | Accuracy 62.826027
Epoch 8 | Batch 950/4225 | Loss 2.937491 | Accuracy 62.782597
Epoch 8 | Batch 1000/4225 | Loss 2.937713 | Accuracy 62.752872
Epoch 8 | Batch 1050/4225 | Loss 2.938764 | Accuracy 62.601094
Epoch 8 | Batch 1100/4225 | Loss 2.938871 | Accuracy 62.559605
Epoch 8 | Batch 1150/4225 | Loss 2.938607 | Accuracy 62.557016
Epoch 8 | Batch 1200/4225 | Loss 2.938237 | Accuracy 62.656120
Epoch 8 | Batch 1250/4225 | Loss 2.938515 | Accuracy 62.619904
Epoch 8 | Batch 1300/4225 | Loss 2.937864 | Accuracy 62.699366
Epoch 8 | Batch 1350/4225 | Loss 2.937768 | Accuracy 62.710492
Epoch 8 | Batch 1400/4225 | Loss 2.937788 | Accuracy 62.711902
Epoch 8 | Batch 1450/4225 | Loss 2.937732 | Accuracy 62.749828
Epoch 8 | Batch 1500/4225 | Loss 2.937356 | Accuracy 62.799800
Epoch 8 | Batch 1550/4225 | Loss 2.936924 | Accuracy 62.820358
Epoch 8 | Batch 1600/4225 | Loss 2.936910 | Accuracy 62.831824
Epoch 8 | Batch 1650/4225 | Loss 2.936637 | Accuracy 62.855845
Epoch 8 | Batch 1700/4225 | Loss 2.936066 | Accuracy 62.929894
Epoch 8 | Batch 1750/4225 | Loss 2.935899 | Accuracy 62.953312
Epoch 8 | Batch 1800/4225 | Loss 2.935824 | Accuracy 62.963284
Epoch 8 | Batch 1850/4225 | Loss 2.935843 | Accuracy 62.937264
Epoch 8 | Batch 1900/4225 | Loss 2.935794 | Accuracy 62.920831
Epoch 8 | Batch 1950/4225 | Loss 2.935991 | Accuracy 62.908444
Epoch 8 | Batch 2000/4225 | Loss 2.935997 | Accuracy 62.888868
Epoch 8 | Batch 2050/4225 | Loss 2.935946 | Accuracy 62.880912
Epoch 8 | Batch 2100/4225 | Loss 2.936218 | Accuracy 62.856973
Epoch 8 | Batch 2150/4225 | Loss 2.935788 | Accuracy 62.925674
Epoch 8 | Batch 2200/4225 | Loss 2.936030 | Accuracy 62.881929
Epoch 8 | Batch 2250/4225 | Loss 2.935778 | Accuracy 62.927588
Epoch 8 | Batch 2300/4225 | Loss 2.935673 | Accuracy 62.919654
Epoch 8 | Batch 2350/4225 | Loss 2.935759 | Accuracy 62.922692
Epoch 8 | Batch 2400/4225 | Loss 2.936114 | Accuracy 62.887859
Epoch 8 | Batch 2450/4225 | Loss 2.935827 | Accuracy 62.932222
Epoch 8 | Batch 2500/4225 | Loss 2.935722 | Accuracy 62.953569
Epoch 8 | Batch 2550/4225 | Loss 2.935948 | Accuracy 62.943454
Epoch 8 | Batch 2600/4225 | Loss 2.935927 | Accuracy 62.954152
Epoch 8 | Batch 2650/4225 | Loss 2.935859 | Accuracy 62.942050
Epoch 8 | Batch 2700/4225 | Loss 2.935695 | Accuracy 62.963949
Epoch 8 | Batch 2750/4225 | Loss 2.935523 | Accuracy 62.989595
Epoch 8 | Batch 2800/4225 | Loss 2.935552 | Accuracy 62.980855
Epoch 8 | Batch 2850/4225 | Loss 2.935643 | Accuracy 62.992152
Epoch 8 | Batch 2900/4225 | Loss 2.935781 | Accuracy 62.966434
Epoch 8 | Batch 2950/4225 | Loss 2.935730 | Accuracy 62.995595
Epoch 8 | Batch 3000/4225 | Loss 2.935502 | Accuracy 63.028990
Epoch 8 | Batch 3050/4225 | Loss 2.935281 | Accuracy 63.077679
Epoch 8 | Batch 3100/4225 | Loss 2.935319 | Accuracy 63.072396
Epoch 8 | Batch 3150/4225 | Loss 2.935517 | Accuracy 63.042487
Epoch 8 | Batch 3200/4225 | Loss 2.935221 | Accuracy 63.064277
Epoch 8 | Batch 3250/4225 | Loss 2.935229 | Accuracy 63.060404
Epoch 8 | Batch 3300/4225 | Loss 2.935232 | Accuracy 63.059490
Epoch 8 | Batch 3350/4225 | Loss 2.935305 | Accuracy 63.048344
Epoch 8 | Batch 3400/4225 | Loss 2.935487 | Accuracy 63.033850
Epoch 8 | Batch 3450/4225 | Loss 2.935445 | Accuracy 63.030643
Epoch 8 | Batch 3500/4225 | Loss 2.935583 | Accuracy 63.030206
Epoch 8 | Batch 3550/4225 | Loss 2.935395 | Accuracy 63.045621
Epoch 8 | Batch 3600/4225 | Loss 2.935372 | Accuracy 63.042384
Epoch 8 | Batch 3650/4225 | Loss 2.935443 | Accuracy 63.028965
Epoch 8 | Batch 3700/4225 | Loss 2.935442 | Accuracy 63.037017
Epoch 8 | Batch 3750/4225 | Loss 2.935598 | Accuracy 63.027359
Epoch 8 | Batch 3800/4225 | Loss 2.935612 | Accuracy 63.032755
Epoch 8 | Batch 3850/4225 | Loss 2.935694 | Accuracy 63.018534
Epoch 8 | Batch 3900/4225 | Loss 2.935666 | Accuracy 63.019098
Epoch 8 | Batch 3950/4225 | Loss 2.935695 | Accuracy 63.029138
Epoch 8 | Batch 4000/4225 | Loss 2.935645 | Accuracy 63.038928
Epoch 8 | Batch 4050/4225 | Loss 2.935739 | Accuracy 63.016848
Epoch 8 | Batch 4100/4225 | Loss 2.935812 | Accuracy 63.014356
Epoch 8 | Batch 4150/4225 | Loss 2.935764 | Accuracy 63.014183
Epoch 8 | Batch 4200/4225 | Loss 2.935713 | Accuracy 63.017734
Token indices sequence length is longer than the specified maximum sequence length for this model (15150 > 512). Running this sequence through the model will result in indexing errors
Token indices sequence length is longer than the specified maximum sequence length for this model (15150 > 512). Running this sequence through the model will result in indexing errors
Token indices sequence length is longer than the specified maximum sequence length for this model (1195 > 512). Running this sequence through the model will result in indexing errors
Token indices sequence length is longer than the specified maximum sequence length for this model (1195 > 512). Running this sequence through the model will result in indexing errors
Epoch 9 | Batch 0/4225 | Loss 2.931429 | Accuracy 65.625000
Epoch 9 | Batch 50/4225 | Loss 2.957115 | Accuracy 60.539216
Epoch 9 | Batch 100/4225 | Loss 2.951768 | Accuracy 61.045792
Epoch 9 | Batch 150/4225 | Loss 2.949335 | Accuracy 61.175497
Epoch 9 | Batch 200/4225 | Loss 2.942475 | Accuracy 62.002488
Epoch 9 | Batch 250/4225 | Loss 2.939842 | Accuracy 62.300797
Epoch 9 | Batch 300/4225 | Loss 2.940303 | Accuracy 62.583056
Epoch 9 | Batch 350/4225 | Loss 2.940281 | Accuracy 62.580128
Epoch 9 | Batch 400/4225 | Loss 2.938012 | Accuracy 62.733791
Epoch 9 | Batch 450/4225 | Loss 2.937425 | Accuracy 62.804878
Epoch 9 | Batch 500/4225 | Loss 2.938284 | Accuracy 62.712076
Epoch 9 | Batch 550/4225 | Loss 2.937768 | Accuracy 62.743875
Epoch 9 | Batch 600/4225 | Loss 2.937548 | Accuracy 62.718386
Epoch 9 | Batch 650/4225 | Loss 2.936544 | Accuracy 62.816820
Epoch 9 | Batch 700/4225 | Loss 2.936721 | Accuracy 62.834344
Epoch 9 | Batch 750/4225 | Loss 2.937116 | Accuracy 62.807923
Epoch 9 | Batch 800/4225 | Loss 2.936876 | Accuracy 62.839419
Epoch 9 | Batch 850/4225 | Loss 2.936213 | Accuracy 62.874559
Epoch 9 | Batch 900/4225 | Loss 2.936116 | Accuracy 62.912736
Epoch 9 | Batch 950/4225 | Loss 2.935212 | Accuracy 63.042192
Epoch 9 | Batch 1000/4225 | Loss 2.935271 | Accuracy 63.071304
Epoch 9 | Batch 1050/4225 | Loss 2.934745 | Accuracy 63.088725
Epoch 9 | Batch 1100/4225 | Loss 2.934438 | Accuracy 63.104564
Epoch 9 | Batch 1150/4225 | Loss 2.933595 | Accuracy 63.205908
Epoch 9 | Batch 1200/4225 | Loss 2.933726 | Accuracy 63.194734
Epoch 9 | Batch 1250/4225 | Loss 2.933997 | Accuracy 63.144484
Epoch 9 | Batch 1300/4225 | Loss 2.933772 | Accuracy 63.170158
Epoch 9 | Batch 1350/4225 | Loss 2.934021 | Accuracy 63.117598
Epoch 9 | Batch 1400/4225 | Loss 2.934173 | Accuracy 63.091096
Epoch 9 | Batch 1450/4225 | Loss 2.934259 | Accuracy 63.066420
Epoch 9 | Batch 1500/4225 | Loss 2.934267 | Accuracy 63.035060
Epoch 9 | Batch 1550/4225 | Loss 2.934578 | Accuracy 63.015796
Epoch 9 | Batch 1600/4225 | Loss 2.934221 | Accuracy 63.064101
Epoch 9 | Batch 1650/4225 | Loss 2.933983 | Accuracy 63.092444
Epoch 9 | Batch 1700/4225 | Loss 2.934351 | Accuracy 63.073192
Epoch 9 | Batch 1750/4225 | Loss 2.934297 | Accuracy 63.080026
Epoch 9 | Batch 1800/4225 | Loss 2.933991 | Accuracy 63.121183
Epoch 9 | Batch 1850/4225 | Loss 2.934045 | Accuracy 63.106091
Epoch 9 | Batch 1900/4225 | Loss 2.934401 | Accuracy 63.096725
Epoch 9 | Batch 1950/4225 | Loss 2.934352 | Accuracy 63.119874
Epoch 9 | Batch 2000/4225 | Loss 2.934655 | Accuracy 63.088768
Epoch 9 | Batch 2050/4225 | Loss 2.934539 | Accuracy 63.107935
Epoch 9 | Batch 2100/4225 | Loss 2.934943 | Accuracy 63.062232
Epoch 9 | Batch 2150/4225 | Loss 2.935010 | Accuracy 63.060786
Epoch 9 | Batch 2200/4225 | Loss 2.935318 | Accuracy 63.028169
Epoch 9 | Batch 2250/4225 | Loss 2.935341 | Accuracy 63.035873
Epoch 9 | Batch 2300/4225 | Loss 2.935519 | Accuracy 63.009289
Epoch 9 | Batch 2350/4225 | Loss 2.935448 | Accuracy 63.006433
Epoch 9 | Batch 2400/4225 | Loss 2.935621 | Accuracy 63.002395
Epoch 9 | Batch 2450/4225 | Loss 2.935601 | Accuracy 62.992146
Epoch 9 | Batch 2500/4225 | Loss 2.935478 | Accuracy 63.004798
Epoch 9 | Batch 2550/4225 | Loss 2.935560 | Accuracy 62.990004
Epoch 9 | Batch 2600/4225 | Loss 2.935688 | Accuracy 62.981786
Epoch 9 | Batch 2650/4225 | Loss 2.935743 | Accuracy 62.975057
Epoch 9 | Batch 2700/4225 | Loss 2.935977 | Accuracy 62.960478
Epoch 9 | Batch 2750/4225 | Loss 2.935858 | Accuracy 63.005498
Epoch 9 | Batch 2800/4225 | Loss 2.936048 | Accuracy 62.979739
Epoch 9 | Batch 2850/4225 | Loss 2.935866 | Accuracy 63.022843
Epoch 9 | Batch 2900/4225 | Loss 2.935805 | Accuracy 63.019218
Epoch 9 | Batch 2950/4225 | Loss 2.935571 | Accuracy 63.034776
Epoch 9 | Batch 3000/4225 | Loss 2.935726 | Accuracy 63.022742
Epoch 9 | Batch 3050/4225 | Loss 2.935579 | Accuracy 63.043879
Epoch 9 | Batch 3100/4225 | Loss 2.935511 | Accuracy 63.044179
Epoch 9 | Batch 3150/4225 | Loss 2.935363 | Accuracy 63.054387
Epoch 9 | Batch 3200/4225 | Loss 2.935344 | Accuracy 63.048657
Epoch 9 | Batch 3250/4225 | Loss 2.935413 | Accuracy 63.015226
Epoch 9 | Batch 3300/4225 | Loss 2.935620 | Accuracy 62.997008
Epoch 9 | Batch 3350/4225 | Loss 2.935775 | Accuracy 62.968144
Epoch 9 | Batch 3400/4225 | Loss 2.935638 | Accuracy 62.981476
Epoch 9 | Batch 3450/4225 | Loss 2.935656 | Accuracy 62.968161
Epoch 9 | Batch 3500/4225 | Loss 2.935662 | Accuracy 62.973972
Epoch 9 | Batch 3550/4225 | Loss 2.935809 | Accuracy 62.959378
Epoch 9 | Batch 3600/4225 | Loss 2.935790 | Accuracy 62.972091
Epoch 9 | Batch 3650/4225 | Loss 2.935692 | Accuracy 62.999007
Epoch 9 | Batch 3700/4225 | Loss 2.935772 | Accuracy 62.984666
Epoch 9 | Batch 3750/4225 | Loss 2.935822 | Accuracy 62.969042
Epoch 9 | Batch 3800/4225 | Loss 2.935750 | Accuracy 62.965338
Epoch 9 | Batch 3850/4225 | Loss 2.935688 | Accuracy 62.977960
Epoch 9 | Batch 3900/4225 | Loss 2.935581 | Accuracy 62.998270
Epoch 9 | Batch 3950/4225 | Loss 2.935519 | Accuracy 63.010156
Epoch 9 | Batch 4000/4225 | Loss 2.935396 | Accuracy 63.018620
Epoch 9 | Batch 4050/4225 | Loss 2.935677 | Accuracy 62.972877
Epoch 9 | Batch 4100/4225 | Loss 2.935638 | Accuracy 62.973208
Epoch 9 | Batch 4150/4225 | Loss 2.935759 | Accuracy 62.959980
Epoch 9 | Batch 4200/4225 | Loss 2.935557 | Accuracy 62.993186
