Data file :  /home/cs17btech11044/data_mining/data-mining/data/main_data_splits/train.json
checkpoints dir :  /home/cs17btech11044/data_mining/data-mining/nyt/bert-base-uncased_trainmixup_2.00
Token indices sequence length is longer than the specified maximum sequence length for this model (1195 > 512). Running this sequence through the model will result in indexing errors
Token indices sequence length is longer than the specified maximum sequence length for this model (15150 > 512). Running this sequence through the model will result in indexing errors
Token indices sequence length is longer than the specified maximum sequence length for this model (1195 > 512). Running this sequence through the model will result in indexing errors
Token indices sequence length is longer than the specified maximum sequence length for this model (15150 > 512). Running this sequence through the model will result in indexing errors
Epoch 0 | Batch 0/4225 | Loss 3.992940 | Accuracy 0.000000
Epoch 0 | Batch 50/4225 | Loss 3.452833 | Accuracy 48.958333
Epoch 0 | Batch 100/4225 | Loss 3.370829 | Accuracy 49.628713
Epoch 0 | Batch 150/4225 | Loss 3.317792 | Accuracy 49.379139
Epoch 0 | Batch 200/4225 | Loss 3.267108 | Accuracy 50.171020
Epoch 0 | Batch 250/4225 | Loss 3.228659 | Accuracy 51.344622
Epoch 0 | Batch 300/4225 | Loss 3.194124 | Accuracy 52.522841
Epoch 0 | Batch 350/4225 | Loss 3.165616 | Accuracy 53.570157
Epoch 0 | Batch 400/4225 | Loss 3.143828 | Accuracy 54.496571
Epoch 0 | Batch 450/4225 | Loss 3.124687 | Accuracy 55.210643
Epoch 0 | Batch 500/4225 | Loss 3.108228 | Accuracy 55.906936
Epoch 0 | Batch 550/4225 | Loss 3.095805 | Accuracy 56.397459
Epoch 0 | Batch 600/4225 | Loss 3.086295 | Accuracy 56.785566
Epoch 0 | Batch 650/4225 | Loss 3.077142 | Accuracy 57.253264
Epoch 0 | Batch 700/4225 | Loss 3.069033 | Accuracy 57.600749
Epoch 0 | Batch 750/4225 | Loss 3.063200 | Accuracy 57.785453
Epoch 0 | Batch 800/4225 | Loss 3.057748 | Accuracy 58.064139
Epoch 0 | Batch 850/4225 | Loss 3.053655 | Accuracy 58.115452
Epoch 0 | Batch 900/4225 | Loss 3.050321 | Accuracy 58.199223
Epoch 0 | Batch 950/4225 | Loss 3.046471 | Accuracy 58.428628
Epoch 0 | Batch 1000/4225 | Loss 3.042939 | Accuracy 58.553946
Epoch 0 | Batch 1050/4225 | Loss 3.040158 | Accuracy 58.658421
Epoch 0 | Batch 1100/4225 | Loss 3.037161 | Accuracy 58.798819
Epoch 0 | Batch 1150/4225 | Loss 3.034374 | Accuracy 58.962315
Epoch 0 | Batch 1200/4225 | Loss 3.032632 | Accuracy 59.002914
Epoch 0 | Batch 1250/4225 | Loss 3.030777 | Accuracy 59.055256
Epoch 0 | Batch 1300/4225 | Loss 3.029060 | Accuracy 59.077152
Epoch 0 | Batch 1350/4225 | Loss 3.027175 | Accuracy 59.134437
Epoch 0 | Batch 1400/4225 | Loss 3.025026 | Accuracy 59.238936
Epoch 0 | Batch 1450/4225 | Loss 3.023396 | Accuracy 59.297467
Epoch 0 | Batch 1500/4225 | Loss 3.022192 | Accuracy 59.354181
Epoch 0 | Batch 1550/4225 | Loss 3.020362 | Accuracy 59.441489
Epoch 0 | Batch 1600/4225 | Loss 3.019054 | Accuracy 59.478451
Epoch 0 | Batch 1650/4225 | Loss 3.018071 | Accuracy 59.513174
Epoch 0 | Batch 1700/4225 | Loss 3.016549 | Accuracy 59.613830
Epoch 0 | Batch 1750/4225 | Loss 3.015223 | Accuracy 59.687322
Epoch 0 | Batch 1800/4225 | Loss 3.014365 | Accuracy 59.706413
Epoch 0 | Batch 1850/4225 | Loss 3.013445 | Accuracy 59.732915
Epoch 0 | Batch 1900/4225 | Loss 3.012297 | Accuracy 59.813914
Epoch 0 | Batch 1950/4225 | Loss 3.011369 | Accuracy 59.876345
Epoch 0 | Batch 2000/4225 | Loss 3.010199 | Accuracy 59.952836
Epoch 0 | Batch 2050/4225 | Loss 3.009330 | Accuracy 59.975317
Epoch 0 | Batch 2100/4225 | Loss 3.008523 | Accuracy 60.010114
Epoch 0 | Batch 2150/4225 | Loss 3.007905 | Accuracy 60.012785
Epoch 0 | Batch 2200/4225 | Loss 3.007146 | Accuracy 60.055089
Epoch 0 | Batch 2250/4225 | Loss 3.006751 | Accuracy 60.066359
Epoch 0 | Batch 2300/4225 | Loss 3.005970 | Accuracy 60.111093
Epoch 0 | Batch 2350/4225 | Loss 3.005323 | Accuracy 60.153924
Epoch 0 | Batch 2400/4225 | Loss 3.004909 | Accuracy 60.166337
Epoch 0 | Batch 2450/4225 | Loss 3.004249 | Accuracy 60.180794
Epoch 0 | Batch 2500/4225 | Loss 3.003759 | Accuracy 60.193423
Epoch 0 | Batch 2550/4225 | Loss 3.003331 | Accuracy 60.188407
Epoch 0 | Batch 2600/4225 | Loss 3.002689 | Accuracy 60.218426
Epoch 0 | Batch 2650/4225 | Loss 3.002229 | Accuracy 60.234346
Epoch 0 | Batch 2700/4225 | Loss 3.001732 | Accuracy 60.254304
Epoch 0 | Batch 2750/4225 | Loss 3.001281 | Accuracy 60.253090
Epoch 0 | Batch 2800/4225 | Loss 3.000970 | Accuracy 60.236300
Epoch 0 | Batch 2850/4225 | Loss 3.000507 | Accuracy 60.269423
Epoch 0 | Batch 2900/4225 | Loss 3.000194 | Accuracy 60.296019
Epoch 0 | Batch 2950/4225 | Loss 2.999789 | Accuracy 60.329126
Epoch 0 | Batch 3000/4225 | Loss 2.999567 | Accuracy 60.339262
Epoch 0 | Batch 3050/4225 | Loss 2.999374 | Accuracy 60.325508
Epoch 0 | Batch 3100/4225 | Loss 2.999025 | Accuracy 60.349484
Epoch 0 | Batch 3150/4225 | Loss 2.998526 | Accuracy 60.378650
Epoch 0 | Batch 3200/4225 | Loss 2.997900 | Accuracy 60.422524
Epoch 0 | Batch 3250/4225 | Loss 2.997230 | Accuracy 60.464088
Epoch 0 | Batch 3300/4225 | Loss 2.996976 | Accuracy 60.461792
Epoch 0 | Batch 3350/4225 | Loss 2.996791 | Accuracy 60.453969
Epoch 0 | Batch 3400/4225 | Loss 2.996452 | Accuracy 60.464753
Epoch 0 | Batch 3450/4225 | Loss 2.996130 | Accuracy 60.460736
Epoch 0 | Batch 3500/4225 | Loss 2.995938 | Accuracy 60.469330
Epoch 0 | Batch 3550/4225 | Loss 2.995778 | Accuracy 60.460082
Epoch 0 | Batch 3600/4225 | Loss 2.995220 | Accuracy 60.510101
Epoch 0 | Batch 3650/4225 | Loss 2.995224 | Accuracy 60.495412
Epoch 0 | Batch 3700/4225 | Loss 2.994900 | Accuracy 60.527560
Epoch 0 | Batch 3750/4225 | Loss 2.994512 | Accuracy 60.558018
Epoch 0 | Batch 3800/4225 | Loss 2.994077 | Accuracy 60.594252
Epoch 0 | Batch 3850/4225 | Loss 2.993795 | Accuracy 60.616561
Epoch 0 | Batch 3900/4225 | Loss 2.993656 | Accuracy 60.612663
Epoch 0 | Batch 3950/4225 | Loss 2.993475 | Accuracy 60.614401
Epoch 0 | Batch 4000/4225 | Loss 2.993243 | Accuracy 60.637966
Epoch 0 | Batch 4050/4225 | Loss 2.992984 | Accuracy 60.647834
Epoch 0 | Batch 4100/4225 | Loss 2.992676 | Accuracy 60.665844
Epoch 0 | Batch 4150/4225 | Loss 2.992374 | Accuracy 60.687937
Epoch 0 | Batch 4200/4225 | Loss 2.992072 | Accuracy 60.708016
Token indices sequence length is longer than the specified maximum sequence length for this model (1195 > 512). Running this sequence through the model will result in indexing errors
Token indices sequence length is longer than the specified maximum sequence length for this model (15150 > 512). Running this sequence through the model will result in indexing errors
Token indices sequence length is longer than the specified maximum sequence length for this model (1195 > 512). Running this sequence through the model will result in indexing errors
Token indices sequence length is longer than the specified maximum sequence length for this model (15150 > 512). Running this sequence through the model will result in indexing errors
Epoch 1 | Batch 0/4225 | Loss 2.934653 | Accuracy 68.750000
Epoch 1 | Batch 50/4225 | Loss 2.983884 | Accuracy 61.029412
Epoch 1 | Batch 100/4225 | Loss 2.984360 | Accuracy 60.519802
Epoch 1 | Batch 150/4225 | Loss 2.981805 | Accuracy 60.596026
Epoch 1 | Batch 200/4225 | Loss 2.980690 | Accuracy 61.038557
Epoch 1 | Batch 250/4225 | Loss 2.978373 | Accuracy 61.304781
Epoch 1 | Batch 300/4225 | Loss 2.976871 | Accuracy 61.399502
Epoch 1 | Batch 350/4225 | Loss 2.974716 | Accuracy 61.930199
Epoch 1 | Batch 400/4225 | Loss 2.976419 | Accuracy 61.658354
Epoch 1 | Batch 450/4225 | Loss 2.976213 | Accuracy 61.682373
Epoch 1 | Batch 500/4225 | Loss 2.973444 | Accuracy 61.913673
Epoch 1 | Batch 550/4225 | Loss 2.974804 | Accuracy 61.677632
Epoch 1 | Batch 600/4225 | Loss 2.975531 | Accuracy 61.590058
Epoch 1 | Batch 650/4225 | Loss 2.975633 | Accuracy 61.539939
Epoch 1 | Batch 700/4225 | Loss 2.975324 | Accuracy 61.465763
Epoch 1 | Batch 750/4225 | Loss 2.974313 | Accuracy 61.501332
Epoch 1 | Batch 800/4225 | Loss 2.974369 | Accuracy 61.509051
Epoch 1 | Batch 850/4225 | Loss 2.973471 | Accuracy 61.629700
Epoch 1 | Batch 900/4225 | Loss 2.973899 | Accuracy 61.629440
Epoch 1 | Batch 950/4225 | Loss 2.974642 | Accuracy 61.560200
Epoch 1 | Batch 1000/4225 | Loss 2.974506 | Accuracy 61.560315
Epoch 1 | Batch 1050/4225 | Loss 2.974439 | Accuracy 61.602046
Epoch 1 | Batch 1100/4225 | Loss 2.974171 | Accuracy 61.557675
Epoch 1 | Batch 1150/4225 | Loss 2.974826 | Accuracy 61.451998
Epoch 1 | Batch 1200/4225 | Loss 2.974618 | Accuracy 61.453997
Epoch 1 | Batch 1250/4225 | Loss 2.974026 | Accuracy 61.530775
Epoch 1 | Batch 1300/4225 | Loss 2.974874 | Accuracy 61.450327
Epoch 1 | Batch 1350/4225 | Loss 2.974861 | Accuracy 61.452165
Epoch 1 | Batch 1400/4225 | Loss 2.974958 | Accuracy 61.456103
Epoch 1 | Batch 1450/4225 | Loss 2.974876 | Accuracy 61.449001
Epoch 1 | Batch 1500/4225 | Loss 2.974681 | Accuracy 61.467355
Epoch 1 | Batch 1550/4225 | Loss 2.974756 | Accuracy 61.381770
Epoch 1 | Batch 1600/4225 | Loss 2.974567 | Accuracy 61.424500
Epoch 1 | Batch 1650/4225 | Loss 2.974530 | Accuracy 61.445715
Epoch 1 | Batch 1700/4225 | Loss 2.974996 | Accuracy 61.419753
Epoch 1 | Batch 1750/4225 | Loss 2.974927 | Accuracy 61.430968
Epoch 1 | Batch 1800/4225 | Loss 2.975041 | Accuracy 61.429414
Epoch 1 | Batch 1850/4225 | Loss 2.974946 | Accuracy 61.454957
Epoch 1 | Batch 1900/4225 | Loss 2.975159 | Accuracy 61.433127
Epoch 1 | Batch 1950/4225 | Loss 2.975016 | Accuracy 61.428434
Epoch 1 | Batch 2000/4225 | Loss 2.975111 | Accuracy 61.441154
Epoch 1 | Batch 2050/4225 | Loss 2.974785 | Accuracy 61.483727
Epoch 1 | Batch 2100/4225 | Loss 2.974507 | Accuracy 61.512375
Epoch 1 | Batch 2150/4225 | Loss 2.974422 | Accuracy 61.530974
Epoch 1 | Batch 2200/4225 | Loss 2.974007 | Accuracy 61.581383
Epoch 1 | Batch 2250/4225 | Loss 2.974023 | Accuracy 61.562916
Epoch 1 | Batch 2300/4225 | Loss 2.974144 | Accuracy 61.558833
Epoch 1 | Batch 2350/4225 | Loss 2.974293 | Accuracy 61.521693
Epoch 1 | Batch 2400/4225 | Loss 2.974498 | Accuracy 61.529050
Epoch 1 | Batch 2450/4225 | Loss 2.974520 | Accuracy 61.541208
Epoch 1 | Batch 2500/4225 | Loss 2.974677 | Accuracy 61.516643
Epoch 1 | Batch 2550/4225 | Loss 2.974908 | Accuracy 61.500392
Epoch 1 | Batch 2600/4225 | Loss 2.975245 | Accuracy 61.465542
Epoch 1 | Batch 2650/4225 | Loss 2.975124 | Accuracy 61.483874
Epoch 1 | Batch 2700/4225 | Loss 2.975062 | Accuracy 61.483016
Epoch 1 | Batch 2750/4225 | Loss 2.975126 | Accuracy 61.475373
Epoch 1 | Batch 2800/4225 | Loss 2.974943 | Accuracy 61.514861
Epoch 1 | Batch 2850/4225 | Loss 2.974917 | Accuracy 61.513504
Epoch 1 | Batch 2900/4225 | Loss 2.974747 | Accuracy 61.530507
Epoch 1 | Batch 2950/4225 | Loss 2.974760 | Accuracy 61.536344
Epoch 1 | Batch 3000/4225 | Loss 2.974534 | Accuracy 61.563854
Epoch 1 | Batch 3050/4225 | Loss 2.974405 | Accuracy 61.601729
Epoch 1 | Batch 3100/4225 | Loss 2.974442 | Accuracy 61.584973
Epoch 1 | Batch 3150/4225 | Loss 2.974654 | Accuracy 61.554864
Epoch 1 | Batch 3200/4225 | Loss 2.974496 | Accuracy 61.553030
Epoch 1 | Batch 3250/4225 | Loss 2.974324 | Accuracy 61.594509
Epoch 1 | Batch 3300/4225 | Loss 2.974575 | Accuracy 61.562784
Epoch 1 | Batch 3350/4225 | Loss 2.974463 | Accuracy 61.557184
Epoch 1 | Batch 3400/4225 | Loss 2.974672 | Accuracy 61.548993
Epoch 1 | Batch 3450/4225 | Loss 2.974611 | Accuracy 61.536511
Epoch 1 | Batch 3500/4225 | Loss 2.974621 | Accuracy 61.530634
Epoch 1 | Batch 3550/4225 | Loss 2.974652 | Accuracy 61.539883
Epoch 1 | Batch 3600/4225 | Loss 2.974730 | Accuracy 61.547140
Epoch 1 | Batch 3650/4225 | Loss 2.974888 | Accuracy 61.539647
Epoch 1 | Batch 3700/4225 | Loss 2.975025 | Accuracy 61.518846
Epoch 1 | Batch 3750/4225 | Loss 2.975024 | Accuracy 61.502766
Epoch 1 | Batch 3800/4225 | Loss 2.975018 | Accuracy 61.503552
Epoch 1 | Batch 3850/4225 | Loss 2.974732 | Accuracy 61.550571
Epoch 1 | Batch 3900/4225 | Loss 2.974851 | Accuracy 61.527493
Epoch 1 | Batch 3950/4225 | Loss 2.975068 | Accuracy 61.515281
Epoch 1 | Batch 4000/4225 | Loss 2.975064 | Accuracy 61.508842
Epoch 1 | Batch 4050/4225 | Loss 2.974896 | Accuracy 61.514904
Epoch 1 | Batch 4100/4225 | Loss 2.974909 | Accuracy 61.502530
Epoch 1 | Batch 4150/4225 | Loss 2.974719 | Accuracy 61.525084
Epoch 1 | Batch 4200/4225 | Loss 2.974765 | Accuracy 61.515859
Token indices sequence length is longer than the specified maximum sequence length for this model (1195 > 512). Running this sequence through the model will result in indexing errors
Token indices sequence length is longer than the specified maximum sequence length for this model (15150 > 512). Running this sequence through the model will result in indexing errors
Token indices sequence length is longer than the specified maximum sequence length for this model (15150 > 512). Running this sequence through the model will result in indexing errors
Token indices sequence length is longer than the specified maximum sequence length for this model (1195 > 512). Running this sequence through the model will result in indexing errors
Epoch 2 | Batch 0/4225 | Loss 2.926285 | Accuracy 62.500000
Epoch 2 | Batch 50/4225 | Loss 2.982576 | Accuracy 61.090686
Epoch 2 | Batch 100/4225 | Loss 2.978751 | Accuracy 61.881188
Epoch 2 | Batch 150/4225 | Loss 2.975457 | Accuracy 61.817053
Epoch 2 | Batch 200/4225 | Loss 2.974876 | Accuracy 61.411692
Epoch 2 | Batch 250/4225 | Loss 2.972132 | Accuracy 61.665837
Epoch 2 | Batch 300/4225 | Loss 2.971048 | Accuracy 62.043189
Epoch 2 | Batch 350/4225 | Loss 2.973416 | Accuracy 61.841168
Epoch 2 | Batch 400/4225 | Loss 2.973011 | Accuracy 61.829800
Epoch 2 | Batch 450/4225 | Loss 2.973228 | Accuracy 61.855599
Epoch 2 | Batch 500/4225 | Loss 2.975277 | Accuracy 61.514471
Epoch 2 | Batch 550/4225 | Loss 2.975537 | Accuracy 61.479129
Epoch 2 | Batch 600/4225 | Loss 2.975180 | Accuracy 61.361273
Epoch 2 | Batch 650/4225 | Loss 2.975176 | Accuracy 61.343126
Epoch 2 | Batch 700/4225 | Loss 2.975812 | Accuracy 61.345399
Epoch 2 | Batch 750/4225 | Loss 2.976391 | Accuracy 61.222537
Epoch 2 | Batch 800/4225 | Loss 2.976510 | Accuracy 61.165730
Epoch 2 | Batch 850/4225 | Loss 2.976190 | Accuracy 61.240452
Epoch 2 | Batch 900/4225 | Loss 2.976749 | Accuracy 61.143868
Epoch 2 | Batch 950/4225 | Loss 2.976177 | Accuracy 61.205310
Epoch 2 | Batch 1000/4225 | Loss 2.976963 | Accuracy 61.098277
Epoch 2 | Batch 1050/4225 | Loss 2.976824 | Accuracy 61.034134
Epoch 2 | Batch 1100/4225 | Loss 2.977109 | Accuracy 61.043937
Epoch 2 | Batch 1150/4225 | Loss 2.977441 | Accuracy 61.028454
Epoch 2 | Batch 1200/4225 | Loss 2.977846 | Accuracy 60.980433
Epoch 2 | Batch 1250/4225 | Loss 2.977772 | Accuracy 60.956235
Epoch 2 | Batch 1300/4225 | Loss 2.977285 | Accuracy 61.022771
Epoch 2 | Batch 1350/4225 | Loss 2.976569 | Accuracy 61.095947
Epoch 2 | Batch 1400/4225 | Loss 2.976115 | Accuracy 61.121520
Epoch 2 | Batch 1450/4225 | Loss 2.975949 | Accuracy 61.153946
Epoch 2 | Batch 1500/4225 | Loss 2.975240 | Accuracy 61.257079
Epoch 2 | Batch 1550/4225 | Loss 2.975486 | Accuracy 61.301177
Epoch 2 | Batch 1600/4225 | Loss 2.975300 | Accuracy 61.323001
Epoch 2 | Batch 1650/4225 | Loss 2.975665 | Accuracy 61.275363
Epoch 2 | Batch 1700/4225 | Loss 2.975745 | Accuracy 61.274618
Epoch 2 | Batch 1750/4225 | Loss 2.975409 | Accuracy 61.286408
Epoch 2 | Batch 1800/4225 | Loss 2.975808 | Accuracy 61.252429
Epoch 2 | Batch 1850/4225 | Loss 2.975854 | Accuracy 61.245610
Epoch 2 | Batch 1900/4225 | Loss 2.976136 | Accuracy 61.235863
Epoch 2 | Batch 1950/4225 | Loss 2.975948 | Accuracy 61.265056
Epoch 2 | Batch 2000/4225 | Loss 2.975939 | Accuracy 61.288106
Epoch 2 | Batch 2050/4225 | Loss 2.975908 | Accuracy 61.300890
Epoch 2 | Batch 2100/4225 | Loss 2.975709 | Accuracy 61.347275
Epoch 2 | Batch 2150/4225 | Loss 2.975452 | Accuracy 61.365353
Epoch 2 | Batch 2200/4225 | Loss 2.975724 | Accuracy 61.338596
Epoch 2 | Batch 2250/4225 | Loss 2.975704 | Accuracy 61.374112
Epoch 2 | Batch 2300/4225 | Loss 2.975459 | Accuracy 61.390428
Epoch 2 | Batch 2350/4225 | Loss 2.975097 | Accuracy 61.429977
Epoch 2 | Batch 2400/4225 | Loss 2.974983 | Accuracy 61.439244
Epoch 2 | Batch 2450/4225 | Loss 2.975108 | Accuracy 61.413709
Epoch 2 | Batch 2500/4225 | Loss 2.975121 | Accuracy 61.389194
Epoch 2 | Batch 2550/4225 | Loss 2.975194 | Accuracy 61.413416
Epoch 2 | Batch 2600/4225 | Loss 2.975164 | Accuracy 61.422290
Epoch 2 | Batch 2650/4225 | Loss 2.975228 | Accuracy 61.435543
Epoch 2 | Batch 2700/4225 | Loss 2.975118 | Accuracy 61.433265
Epoch 2 | Batch 2750/4225 | Loss 2.975024 | Accuracy 61.444702
Epoch 2 | Batch 2800/4225 | Loss 2.974994 | Accuracy 61.438995
Epoch 2 | Batch 2850/4225 | Loss 2.974896 | Accuracy 61.445545
Epoch 2 | Batch 2900/4225 | Loss 2.975148 | Accuracy 61.406627
Epoch 2 | Batch 2950/4225 | Loss 2.975231 | Accuracy 61.390207
Epoch 2 | Batch 3000/4225 | Loss 2.975249 | Accuracy 61.400367
Epoch 2 | Batch 3050/4225 | Loss 2.975285 | Accuracy 61.394830
Epoch 2 | Batch 3100/4225 | Loss 2.975301 | Accuracy 61.380401
Epoch 2 | Batch 3150/4225 | Loss 2.975200 | Accuracy 61.409076
Epoch 2 | Batch 3200/4225 | Loss 2.975340 | Accuracy 61.394877
Epoch 2 | Batch 3250/4225 | Loss 2.975531 | Accuracy 61.382075
Epoch 2 | Batch 3300/4225 | Loss 2.975190 | Accuracy 61.407528
Epoch 2 | Batch 3350/4225 | Loss 2.975247 | Accuracy 61.385594
Epoch 2 | Batch 3400/4225 | Loss 2.975054 | Accuracy 61.404734
Epoch 2 | Batch 3450/4225 | Loss 2.975009 | Accuracy 61.421508
Epoch 2 | Batch 3500/4225 | Loss 2.975118 | Accuracy 61.433340
Epoch 2 | Batch 3550/4225 | Loss 2.975055 | Accuracy 61.436919
Epoch 2 | Batch 3600/4225 | Loss 2.975163 | Accuracy 61.428249
Epoch 2 | Batch 3650/4225 | Loss 2.975001 | Accuracy 61.454910
Epoch 2 | Batch 3700/4225 | Loss 2.974850 | Accuracy 61.454674
Epoch 2 | Batch 3750/4225 | Loss 2.974864 | Accuracy 61.464443
Epoch 2 | Batch 3800/4225 | Loss 2.974942 | Accuracy 61.450112
Epoch 2 | Batch 3850/4225 | Loss 2.974909 | Accuracy 61.455628
Epoch 2 | Batch 3900/4225 | Loss 2.975017 | Accuracy 61.446584
Epoch 2 | Batch 3950/4225 | Loss 2.974694 | Accuracy 61.467034
Epoch 2 | Batch 4000/4225 | Loss 2.974671 | Accuracy 61.479943
Epoch 2 | Batch 4050/4225 | Loss 2.974658 | Accuracy 61.485590
Epoch 2 | Batch 4100/4225 | Loss 2.974558 | Accuracy 61.484242
Epoch 2 | Batch 4150/4225 | Loss 2.974736 | Accuracy 61.486690
Epoch 2 | Batch 4200/4225 | Loss 2.974755 | Accuracy 61.484617
Token indices sequence length is longer than the specified maximum sequence length for this model (1195 > 512). Running this sequence through the model will result in indexing errors
Token indices sequence length is longer than the specified maximum sequence length for this model (15150 > 512). Running this sequence through the model will result in indexing errors
Token indices sequence length is longer than the specified maximum sequence length for this model (15150 > 512). Running this sequence through the model will result in indexing errors
Token indices sequence length is longer than the specified maximum sequence length for this model (1195 > 512). Running this sequence through the model will result in indexing errors
Epoch 3 | Batch 0/4225 | Loss 3.116007 | Accuracy 50.000000
Epoch 3 | Batch 50/4225 | Loss 2.977121 | Accuracy 61.642157
Epoch 3 | Batch 100/4225 | Loss 2.968481 | Accuracy 62.685644
Epoch 3 | Batch 150/4225 | Loss 2.969874 | Accuracy 62.500000
Epoch 3 | Batch 200/4225 | Loss 2.972037 | Accuracy 62.344527
Epoch 3 | Batch 250/4225 | Loss 2.973665 | Accuracy 62.001992
Epoch 3 | Batch 300/4225 | Loss 2.972219 | Accuracy 62.126246
Epoch 3 | Batch 350/4225 | Loss 2.972876 | Accuracy 61.814459
Epoch 3 | Batch 400/4225 | Loss 2.973175 | Accuracy 61.806421
Epoch 3 | Batch 450/4225 | Loss 2.972971 | Accuracy 61.751663
Epoch 3 | Batch 500/4225 | Loss 2.973882 | Accuracy 61.689122
Epoch 3 | Batch 550/4225 | Loss 2.972914 | Accuracy 61.779719
Epoch 3 | Batch 600/4225 | Loss 2.973264 | Accuracy 61.782446
Epoch 3 | Batch 650/4225 | Loss 2.973051 | Accuracy 61.823157
Epoch 3 | Batch 700/4225 | Loss 2.973443 | Accuracy 61.844686
Epoch 3 | Batch 750/4225 | Loss 2.973985 | Accuracy 61.834221
Epoch 3 | Batch 800/4225 | Loss 2.974640 | Accuracy 61.750936
Epoch 3 | Batch 850/4225 | Loss 2.974232 | Accuracy 61.787603
Epoch 3 | Batch 900/4225 | Loss 2.974627 | Accuracy 61.778579
Epoch 3 | Batch 950/4225 | Loss 2.975349 | Accuracy 61.708070
Epoch 3 | Batch 1000/4225 | Loss 2.975758 | Accuracy 61.713287
Epoch 3 | Batch 1050/4225 | Loss 2.975989 | Accuracy 61.661513
Epoch 3 | Batch 1100/4225 | Loss 2.975568 | Accuracy 61.685400
Epoch 3 | Batch 1150/4225 | Loss 2.975764 | Accuracy 61.612185
Epoch 3 | Batch 1200/4225 | Loss 2.975673 | Accuracy 61.630933
Epoch 3 | Batch 1250/4225 | Loss 2.976197 | Accuracy 61.550759
Epoch 3 | Batch 1300/4225 | Loss 2.976472 | Accuracy 61.548809
Epoch 3 | Batch 1350/4225 | Loss 2.975745 | Accuracy 61.595577
Epoch 3 | Batch 1400/4225 | Loss 2.975842 | Accuracy 61.601089
Epoch 3 | Batch 1450/4225 | Loss 2.975845 | Accuracy 61.629910
Epoch 3 | Batch 1500/4225 | Loss 2.975596 | Accuracy 61.650566
Epoch 3 | Batch 1550/4225 | Loss 2.975473 | Accuracy 61.641683
Epoch 3 | Batch 1600/4225 | Loss 2.975911 | Accuracy 61.565037
Epoch 3 | Batch 1650/4225 | Loss 2.976122 | Accuracy 61.544140
Epoch 3 | Batch 1700/4225 | Loss 2.975627 | Accuracy 61.574074
Epoch 3 | Batch 1750/4225 | Loss 2.975556 | Accuracy 61.554112
Epoch 3 | Batch 1800/4225 | Loss 2.975424 | Accuracy 61.595988
Epoch 3 | Batch 1850/4225 | Loss 2.975714 | Accuracy 61.578201
Epoch 3 | Batch 1900/4225 | Loss 2.975157 | Accuracy 61.633680
Epoch 3 | Batch 1950/4225 | Loss 2.974957 | Accuracy 61.631855
Epoch 3 | Batch 2000/4225 | Loss 2.974775 | Accuracy 61.626999
Epoch 3 | Batch 2050/4225 | Loss 2.974837 | Accuracy 61.633045
Epoch 3 | Batch 2100/4225 | Loss 2.974927 | Accuracy 61.603106
Epoch 3 | Batch 2150/4225 | Loss 2.974691 | Accuracy 61.632671
Epoch 3 | Batch 2200/4225 | Loss 2.974778 | Accuracy 61.631077
Epoch 3 | Batch 2250/4225 | Loss 2.974870 | Accuracy 61.611506
Epoch 3 | Batch 2300/4225 | Loss 2.974568 | Accuracy 61.660691
Epoch 3 | Batch 2350/4225 | Loss 2.974216 | Accuracy 61.695821
Epoch 3 | Batch 2400/4225 | Loss 2.974215 | Accuracy 61.674823
Epoch 3 | Batch 2450/4225 | Loss 2.974301 | Accuracy 61.671257
Epoch 3 | Batch 2500/4225 | Loss 2.974310 | Accuracy 61.662835
Epoch 3 | Batch 2550/4225 | Loss 2.974640 | Accuracy 61.620443
Epoch 3 | Batch 2600/4225 | Loss 2.974870 | Accuracy 61.602509
Epoch 3 | Batch 2650/4225 | Loss 2.974670 | Accuracy 61.611184
Epoch 3 | Batch 2700/4225 | Loss 2.974603 | Accuracy 61.631109
Epoch 3 | Batch 2750/4225 | Loss 2.974863 | Accuracy 61.591240
Epoch 3 | Batch 2800/4225 | Loss 2.974827 | Accuracy 61.586264
Epoch 3 | Batch 2850/4225 | Loss 2.975000 | Accuracy 61.575982
Epoch 3 | Batch 2900/4225 | Loss 2.974784 | Accuracy 61.611298
Epoch 3 | Batch 2950/4225 | Loss 2.974928 | Accuracy 61.594587
Epoch 3 | Batch 3000/4225 | Loss 2.974997 | Accuracy 61.590928
Epoch 3 | Batch 3050/4225 | Loss 2.975043 | Accuracy 61.595583
Epoch 3 | Batch 3100/4225 | Loss 2.975178 | Accuracy 61.574895
Epoch 3 | Batch 3150/4225 | Loss 2.975125 | Accuracy 61.575690
Epoch 3 | Batch 3200/4225 | Loss 2.975057 | Accuracy 61.581342
Epoch 3 | Batch 3250/4225 | Loss 2.975320 | Accuracy 61.556060
Epoch 3 | Batch 3300/4225 | Loss 2.975159 | Accuracy 61.563731
Epoch 3 | Batch 3350/4225 | Loss 2.975050 | Accuracy 61.558117
Epoch 3 | Batch 3400/4225 | Loss 2.974934 | Accuracy 61.567370
Epoch 3 | Batch 3450/4225 | Loss 2.974912 | Accuracy 61.560961
Epoch 3 | Batch 3500/4225 | Loss 2.974918 | Accuracy 61.544916
Epoch 3 | Batch 3550/4225 | Loss 2.974771 | Accuracy 61.554844
Epoch 3 | Batch 3600/4225 | Loss 2.974601 | Accuracy 61.556686
Epoch 3 | Batch 3650/4225 | Loss 2.974469 | Accuracy 61.560189
Epoch 3 | Batch 3700/4225 | Loss 2.974397 | Accuracy 61.556843
Epoch 3 | Batch 3750/4225 | Loss 2.974514 | Accuracy 61.549420
Epoch 3 | Batch 3800/4225 | Loss 2.974437 | Accuracy 61.571790
Epoch 3 | Batch 3850/4225 | Loss 2.974369 | Accuracy 61.575727
Epoch 3 | Batch 3900/4225 | Loss 2.974503 | Accuracy 61.554730
Epoch 3 | Batch 3950/4225 | Loss 2.974548 | Accuracy 61.539800
Epoch 3 | Batch 4000/4225 | Loss 2.974535 | Accuracy 61.536178
Epoch 3 | Batch 4050/4225 | Loss 2.974548 | Accuracy 61.530332
Epoch 3 | Batch 4100/4225 | Loss 2.974643 | Accuracy 61.529200
Epoch 3 | Batch 4150/4225 | Loss 2.974744 | Accuracy 61.517556
Epoch 3 | Batch 4200/4225 | Loss 2.974724 | Accuracy 61.519579
Token indices sequence length is longer than the specified maximum sequence length for this model (1195 > 512). Running this sequence through the model will result in indexing errors
Token indices sequence length is longer than the specified maximum sequence length for this model (15150 > 512). Running this sequence through the model will result in indexing errors
Token indices sequence length is longer than the specified maximum sequence length for this model (15150 > 512). Running this sequence through the model will result in indexing errors
Token indices sequence length is longer than the specified maximum sequence length for this model (1195 > 512). Running this sequence through the model will result in indexing errors
Epoch 4 | Batch 0/4225 | Loss 2.911103 | Accuracy 71.875000
Epoch 4 | Batch 50/4225 | Loss 2.976282 | Accuracy 62.377451
Epoch 4 | Batch 100/4225 | Loss 2.972889 | Accuracy 62.035891
Epoch 4 | Batch 150/4225 | Loss 2.976949 | Accuracy 61.423841
Epoch 4 | Batch 200/4225 | Loss 2.975118 | Accuracy 61.613806
Epoch 4 | Batch 250/4225 | Loss 2.978039 | Accuracy 61.192729
Epoch 4 | Batch 300/4225 | Loss 2.975391 | Accuracy 61.648671
Epoch 4 | Batch 350/4225 | Loss 2.973741 | Accuracy 61.814459
Epoch 4 | Batch 400/4225 | Loss 2.973731 | Accuracy 61.876559
Epoch 4 | Batch 450/4225 | Loss 2.973933 | Accuracy 61.779379
Epoch 4 | Batch 500/4225 | Loss 2.975129 | Accuracy 61.689122
Epoch 4 | Batch 550/4225 | Loss 2.973347 | Accuracy 61.927178
Epoch 4 | Batch 600/4225 | Loss 2.972668 | Accuracy 61.990433
Epoch 4 | Batch 650/4225 | Loss 2.972600 | Accuracy 61.976767
Epoch 4 | Batch 700/4225 | Loss 2.973495 | Accuracy 61.862518
Epoch 4 | Batch 750/4225 | Loss 2.973781 | Accuracy 61.896638
Epoch 4 | Batch 800/4225 | Loss 2.973796 | Accuracy 61.875780
Epoch 4 | Batch 850/4225 | Loss 2.974226 | Accuracy 61.809636
Epoch 4 | Batch 900/4225 | Loss 2.974564 | Accuracy 61.702275
Epoch 4 | Batch 950/4225 | Loss 2.974405 | Accuracy 61.727787
Epoch 4 | Batch 1000/4225 | Loss 2.974912 | Accuracy 61.672702
Epoch 4 | Batch 1050/4225 | Loss 2.973707 | Accuracy 61.768554
Epoch 4 | Batch 1100/4225 | Loss 2.974094 | Accuracy 61.702430
Epoch 4 | Batch 1150/4225 | Loss 2.974255 | Accuracy 61.671916
Epoch 4 | Batch 1200/4225 | Loss 2.974776 | Accuracy 61.602311
Epoch 4 | Batch 1250/4225 | Loss 2.975345 | Accuracy 61.553257
Epoch 4 | Batch 1300/4225 | Loss 2.975819 | Accuracy 61.510377
Epoch 4 | Batch 1350/4225 | Loss 2.975441 | Accuracy 61.526184
Epoch 4 | Batch 1400/4225 | Loss 2.975532 | Accuracy 61.540864
Epoch 4 | Batch 1450/4225 | Loss 2.975288 | Accuracy 61.537302
Epoch 4 | Batch 1500/4225 | Loss 2.974943 | Accuracy 61.596436
Epoch 4 | Batch 1550/4225 | Loss 2.975002 | Accuracy 61.561090
Epoch 4 | Batch 1600/4225 | Loss 2.975162 | Accuracy 61.508432
Epoch 4 | Batch 1650/4225 | Loss 2.975233 | Accuracy 61.457071
Epoch 4 | Batch 1700/4225 | Loss 2.975249 | Accuracy 61.438125
Epoch 4 | Batch 1750/4225 | Loss 2.974744 | Accuracy 61.495217
Epoch 4 | Batch 1800/4225 | Loss 2.974639 | Accuracy 61.509231
Epoch 4 | Batch 1850/4225 | Loss 2.974568 | Accuracy 61.502229
Epoch 4 | Batch 1900/4225 | Loss 2.974137 | Accuracy 61.572856
Epoch 4 | Batch 1950/4225 | Loss 2.974484 | Accuracy 61.530946
Epoch 4 | Batch 2000/4225 | Loss 2.974551 | Accuracy 61.520802
Epoch 4 | Batch 2050/4225 | Loss 2.974449 | Accuracy 61.498964
Epoch 4 | Batch 2100/4225 | Loss 2.974348 | Accuracy 61.494526
Epoch 4 | Batch 2150/4225 | Loss 2.974260 | Accuracy 61.523710
Epoch 4 | Batch 2200/4225 | Loss 2.974103 | Accuracy 61.528851
Epoch 4 | Batch 2250/4225 | Loss 2.973934 | Accuracy 61.536539
Epoch 4 | Batch 2300/4225 | Loss 2.973689 | Accuracy 61.542536
Epoch 4 | Batch 2350/4225 | Loss 2.974035 | Accuracy 61.520364
Epoch 4 | Batch 2400/4225 | Loss 2.974018 | Accuracy 61.525146
Epoch 4 | Batch 2450/4225 | Loss 2.973921 | Accuracy 61.529733
Epoch 4 | Batch 2500/4225 | Loss 2.973882 | Accuracy 61.514144
Epoch 4 | Batch 2550/4225 | Loss 2.973942 | Accuracy 61.519992
Epoch 4 | Batch 2600/4225 | Loss 2.974111 | Accuracy 61.534025
Epoch 4 | Batch 2650/4225 | Loss 2.973976 | Accuracy 61.562854
Epoch 4 | Batch 2700/4225 | Loss 2.973861 | Accuracy 61.572103
Epoch 4 | Batch 2750/4225 | Loss 2.973621 | Accuracy 61.596919
Epoch 4 | Batch 2800/4225 | Loss 2.973783 | Accuracy 61.592958
Epoch 4 | Batch 2850/4225 | Loss 2.973895 | Accuracy 61.575982
Epoch 4 | Batch 2900/4225 | Loss 2.973901 | Accuracy 61.570364
Epoch 4 | Batch 2950/4225 | Loss 2.974027 | Accuracy 61.549051
Epoch 4 | Batch 3000/4225 | Loss 2.973931 | Accuracy 61.578432
Epoch 4 | Batch 3050/4225 | Loss 2.973903 | Accuracy 61.592511
Epoch 4 | Batch 3100/4225 | Loss 2.974069 | Accuracy 61.574895
Epoch 4 | Batch 3150/4225 | Loss 2.974001 | Accuracy 61.578666
Epoch 4 | Batch 3200/4225 | Loss 2.974135 | Accuracy 61.567674
Epoch 4 | Batch 3250/4225 | Loss 2.974150 | Accuracy 61.558943
Epoch 4 | Batch 3300/4225 | Loss 2.974161 | Accuracy 61.564677
Epoch 4 | Batch 3350/4225 | Loss 2.974366 | Accuracy 61.555319
Epoch 4 | Batch 3400/4225 | Loss 2.974338 | Accuracy 61.558181
Epoch 4 | Batch 3450/4225 | Loss 2.974363 | Accuracy 61.563677
Epoch 4 | Batch 3500/4225 | Loss 2.974417 | Accuracy 61.552057
Epoch 4 | Batch 3550/4225 | Loss 2.974297 | Accuracy 61.550444
Epoch 4 | Batch 3600/4225 | Loss 2.974047 | Accuracy 61.608755
Epoch 4 | Batch 3650/4225 | Loss 2.974139 | Accuracy 61.586723
Epoch 4 | Batch 3700/4225 | Loss 2.974216 | Accuracy 61.572041
Epoch 4 | Batch 3750/4225 | Loss 2.974300 | Accuracy 61.556085
Epoch 4 | Batch 3800/4225 | Loss 2.974243 | Accuracy 61.572612
Epoch 4 | Batch 3850/4225 | Loss 2.974227 | Accuracy 61.577350
Epoch 4 | Batch 3900/4225 | Loss 2.974196 | Accuracy 61.567547
Epoch 4 | Batch 3950/4225 | Loss 2.974302 | Accuracy 61.548500
Epoch 4 | Batch 4000/4225 | Loss 2.974298 | Accuracy 61.547113
Epoch 4 | Batch 4050/4225 | Loss 2.974434 | Accuracy 61.531103
Epoch 4 | Batch 4100/4225 | Loss 2.974458 | Accuracy 61.536820
Epoch 4 | Batch 4150/4225 | Loss 2.974482 | Accuracy 61.518309
Epoch 4 | Batch 4200/4225 | Loss 2.974539 | Accuracy 61.514372
Token indices sequence length is longer than the specified maximum sequence length for this model (15150 > 512). Running this sequence through the model will result in indexing errors
Token indices sequence length is longer than the specified maximum sequence length for this model (1195 > 512). Running this sequence through the model will result in indexing errors
Token indices sequence length is longer than the specified maximum sequence length for this model (15150 > 512). Running this sequence through the model will result in indexing errors
Token indices sequence length is longer than the specified maximum sequence length for this model (1195 > 512). Running this sequence through the model will result in indexing errors
Epoch 5 | Batch 0/4225 | Loss 3.027877 | Accuracy 50.000000
Epoch 5 | Batch 50/4225 | Loss 2.969803 | Accuracy 63.174020
Epoch 5 | Batch 100/4225 | Loss 2.969959 | Accuracy 63.087871
Epoch 5 | Batch 150/4225 | Loss 2.970995 | Accuracy 62.251656
Epoch 5 | Batch 200/4225 | Loss 2.971595 | Accuracy 62.080224
Epoch 5 | Batch 250/4225 | Loss 2.972980 | Accuracy 62.039343
Epoch 5 | Batch 300/4225 | Loss 2.973411 | Accuracy 62.074336
Epoch 5 | Batch 350/4225 | Loss 2.975904 | Accuracy 61.689815
Epoch 5 | Batch 400/4225 | Loss 2.975515 | Accuracy 61.806421
Epoch 5 | Batch 450/4225 | Loss 2.974982 | Accuracy 61.862528
Epoch 5 | Batch 500/4225 | Loss 2.974450 | Accuracy 61.888723
Epoch 5 | Batch 550/4225 | Loss 2.974598 | Accuracy 61.762704
Epoch 5 | Batch 600/4225 | Loss 2.976276 | Accuracy 61.579659
Epoch 5 | Batch 650/4225 | Loss 2.975567 | Accuracy 61.688748
Epoch 5 | Batch 700/4225 | Loss 2.976191 | Accuracy 61.590585
Epoch 5 | Batch 750/4225 | Loss 2.975329 | Accuracy 61.730193
Epoch 5 | Batch 800/4225 | Loss 2.975663 | Accuracy 61.727528
Epoch 5 | Batch 850/4225 | Loss 2.974627 | Accuracy 61.802291
Epoch 5 | Batch 900/4225 | Loss 2.975006 | Accuracy 61.820200
Epoch 5 | Batch 950/4225 | Loss 2.973861 | Accuracy 61.967666
Epoch 5 | Batch 1000/4225 | Loss 2.973638 | Accuracy 62.006743
Epoch 5 | Batch 1050/4225 | Loss 2.973598 | Accuracy 61.991556
Epoch 5 | Batch 1100/4225 | Loss 2.974362 | Accuracy 61.881244
Epoch 5 | Batch 1150/4225 | Loss 2.974714 | Accuracy 61.807667
Epoch 5 | Batch 1200/4225 | Loss 2.974496 | Accuracy 61.766236
Epoch 5 | Batch 1250/4225 | Loss 2.974165 | Accuracy 61.793066
Epoch 5 | Batch 1300/4225 | Loss 2.973712 | Accuracy 61.868274
Epoch 5 | Batch 1350/4225 | Loss 2.973482 | Accuracy 61.843079
Epoch 5 | Batch 1400/4225 | Loss 2.973751 | Accuracy 61.844218
Epoch 5 | Batch 1450/4225 | Loss 2.973574 | Accuracy 61.812974
Epoch 5 | Batch 1500/4225 | Loss 2.973917 | Accuracy 61.771319
Epoch 5 | Batch 1550/4225 | Loss 2.973937 | Accuracy 61.738395
Epoch 5 | Batch 1600/4225 | Loss 2.974381 | Accuracy 61.654825
Epoch 5 | Batch 1650/4225 | Loss 2.973984 | Accuracy 61.667171
Epoch 5 | Batch 1700/4225 | Loss 2.974089 | Accuracy 61.607143
Epoch 5 | Batch 1750/4225 | Loss 2.974187 | Accuracy 61.586236
Epoch 5 | Batch 1800/4225 | Loss 2.974174 | Accuracy 61.576902
Epoch 5 | Batch 1850/4225 | Loss 2.973735 | Accuracy 61.654173
Epoch 5 | Batch 1900/4225 | Loss 2.974128 | Accuracy 61.581076
Epoch 5 | Batch 1950/4225 | Loss 2.973856 | Accuracy 61.622245
Epoch 5 | Batch 2000/4225 | Loss 2.974066 | Accuracy 61.616067
Epoch 5 | Batch 2050/4225 | Loss 2.974586 | Accuracy 61.578194
Epoch 5 | Batch 2100/4225 | Loss 2.974508 | Accuracy 61.580795
Epoch 5 | Batch 2150/4225 | Loss 2.974469 | Accuracy 61.615237
Epoch 5 | Batch 2200/4225 | Loss 2.973998 | Accuracy 61.638176
Epoch 5 | Batch 2250/4225 | Loss 2.973858 | Accuracy 61.662872
Epoch 5 | Batch 2300/4225 | Loss 2.973924 | Accuracy 61.640319
Epoch 5 | Batch 2350/4225 | Loss 2.973645 | Accuracy 61.669236
Epoch 5 | Batch 2400/4225 | Loss 2.974256 | Accuracy 61.629269
Epoch 5 | Batch 2450/4225 | Loss 2.974134 | Accuracy 61.650857
Epoch 5 | Batch 2500/4225 | Loss 2.974303 | Accuracy 61.609106
Epoch 5 | Batch 2550/4225 | Loss 2.974734 | Accuracy 61.557967
Epoch 5 | Batch 2600/4225 | Loss 2.974885 | Accuracy 61.558055
Epoch 5 | Batch 2650/4225 | Loss 2.974755 | Accuracy 61.551066
Epoch 5 | Batch 2700/4225 | Loss 2.974989 | Accuracy 61.539708
Epoch 5 | Batch 2750/4225 | Loss 2.974860 | Accuracy 61.574200
Epoch 5 | Batch 2800/4225 | Loss 2.974940 | Accuracy 61.560603
Epoch 5 | Batch 2850/4225 | Loss 2.974971 | Accuracy 61.550772
Epoch 5 | Batch 2900/4225 | Loss 2.975011 | Accuracy 61.538047
Epoch 5 | Batch 2950/4225 | Loss 2.974994 | Accuracy 61.551169
Epoch 5 | Batch 3000/4225 | Loss 2.974729 | Accuracy 61.562812
Epoch 5 | Batch 3050/4225 | Loss 2.974776 | Accuracy 61.546419
Epoch 5 | Batch 3100/4225 | Loss 2.974683 | Accuracy 61.558771
Epoch 5 | Batch 3150/4225 | Loss 2.974444 | Accuracy 61.574699
Epoch 5 | Batch 3200/4225 | Loss 2.974735 | Accuracy 61.544244
Epoch 5 | Batch 3250/4225 | Loss 2.975067 | Accuracy 61.507998
Epoch 5 | Batch 3300/4225 | Loss 2.975268 | Accuracy 61.459596
Epoch 5 | Batch 3350/4225 | Loss 2.975278 | Accuracy 61.463929
Epoch 5 | Batch 3400/4225 | Loss 2.975119 | Accuracy 61.465378
Epoch 5 | Batch 3450/4225 | Loss 2.974941 | Accuracy 61.488518
Epoch 5 | Batch 3500/4225 | Loss 2.975179 | Accuracy 61.472615
Epoch 5 | Batch 3550/4225 | Loss 2.975229 | Accuracy 61.471240
Epoch 5 | Batch 3600/4225 | Loss 2.975313 | Accuracy 61.472508
Epoch 5 | Batch 3650/4225 | Loss 2.975364 | Accuracy 61.472028
Epoch 5 | Batch 3700/4225 | Loss 2.975417 | Accuracy 61.463118
Epoch 5 | Batch 3750/4225 | Loss 2.975292 | Accuracy 61.461110
Epoch 5 | Batch 3800/4225 | Loss 2.975424 | Accuracy 61.441068
Epoch 5 | Batch 3850/4225 | Loss 2.975401 | Accuracy 61.460497
Epoch 5 | Batch 3900/4225 | Loss 2.975395 | Accuracy 61.456197
Epoch 5 | Batch 3950/4225 | Loss 2.975320 | Accuracy 61.472570
Epoch 5 | Batch 4000/4225 | Loss 2.975302 | Accuracy 61.461978
Epoch 5 | Batch 4050/4225 | Loss 2.975267 | Accuracy 61.461676
Epoch 5 | Batch 4100/4225 | Loss 2.975142 | Accuracy 61.475098
Epoch 5 | Batch 4150/4225 | Loss 2.975122 | Accuracy 61.479914
Epoch 5 | Batch 4200/4225 | Loss 2.975000 | Accuracy 61.489824
Token indices sequence length is longer than the specified maximum sequence length for this model (1195 > 512). Running this sequence through the model will result in indexing errors
Token indices sequence length is longer than the specified maximum sequence length for this model (15150 > 512). Running this sequence through the model will result in indexing errors
Token indices sequence length is longer than the specified maximum sequence length for this model (1195 > 512). Running this sequence through the model will result in indexing errors
Token indices sequence length is longer than the specified maximum sequence length for this model (15150 > 512). Running this sequence through the model will result in indexing errors
Epoch 6 | Batch 0/4225 | Loss 2.989593 | Accuracy 59.375000
Epoch 6 | Batch 50/4225 | Loss 2.958070 | Accuracy 62.806373
Epoch 6 | Batch 100/4225 | Loss 2.961614 | Accuracy 62.964109
Epoch 6 | Batch 150/4225 | Loss 2.959407 | Accuracy 63.058775
Epoch 6 | Batch 200/4225 | Loss 2.962906 | Accuracy 62.779851
Epoch 6 | Batch 250/4225 | Loss 2.966012 | Accuracy 62.537351
Epoch 6 | Batch 300/4225 | Loss 2.966755 | Accuracy 62.448090
Epoch 6 | Batch 350/4225 | Loss 2.968189 | Accuracy 62.206197
Epoch 6 | Batch 400/4225 | Loss 2.968686 | Accuracy 62.063591
Epoch 6 | Batch 450/4225 | Loss 2.968163 | Accuracy 62.181264
Epoch 6 | Batch 500/4225 | Loss 2.968803 | Accuracy 62.107036
Epoch 6 | Batch 550/4225 | Loss 2.967924 | Accuracy 62.244782
Epoch 6 | Batch 600/4225 | Loss 2.968997 | Accuracy 62.084027
Epoch 6 | Batch 650/4225 | Loss 2.970048 | Accuracy 61.928763
Epoch 6 | Batch 700/4225 | Loss 2.970476 | Accuracy 61.871434
Epoch 6 | Batch 750/4225 | Loss 2.970208 | Accuracy 61.954893
Epoch 6 | Batch 800/4225 | Loss 2.970765 | Accuracy 61.926498
Epoch 6 | Batch 850/4225 | Loss 2.970910 | Accuracy 61.945505
Epoch 6 | Batch 900/4225 | Loss 2.971459 | Accuracy 61.917314
Epoch 6 | Batch 950/4225 | Loss 2.972000 | Accuracy 61.849369
Epoch 6 | Batch 1000/4225 | Loss 2.971519 | Accuracy 61.844406
Epoch 6 | Batch 1050/4225 | Loss 2.971855 | Accuracy 61.762607
Epoch 6 | Batch 1100/4225 | Loss 2.971743 | Accuracy 61.832993
Epoch 6 | Batch 1150/4225 | Loss 2.971871 | Accuracy 61.818527
Epoch 6 | Batch 1200/4225 | Loss 2.972342 | Accuracy 61.732410
Epoch 6 | Batch 1250/4225 | Loss 2.972195 | Accuracy 61.748102
Epoch 6 | Batch 1300/4225 | Loss 2.972050 | Accuracy 61.791410
Epoch 6 | Batch 1350/4225 | Loss 2.972597 | Accuracy 61.745929
Epoch 6 | Batch 1400/4225 | Loss 2.972389 | Accuracy 61.763919
Epoch 6 | Batch 1450/4225 | Loss 2.972828 | Accuracy 61.748363
Epoch 6 | Batch 1500/4225 | Loss 2.972877 | Accuracy 61.717189
Epoch 6 | Batch 1550/4225 | Loss 2.972839 | Accuracy 61.708172
Epoch 6 | Batch 1600/4225 | Loss 2.972873 | Accuracy 61.684104
Epoch 6 | Batch 1650/4225 | Loss 2.973065 | Accuracy 61.646351
Epoch 6 | Batch 1700/4225 | Loss 2.972705 | Accuracy 61.715535
Epoch 6 | Batch 1750/4225 | Loss 2.972273 | Accuracy 61.773629
Epoch 6 | Batch 1800/4225 | Loss 2.972130 | Accuracy 61.757357
Epoch 6 | Batch 1850/4225 | Loss 2.972222 | Accuracy 61.765600
Epoch 6 | Batch 1900/4225 | Loss 2.972245 | Accuracy 61.766833
Epoch 6 | Batch 1950/4225 | Loss 2.972211 | Accuracy 61.747181
Epoch 6 | Batch 2000/4225 | Loss 2.972496 | Accuracy 61.708208
Epoch 6 | Batch 2050/4225 | Loss 2.972494 | Accuracy 61.715322
Epoch 6 | Batch 2100/4225 | Loss 2.972739 | Accuracy 61.695324
Epoch 6 | Batch 2150/4225 | Loss 2.972797 | Accuracy 61.703859
Epoch 6 | Batch 2200/4225 | Loss 2.972822 | Accuracy 61.693548
Epoch 6 | Batch 2250/4225 | Loss 2.972557 | Accuracy 61.740615
Epoch 6 | Batch 2300/4225 | Loss 2.972686 | Accuracy 61.725880
Epoch 6 | Batch 2350/4225 | Loss 2.972630 | Accuracy 61.710442
Epoch 6 | Batch 2400/4225 | Loss 2.972677 | Accuracy 61.709965
Epoch 6 | Batch 2450/4225 | Loss 2.972509 | Accuracy 61.733731
Epoch 6 | Batch 2500/4225 | Loss 2.972779 | Accuracy 61.700320
Epoch 6 | Batch 2550/4225 | Loss 2.973023 | Accuracy 61.675568
Epoch 6 | Batch 2600/4225 | Loss 2.973030 | Accuracy 61.686611
Epoch 6 | Batch 2650/4225 | Loss 2.973024 | Accuracy 61.706667
Epoch 6 | Batch 2700/4225 | Loss 2.973106 | Accuracy 61.671603
Epoch 6 | Batch 2750/4225 | Loss 2.973059 | Accuracy 61.685523
Epoch 6 | Batch 2800/4225 | Loss 2.973291 | Accuracy 61.653204
Epoch 6 | Batch 2850/4225 | Loss 2.973523 | Accuracy 61.632980
Epoch 6 | Batch 2900/4225 | Loss 2.973464 | Accuracy 61.628533
Epoch 6 | Batch 2950/4225 | Loss 2.973406 | Accuracy 61.623179
Epoch 6 | Batch 3000/4225 | Loss 2.973494 | Accuracy 61.618002
Epoch 6 | Batch 3050/4225 | Loss 2.973569 | Accuracy 61.622214
Epoch 6 | Batch 3100/4225 | Loss 2.973557 | Accuracy 61.611174
Epoch 6 | Batch 3150/4225 | Loss 2.973704 | Accuracy 61.602467
Epoch 6 | Batch 3200/4225 | Loss 2.973549 | Accuracy 61.630155
Epoch 6 | Batch 3250/4225 | Loss 2.973457 | Accuracy 61.638727
Epoch 6 | Batch 3300/4225 | Loss 2.973350 | Accuracy 61.645145
Epoch 6 | Batch 3350/4225 | Loss 2.973393 | Accuracy 61.638317
Epoch 6 | Batch 3400/4225 | Loss 2.973711 | Accuracy 61.605961
Epoch 6 | Batch 3450/4225 | Loss 2.973640 | Accuracy 61.638837
Epoch 6 | Batch 3500/4225 | Loss 2.973656 | Accuracy 61.643995
Epoch 6 | Batch 3550/4225 | Loss 2.973645 | Accuracy 61.656048
Epoch 6 | Batch 3600/4225 | Loss 2.973607 | Accuracy 61.667766
Epoch 6 | Batch 3650/4225 | Loss 2.973593 | Accuracy 61.654341
Epoch 6 | Batch 3700/4225 | Loss 2.973698 | Accuracy 61.637058
Epoch 6 | Batch 3750/4225 | Loss 2.973735 | Accuracy 61.615236
Epoch 6 | Batch 3800/4225 | Loss 2.973761 | Accuracy 61.612898
Epoch 6 | Batch 3850/4225 | Loss 2.973956 | Accuracy 61.593580
Epoch 6 | Batch 3900/4225 | Loss 2.974170 | Accuracy 61.561138
Epoch 6 | Batch 3950/4225 | Loss 2.974343 | Accuracy 61.559574
Epoch 6 | Batch 4000/4225 | Loss 2.974400 | Accuracy 61.546332
Epoch 6 | Batch 4050/4225 | Loss 2.974608 | Accuracy 61.520304
Epoch 6 | Batch 4100/4225 | Loss 2.974781 | Accuracy 61.509388
Epoch 6 | Batch 4150/4225 | Loss 2.974748 | Accuracy 61.510028
Epoch 6 | Batch 4200/4225 | Loss 2.974553 | Accuracy 61.533712
Token indices sequence length is longer than the specified maximum sequence length for this model (1195 > 512). Running this sequence through the model will result in indexing errors
Token indices sequence length is longer than the specified maximum sequence length for this model (15150 > 512). Running this sequence through the model will result in indexing errors
Token indices sequence length is longer than the specified maximum sequence length for this model (15150 > 512). Running this sequence through the model will result in indexing errors
Token indices sequence length is longer than the specified maximum sequence length for this model (1195 > 512). Running this sequence through the model will result in indexing errors
Epoch 7 | Batch 0/4225 | Loss 2.830667 | Accuracy 78.125000
Epoch 7 | Batch 50/4225 | Loss 2.973136 | Accuracy 60.416667
Epoch 7 | Batch 100/4225 | Loss 2.971214 | Accuracy 61.293317
Epoch 7 | Batch 150/4225 | Loss 2.976468 | Accuracy 60.596026
Epoch 7 | Batch 200/4225 | Loss 2.971731 | Accuracy 61.225124
Epoch 7 | Batch 250/4225 | Loss 2.972067 | Accuracy 61.105578
Epoch 7 | Batch 300/4225 | Loss 2.973706 | Accuracy 61.025748
Epoch 7 | Batch 350/4225 | Loss 2.974574 | Accuracy 61.137821
Epoch 7 | Batch 400/4225 | Loss 2.974728 | Accuracy 61.128429
Epoch 7 | Batch 450/4225 | Loss 2.973832 | Accuracy 61.287417
Epoch 7 | Batch 500/4225 | Loss 2.971147 | Accuracy 61.614271
Epoch 7 | Batch 550/4225 | Loss 2.969647 | Accuracy 61.734347
Epoch 7 | Batch 600/4225 | Loss 2.968589 | Accuracy 61.839642
Epoch 7 | Batch 650/4225 | Loss 2.968425 | Accuracy 61.856759
Epoch 7 | Batch 700/4225 | Loss 2.968750 | Accuracy 61.849144
Epoch 7 | Batch 750/4225 | Loss 2.969220 | Accuracy 61.838382
Epoch 7 | Batch 800/4225 | Loss 2.969532 | Accuracy 61.817260
Epoch 7 | Batch 850/4225 | Loss 2.969824 | Accuracy 61.839013
Epoch 7 | Batch 900/4225 | Loss 2.970234 | Accuracy 61.820200
Epoch 7 | Batch 950/4225 | Loss 2.971136 | Accuracy 61.816509
Epoch 7 | Batch 1000/4225 | Loss 2.970904 | Accuracy 61.838162
Epoch 7 | Batch 1050/4225 | Loss 2.971172 | Accuracy 61.768554
Epoch 7 | Batch 1100/4225 | Loss 2.971200 | Accuracy 61.708106
Epoch 7 | Batch 1150/4225 | Loss 2.971480 | Accuracy 61.707211
Epoch 7 | Batch 1200/4225 | Loss 2.970916 | Accuracy 61.750624
Epoch 7 | Batch 1250/4225 | Loss 2.970980 | Accuracy 61.793066
Epoch 7 | Batch 1300/4225 | Loss 2.971006 | Accuracy 61.784204
Epoch 7 | Batch 1350/4225 | Loss 2.970974 | Accuracy 61.757494
Epoch 7 | Batch 1400/4225 | Loss 2.970618 | Accuracy 61.833066
Epoch 7 | Batch 1450/4225 | Loss 2.970497 | Accuracy 61.884045
Epoch 7 | Batch 1500/4225 | Loss 2.971058 | Accuracy 61.833777
Epoch 7 | Batch 1550/4225 | Loss 2.971988 | Accuracy 61.734365
Epoch 7 | Batch 1600/4225 | Loss 2.972219 | Accuracy 61.734853
Epoch 7 | Batch 1650/4225 | Loss 2.972255 | Accuracy 61.754240
Epoch 7 | Batch 1700/4225 | Loss 2.972270 | Accuracy 61.733907
Epoch 7 | Batch 1750/4225 | Loss 2.972192 | Accuracy 61.730797
Epoch 7 | Batch 1800/4225 | Loss 2.972181 | Accuracy 61.722654
Epoch 7 | Batch 1850/4225 | Loss 2.972285 | Accuracy 61.725081
Epoch 7 | Batch 1900/4225 | Loss 2.972758 | Accuracy 61.691215
Epoch 7 | Batch 1950/4225 | Loss 2.972632 | Accuracy 61.705536
Epoch 7 | Batch 2000/4225 | Loss 2.972737 | Accuracy 61.709770
Epoch 7 | Batch 2050/4225 | Loss 2.973000 | Accuracy 61.681802
Epoch 7 | Batch 2100/4225 | Loss 2.973180 | Accuracy 61.661114
Epoch 7 | Batch 2150/4225 | Loss 2.973026 | Accuracy 61.666086
Epoch 7 | Batch 2200/4225 | Loss 2.973160 | Accuracy 61.655214
Epoch 7 | Batch 2250/4225 | Loss 2.973002 | Accuracy 61.693414
Epoch 7 | Batch 2300/4225 | Loss 2.973121 | Accuracy 61.691927
Epoch 7 | Batch 2350/4225 | Loss 2.973323 | Accuracy 61.663920
Epoch 7 | Batch 2400/4225 | Loss 2.973156 | Accuracy 61.652697
Epoch 7 | Batch 2450/4225 | Loss 2.973073 | Accuracy 61.673807
Epoch 7 | Batch 2500/4225 | Loss 2.973029 | Accuracy 61.662835
Epoch 7 | Batch 2550/4225 | Loss 2.972964 | Accuracy 61.681693
Epoch 7 | Batch 2600/4225 | Loss 2.973122 | Accuracy 61.669790
Epoch 7 | Batch 2650/4225 | Loss 2.973089 | Accuracy 61.683091
Epoch 7 | Batch 2700/4225 | Loss 2.973150 | Accuracy 61.700528
Epoch 7 | Batch 2750/4225 | Loss 2.973265 | Accuracy 61.682116
Epoch 7 | Batch 2800/4225 | Loss 2.973266 | Accuracy 61.694484
Epoch 7 | Batch 2850/4225 | Loss 2.973203 | Accuracy 61.698746
Epoch 7 | Batch 2900/4225 | Loss 2.973445 | Accuracy 61.663004
Epoch 7 | Batch 2950/4225 | Loss 2.973831 | Accuracy 61.620002
Epoch 7 | Batch 3000/4225 | Loss 2.973844 | Accuracy 61.629457
Epoch 7 | Batch 3050/4225 | Loss 2.973782 | Accuracy 61.636554
Epoch 7 | Batch 3100/4225 | Loss 2.973944 | Accuracy 61.628305
Epoch 7 | Batch 3150/4225 | Loss 2.973852 | Accuracy 61.632220
Epoch 7 | Batch 3200/4225 | Loss 2.973906 | Accuracy 61.627226
Epoch 7 | Batch 3250/4225 | Loss 2.974218 | Accuracy 61.590664
Epoch 7 | Batch 3300/4225 | Loss 2.974384 | Accuracy 61.578878
Epoch 7 | Batch 3350/4225 | Loss 2.974342 | Accuracy 61.575836
Epoch 7 | Batch 3400/4225 | Loss 2.974407 | Accuracy 61.585747
Epoch 7 | Batch 3450/4225 | Loss 2.974609 | Accuracy 61.562772
Epoch 7 | Batch 3500/4225 | Loss 2.974649 | Accuracy 61.551164
Epoch 7 | Batch 3550/4225 | Loss 2.974782 | Accuracy 61.545163
Epoch 7 | Batch 3600/4225 | Loss 2.974585 | Accuracy 61.559289
Epoch 7 | Batch 3650/4225 | Loss 2.974597 | Accuracy 61.567892
Epoch 7 | Batch 3700/4225 | Loss 2.974921 | Accuracy 61.527290
Epoch 7 | Batch 3750/4225 | Loss 2.974972 | Accuracy 61.525260
Epoch 7 | Batch 3800/4225 | Loss 2.975138 | Accuracy 61.501907
Epoch 7 | Batch 3850/4225 | Loss 2.975446 | Accuracy 61.466989
Epoch 7 | Batch 3900/4225 | Loss 2.975393 | Accuracy 61.457799
Epoch 7 | Batch 3950/4225 | Loss 2.975200 | Accuracy 61.470988
Epoch 7 | Batch 4000/4225 | Loss 2.975058 | Accuracy 61.497126
Epoch 7 | Batch 4050/4225 | Loss 2.974920 | Accuracy 61.509504
Epoch 7 | Batch 4100/4225 | Loss 2.974883 | Accuracy 61.497196
Epoch 7 | Batch 4150/4225 | Loss 2.974735 | Accuracy 61.513039
Epoch 7 | Batch 4200/4225 | Loss 2.974760 | Accuracy 61.503957
Token indices sequence length is longer than the specified maximum sequence length for this model (15150 > 512). Running this sequence through the model will result in indexing errors
Token indices sequence length is longer than the specified maximum sequence length for this model (1195 > 512). Running this sequence through the model will result in indexing errors
Token indices sequence length is longer than the specified maximum sequence length for this model (15150 > 512). Running this sequence through the model will result in indexing errors
Token indices sequence length is longer than the specified maximum sequence length for this model (1195 > 512). Running this sequence through the model will result in indexing errors
Epoch 8 | Batch 0/4225 | Loss 2.919153 | Accuracy 65.625000
Epoch 8 | Batch 50/4225 | Loss 2.986699 | Accuracy 59.497549
Epoch 8 | Batch 100/4225 | Loss 2.976279 | Accuracy 61.107673
Epoch 8 | Batch 150/4225 | Loss 2.979317 | Accuracy 60.699503
Epoch 8 | Batch 200/4225 | Loss 2.972055 | Accuracy 61.847015
Epoch 8 | Batch 250/4225 | Loss 2.972190 | Accuracy 61.827689
Epoch 8 | Batch 300/4225 | Loss 2.973249 | Accuracy 61.617525
Epoch 8 | Batch 350/4225 | Loss 2.975217 | Accuracy 61.155627
Epoch 8 | Batch 400/4225 | Loss 2.974333 | Accuracy 61.253117
Epoch 8 | Batch 450/4225 | Loss 2.975060 | Accuracy 61.273559
Epoch 8 | Batch 500/4225 | Loss 2.974952 | Accuracy 61.296158
Epoch 8 | Batch 550/4225 | Loss 2.975776 | Accuracy 61.189882
Epoch 8 | Batch 600/4225 | Loss 2.975353 | Accuracy 61.231281
Epoch 8 | Batch 650/4225 | Loss 2.975361 | Accuracy 61.319124
Epoch 8 | Batch 700/4225 | Loss 2.975401 | Accuracy 61.202746
Epoch 8 | Batch 750/4225 | Loss 2.975026 | Accuracy 61.230859
Epoch 8 | Batch 800/4225 | Loss 2.975214 | Accuracy 61.239856
Epoch 8 | Batch 850/4225 | Loss 2.975822 | Accuracy 61.178026
Epoch 8 | Batch 900/4225 | Loss 2.976350 | Accuracy 61.050222
Epoch 8 | Batch 950/4225 | Loss 2.974914 | Accuracy 61.185594
Epoch 8 | Batch 1000/4225 | Loss 2.975278 | Accuracy 61.107642
Epoch 8 | Batch 1050/4225 | Loss 2.975799 | Accuracy 61.075761
Epoch 8 | Batch 1100/4225 | Loss 2.975592 | Accuracy 61.151794
Epoch 8 | Batch 1150/4225 | Loss 2.975257 | Accuracy 61.188640
Epoch 8 | Batch 1200/4225 | Loss 2.975679 | Accuracy 61.196399
Epoch 8 | Batch 1250/4225 | Loss 2.976162 | Accuracy 61.136091
Epoch 8 | Batch 1300/4225 | Loss 2.976200 | Accuracy 61.130861
Epoch 8 | Batch 1350/4225 | Loss 2.976387 | Accuracy 61.093634
Epoch 8 | Batch 1400/4225 | Loss 2.975641 | Accuracy 61.233048
Epoch 8 | Batch 1450/4225 | Loss 2.976066 | Accuracy 61.160407
Epoch 8 | Batch 1500/4225 | Loss 2.975816 | Accuracy 61.161309
Epoch 8 | Batch 1550/4225 | Loss 2.975798 | Accuracy 61.194391
Epoch 8 | Batch 1600/4225 | Loss 2.975110 | Accuracy 61.252733
Epoch 8 | Batch 1650/4225 | Loss 2.975438 | Accuracy 61.214794
Epoch 8 | Batch 1700/4225 | Loss 2.975372 | Accuracy 61.219503
Epoch 8 | Batch 1750/4225 | Loss 2.975384 | Accuracy 61.234652
Epoch 8 | Batch 1800/4225 | Loss 2.975300 | Accuracy 61.309689
Epoch 8 | Batch 1850/4225 | Loss 2.975674 | Accuracy 61.303012
Epoch 8 | Batch 1900/4225 | Loss 2.975871 | Accuracy 61.308193
Epoch 8 | Batch 1950/4225 | Loss 2.976123 | Accuracy 61.268260
Epoch 8 | Batch 2000/4225 | Loss 2.976211 | Accuracy 61.281859
Epoch 8 | Batch 2050/4225 | Loss 2.976231 | Accuracy 61.300890
Epoch 8 | Batch 2100/4225 | Loss 2.975960 | Accuracy 61.324964
Epoch 8 | Batch 2150/4225 | Loss 2.975917 | Accuracy 61.336297
Epoch 8 | Batch 2200/4225 | Loss 2.975840 | Accuracy 61.352794
Epoch 8 | Batch 2250/4225 | Loss 2.975745 | Accuracy 61.390771
Epoch 8 | Batch 2300/4225 | Loss 2.975649 | Accuracy 61.414874
Epoch 8 | Batch 2350/4225 | Loss 2.976023 | Accuracy 61.347565
Epoch 8 | Batch 2400/4225 | Loss 2.976129 | Accuracy 61.329915
Epoch 8 | Batch 2450/4225 | Loss 2.976016 | Accuracy 61.358884
Epoch 8 | Batch 2500/4225 | Loss 2.975924 | Accuracy 61.386695
Epoch 8 | Batch 2550/4225 | Loss 2.975708 | Accuracy 61.415866
Epoch 8 | Batch 2600/4225 | Loss 2.975767 | Accuracy 61.399462
Epoch 8 | Batch 2650/4225 | Loss 2.975608 | Accuracy 61.419040
Epoch 8 | Batch 2700/4225 | Loss 2.975897 | Accuracy 61.392771
Epoch 8 | Batch 2750/4225 | Loss 2.975637 | Accuracy 61.424255
Epoch 8 | Batch 2800/4225 | Loss 2.975884 | Accuracy 61.402178
Epoch 8 | Batch 2850/4225 | Loss 2.975695 | Accuracy 61.410470
Epoch 8 | Batch 2900/4225 | Loss 2.975746 | Accuracy 61.402318
Epoch 8 | Batch 2950/4225 | Loss 2.975728 | Accuracy 61.425152
Epoch 8 | Batch 3000/4225 | Loss 2.975557 | Accuracy 61.438895
Epoch 8 | Batch 3050/4225 | Loss 2.975295 | Accuracy 61.445018
Epoch 8 | Batch 3100/4225 | Loss 2.975232 | Accuracy 61.451951
Epoch 8 | Batch 3150/4225 | Loss 2.975226 | Accuracy 61.458664
Epoch 8 | Batch 3200/4225 | Loss 2.975037 | Accuracy 61.479811
Epoch 8 | Batch 3250/4225 | Loss 2.975079 | Accuracy 61.460897
Epoch 8 | Batch 3300/4225 | Loss 2.974990 | Accuracy 61.444449
Epoch 8 | Batch 3350/4225 | Loss 2.974750 | Accuracy 61.468591
Epoch 8 | Batch 3400/4225 | Loss 2.974781 | Accuracy 61.460784
Epoch 8 | Batch 3450/4225 | Loss 2.974933 | Accuracy 61.435091
Epoch 8 | Batch 3500/4225 | Loss 2.975156 | Accuracy 61.408348
Epoch 8 | Batch 3550/4225 | Loss 2.975011 | Accuracy 61.431639
Epoch 8 | Batch 3600/4225 | Loss 2.975054 | Accuracy 61.432588
Epoch 8 | Batch 3650/4225 | Loss 2.975102 | Accuracy 61.433511
Epoch 8 | Batch 3700/4225 | Loss 2.974910 | Accuracy 61.453830
Epoch 8 | Batch 3750/4225 | Loss 2.974893 | Accuracy 61.449447
Epoch 8 | Batch 3800/4225 | Loss 2.974783 | Accuracy 61.479709
Epoch 8 | Batch 3850/4225 | Loss 2.974653 | Accuracy 61.484842
Epoch 8 | Batch 3900/4225 | Loss 2.974729 | Accuracy 61.482633
Epoch 8 | Batch 3950/4225 | Loss 2.974508 | Accuracy 61.495507
Epoch 8 | Batch 4000/4225 | Loss 2.974733 | Accuracy 61.465884
Epoch 8 | Batch 4050/4225 | Loss 2.974823 | Accuracy 61.471705
Epoch 8 | Batch 4100/4225 | Loss 2.974907 | Accuracy 61.471287
Epoch 8 | Batch 4150/4225 | Loss 2.974900 | Accuracy 61.476150
Epoch 8 | Batch 4200/4225 | Loss 2.974719 | Accuracy 61.498750
Token indices sequence length is longer than the specified maximum sequence length for this model (15150 > 512). Running this sequence through the model will result in indexing errors
Token indices sequence length is longer than the specified maximum sequence length for this model (1195 > 512). Running this sequence through the model will result in indexing errors
Token indices sequence length is longer than the specified maximum sequence length for this model (1195 > 512). Running this sequence through the model will result in indexing errors
Token indices sequence length is longer than the specified maximum sequence length for this model (15150 > 512). Running this sequence through the model will result in indexing errors
Epoch 9 | Batch 0/4225 | Loss 2.969298 | Accuracy 62.500000
Epoch 9 | Batch 50/4225 | Loss 2.968922 | Accuracy 62.561275
Epoch 9 | Batch 100/4225 | Loss 2.968821 | Accuracy 62.654703
Epoch 9 | Batch 150/4225 | Loss 2.967082 | Accuracy 62.810430
Epoch 9 | Batch 200/4225 | Loss 2.970798 | Accuracy 62.484453
Epoch 9 | Batch 250/4225 | Loss 2.973100 | Accuracy 62.250996
Epoch 9 | Batch 300/4225 | Loss 2.970642 | Accuracy 62.281977
Epoch 9 | Batch 350/4225 | Loss 2.970598 | Accuracy 62.126068
Epoch 9 | Batch 400/4225 | Loss 2.971300 | Accuracy 61.837594
Epoch 9 | Batch 450/4225 | Loss 2.970367 | Accuracy 61.973392
Epoch 9 | Batch 500/4225 | Loss 2.971651 | Accuracy 61.870010
Epoch 9 | Batch 550/4225 | Loss 2.972528 | Accuracy 61.853448
Epoch 9 | Batch 600/4225 | Loss 2.972449 | Accuracy 61.969634
Epoch 9 | Batch 650/4225 | Loss 2.972116 | Accuracy 61.947965
Epoch 9 | Batch 700/4225 | Loss 2.971140 | Accuracy 62.031919
Epoch 9 | Batch 750/4225 | Loss 2.970885 | Accuracy 62.104694
Epoch 9 | Batch 800/4225 | Loss 2.970595 | Accuracy 62.074750
Epoch 9 | Batch 850/4225 | Loss 2.970426 | Accuracy 62.000588
Epoch 9 | Batch 900/4225 | Loss 2.970850 | Accuracy 62.014428
Epoch 9 | Batch 950/4225 | Loss 2.971433 | Accuracy 62.000526
Epoch 9 | Batch 1000/4225 | Loss 2.971827 | Accuracy 61.984890
Epoch 9 | Batch 1050/4225 | Loss 2.972292 | Accuracy 61.908302
Epoch 9 | Batch 1100/4225 | Loss 2.972176 | Accuracy 61.895436
Epoch 9 | Batch 1150/4225 | Loss 2.972217 | Accuracy 61.853823
Epoch 9 | Batch 1200/4225 | Loss 2.972299 | Accuracy 61.878122
Epoch 9 | Batch 1250/4225 | Loss 2.972651 | Accuracy 61.848022
Epoch 9 | Batch 1300/4225 | Loss 2.971813 | Accuracy 61.949942
Epoch 9 | Batch 1350/4225 | Loss 2.971909 | Accuracy 61.961047
Epoch 9 | Batch 1400/4225 | Loss 2.971759 | Accuracy 61.993665
Epoch 9 | Batch 1450/4225 | Loss 2.972313 | Accuracy 61.896968
Epoch 9 | Batch 1500/4225 | Loss 2.972602 | Accuracy 61.865007
Epoch 9 | Batch 1550/4225 | Loss 2.972738 | Accuracy 61.853240
Epoch 9 | Batch 1600/4225 | Loss 2.972854 | Accuracy 61.814881
Epoch 9 | Batch 1650/4225 | Loss 2.973219 | Accuracy 61.756133
Epoch 9 | Batch 1700/4225 | Loss 2.973372 | Accuracy 61.713698
Epoch 9 | Batch 1750/4225 | Loss 2.973256 | Accuracy 61.698672
Epoch 9 | Batch 1800/4225 | Loss 2.973564 | Accuracy 61.720919
Epoch 9 | Batch 1850/4225 | Loss 2.973398 | Accuracy 61.701445
Epoch 9 | Batch 1900/4225 | Loss 2.973479 | Accuracy 61.691215
Epoch 9 | Batch 1950/4225 | Loss 2.973371 | Accuracy 61.727960
Epoch 9 | Batch 2000/4225 | Loss 2.973577 | Accuracy 61.683221
Epoch 9 | Batch 2050/4225 | Loss 2.973572 | Accuracy 61.687896
Epoch 9 | Batch 2100/4225 | Loss 2.973556 | Accuracy 61.693836
Epoch 9 | Batch 2150/4225 | Loss 2.973755 | Accuracy 61.679161
Epoch 9 | Batch 2200/4225 | Loss 2.973876 | Accuracy 61.660893
Epoch 9 | Batch 2250/4225 | Loss 2.973587 | Accuracy 61.728121
Epoch 9 | Batch 2300/4225 | Loss 2.973855 | Accuracy 61.678346
Epoch 9 | Batch 2350/4225 | Loss 2.974104 | Accuracy 61.653286
Epoch 9 | Batch 2400/4225 | Loss 2.974255 | Accuracy 61.657903
Epoch 9 | Batch 2450/4225 | Loss 2.974403 | Accuracy 61.644482
Epoch 9 | Batch 2500/4225 | Loss 2.974478 | Accuracy 61.644092
Epoch 9 | Batch 2550/4225 | Loss 2.974705 | Accuracy 61.635143
Epoch 9 | Batch 2600/4225 | Loss 2.974711 | Accuracy 61.616926
Epoch 9 | Batch 2650/4225 | Loss 2.974904 | Accuracy 61.605290
Epoch 9 | Batch 2700/4225 | Loss 2.974834 | Accuracy 61.602184
Epoch 9 | Batch 2750/4225 | Loss 2.974884 | Accuracy 61.602599
Epoch 9 | Batch 2800/4225 | Loss 2.974536 | Accuracy 61.632006
Epoch 9 | Batch 2850/4225 | Loss 2.974741 | Accuracy 61.612154
Epoch 9 | Batch 2900/4225 | Loss 2.974710 | Accuracy 61.602680
Epoch 9 | Batch 2950/4225 | Loss 2.974546 | Accuracy 61.621061
Epoch 9 | Batch 3000/4225 | Loss 2.974616 | Accuracy 61.590928
Epoch 9 | Batch 3050/4225 | Loss 2.974600 | Accuracy 61.587389
Epoch 9 | Batch 3100/4225 | Loss 2.974666 | Accuracy 61.558771
Epoch 9 | Batch 3150/4225 | Loss 2.974619 | Accuracy 61.551888
Epoch 9 | Batch 3200/4225 | Loss 2.974551 | Accuracy 61.562793
Epoch 9 | Batch 3250/4225 | Loss 2.974577 | Accuracy 61.570478
Epoch 9 | Batch 3300/4225 | Loss 2.974687 | Accuracy 61.566571
Epoch 9 | Batch 3350/4225 | Loss 2.974735 | Accuracy 61.554387
Epoch 9 | Batch 3400/4225 | Loss 2.974706 | Accuracy 61.565532
Epoch 9 | Batch 3450/4225 | Loss 2.974650 | Accuracy 61.567299
Epoch 9 | Batch 3500/4225 | Loss 2.974674 | Accuracy 61.554734
Epoch 9 | Batch 3550/4225 | Loss 2.974730 | Accuracy 61.555724
Epoch 9 | Batch 3600/4225 | Loss 2.974699 | Accuracy 61.551479
Epoch 9 | Batch 3650/4225 | Loss 2.974805 | Accuracy 61.543070
Epoch 9 | Batch 3700/4225 | Loss 2.974784 | Accuracy 61.558531
Epoch 9 | Batch 3750/4225 | Loss 2.974555 | Accuracy 61.592742
Epoch 9 | Batch 3800/4225 | Loss 2.974763 | Accuracy 61.568502
Epoch 9 | Batch 3850/4225 | Loss 2.974943 | Accuracy 61.531096
Epoch 9 | Batch 3900/4225 | Loss 2.974843 | Accuracy 61.538708
Epoch 9 | Batch 3950/4225 | Loss 2.974807 | Accuracy 61.542964
Epoch 9 | Batch 4000/4225 | Loss 2.974770 | Accuracy 61.542427
Epoch 9 | Batch 4050/4225 | Loss 2.974688 | Accuracy 61.551932
Epoch 9 | Batch 4100/4225 | Loss 2.974587 | Accuracy 61.573397
Epoch 9 | Batch 4150/4225 | Loss 2.974368 | Accuracy 61.584558
Epoch 9 | Batch 4200/4225 | Loss 2.974783 | Accuracy 61.547102
