Data file :  /home/cs17btech11044/data_mining/data-mining/data/main_data_splits/train.json
checkpoints dir :  /home/cs17btech11044/data_mining/data-mining/nyt/bert-base-uncased_trainmixup_2.00
Token indices sequence length is longer than the specified maximum sequence length for this model (15150 > 512). Running this sequence through the model will result in indexing errors
Token indices sequence length is longer than the specified maximum sequence length for this model (1195 > 512). Running this sequence through the model will result in indexing errors
Token indices sequence length is longer than the specified maximum sequence length for this model (15150 > 512). Running this sequence through the model will result in indexing errors
Token indices sequence length is longer than the specified maximum sequence length for this model (1195 > 512). Running this sequence through the model will result in indexing errors
Epoch 0 | Batch 0/4225 | Loss 3.911002 | Accuracy 0.000000
Epoch 0 | Batch 50/4225 | Loss 2.171835 | Accuracy 50.183824
Epoch 0 | Batch 100/4225 | Loss 1.968468 | Accuracy 52.073020
Epoch 0 | Batch 150/4225 | Loss 1.816566 | Accuracy 55.049669
Epoch 0 | Batch 200/4225 | Loss 1.719947 | Accuracy 57.042910
Epoch 0 | Batch 250/4225 | Loss 1.664235 | Accuracy 57.955677
Epoch 0 | Batch 300/4225 | Loss 1.615578 | Accuracy 58.513289
Epoch 0 | Batch 350/4225 | Loss 1.585821 | Accuracy 58.840812
Epoch 0 | Batch 400/4225 | Loss 1.554982 | Accuracy 59.117830
Epoch 0 | Batch 450/4225 | Loss 1.535616 | Accuracy 59.333426
Epoch 0 | Batch 500/4225 | Loss 1.512165 | Accuracy 59.643214
Epoch 0 | Batch 550/4225 | Loss 1.497634 | Accuracy 59.942151
Epoch 0 | Batch 600/4225 | Loss 1.483524 | Accuracy 60.144551
Epoch 0 | Batch 650/4225 | Loss 1.469502 | Accuracy 60.320661
Epoch 0 | Batch 700/4225 | Loss 1.456868 | Accuracy 60.574180
Epoch 0 | Batch 750/4225 | Loss 1.445965 | Accuracy 60.781458
Epoch 0 | Batch 800/4225 | Loss 1.437757 | Accuracy 60.849719
Epoch 0 | Batch 850/4225 | Loss 1.432520 | Accuracy 60.865893
Epoch 0 | Batch 900/4225 | Loss 1.426369 | Accuracy 60.928829
Epoch 0 | Batch 950/4225 | Loss 1.420435 | Accuracy 60.988433
Epoch 0 | Batch 1000/4225 | Loss 1.414715 | Accuracy 61.138861
Epoch 0 | Batch 1050/4225 | Loss 1.408534 | Accuracy 61.197669
Epoch 0 | Batch 1100/4225 | Loss 1.403720 | Accuracy 61.313579
Epoch 0 | Batch 1150/4225 | Loss 1.397706 | Accuracy 61.449283
Epoch 0 | Batch 1200/4225 | Loss 1.398263 | Accuracy 61.388947
Epoch 0 | Batch 1250/4225 | Loss 1.397765 | Accuracy 61.383393
Epoch 0 | Batch 1300/4225 | Loss 1.393195 | Accuracy 61.479151
Epoch 0 | Batch 1350/4225 | Loss 1.390029 | Accuracy 61.503053
Epoch 0 | Batch 1400/4225 | Loss 1.385809 | Accuracy 61.554247
Epoch 0 | Batch 1450/4225 | Loss 1.382282 | Accuracy 61.625603
Epoch 0 | Batch 1500/4225 | Loss 1.379920 | Accuracy 61.640157
Epoch 0 | Batch 1550/4225 | Loss 1.377410 | Accuracy 61.649742
Epoch 0 | Batch 1600/4225 | Loss 1.375624 | Accuracy 61.684104
Epoch 0 | Batch 1650/4225 | Loss 1.375184 | Accuracy 61.691778
Epoch 0 | Batch 1700/4225 | Loss 1.372108 | Accuracy 61.789021
Epoch 0 | Batch 1750/4225 | Loss 1.370523 | Accuracy 61.855725
Epoch 0 | Batch 1800/4225 | Loss 1.370069 | Accuracy 61.854525
Epoch 0 | Batch 1850/4225 | Loss 1.368466 | Accuracy 61.858455
Epoch 0 | Batch 1900/4225 | Loss 1.366904 | Accuracy 61.904918
Epoch 0 | Batch 1950/4225 | Loss 1.364356 | Accuracy 62.003460
Epoch 0 | Batch 2000/4225 | Loss 1.364202 | Accuracy 61.979948
Epoch 0 | Batch 2050/4225 | Loss 1.362534 | Accuracy 62.018528
Epoch 0 | Batch 2100/4225 | Loss 1.362487 | Accuracy 62.021061
Epoch 0 | Batch 2150/4225 | Loss 1.362930 | Accuracy 61.966818
Epoch 0 | Batch 2200/4225 | Loss 1.361652 | Accuracy 61.994548
Epoch 0 | Batch 2250/4225 | Loss 1.360358 | Accuracy 62.008552
Epoch 0 | Batch 2300/4225 | Loss 1.360508 | Accuracy 61.979846
Epoch 0 | Batch 2350/4225 | Loss 1.359195 | Accuracy 61.998883
Epoch 0 | Batch 2400/4225 | Loss 1.358911 | Accuracy 61.998907
Epoch 0 | Batch 2450/4225 | Loss 1.357722 | Accuracy 62.024429
Epoch 0 | Batch 2500/4225 | Loss 1.357055 | Accuracy 62.010196
Epoch 0 | Batch 2550/4225 | Loss 1.355868 | Accuracy 62.025921
Epoch 0 | Batch 2600/4225 | Loss 1.354920 | Accuracy 62.032632
Epoch 0 | Batch 2650/4225 | Loss 1.354472 | Accuracy 62.055592
Epoch 0 | Batch 2700/4225 | Loss 1.355504 | Accuracy 62.051092
Epoch 0 | Batch 2750/4225 | Loss 1.355491 | Accuracy 62.037668
Epoch 0 | Batch 2800/4225 | Loss 1.354809 | Accuracy 62.045921
Epoch 0 | Batch 2850/4225 | Loss 1.354197 | Accuracy 62.057173
Epoch 0 | Batch 2900/4225 | Loss 1.353569 | Accuracy 62.078809
Epoch 0 | Batch 2950/4225 | Loss 1.352859 | Accuracy 62.080651
Epoch 0 | Batch 3000/4225 | Loss 1.352552 | Accuracy 62.092844
Epoch 0 | Batch 3050/4225 | Loss 1.351219 | Accuracy 62.117953
Epoch 0 | Batch 3100/4225 | Loss 1.350914 | Accuracy 62.104966
Epoch 0 | Batch 3150/4225 | Loss 1.351102 | Accuracy 62.106276
Epoch 0 | Batch 3200/4225 | Loss 1.350518 | Accuracy 62.113402
Epoch 0 | Batch 3250/4225 | Loss 1.350073 | Accuracy 62.103968
Epoch 0 | Batch 3300/4225 | Loss 1.349563 | Accuracy 62.111860
Epoch 0 | Batch 3350/4225 | Loss 1.349296 | Accuracy 62.141898
Epoch 0 | Batch 3400/4225 | Loss 1.348586 | Accuracy 62.160026
Epoch 0 | Batch 3450/4225 | Loss 1.348078 | Accuracy 62.158613
Epoch 0 | Batch 3500/4225 | Loss 1.348239 | Accuracy 62.169737
Epoch 0 | Batch 3550/4225 | Loss 1.347657 | Accuracy 62.167347
Epoch 0 | Batch 3600/4225 | Loss 1.347018 | Accuracy 62.161552
Epoch 0 | Batch 3650/4225 | Loss 1.347032 | Accuracy 62.159340
Epoch 0 | Batch 3700/4225 | Loss 1.346583 | Accuracy 62.194339
Epoch 0 | Batch 3750/4225 | Loss 1.347282 | Accuracy 62.170088
Epoch 0 | Batch 3800/4225 | Loss 1.347419 | Accuracy 62.162096
Epoch 0 | Batch 3850/4225 | Loss 1.347217 | Accuracy 62.142950
Epoch 0 | Batch 3900/4225 | Loss 1.347111 | Accuracy 62.135510
Epoch 0 | Batch 3950/4225 | Loss 1.345876 | Accuracy 62.155942
Epoch 0 | Batch 4000/4225 | Loss 1.345683 | Accuracy 62.164928
Epoch 0 | Batch 4050/4225 | Loss 1.346316 | Accuracy 62.152092
Epoch 0 | Batch 4100/4225 | Loss 1.345433 | Accuracy 62.193672
Epoch 0 | Batch 4150/4225 | Loss 1.344804 | Accuracy 62.206396
Epoch 0 | Batch 4200/4225 | Loss 1.344555 | Accuracy 62.194269
Token indices sequence length is longer than the specified maximum sequence length for this model (15150 > 512). Running this sequence through the model will result in indexing errors
Token indices sequence length is longer than the specified maximum sequence length for this model (1195 > 512). Running this sequence through the model will result in indexing errors
Token indices sequence length is longer than the specified maximum sequence length for this model (1195 > 512). Running this sequence through the model will result in indexing errors
Token indices sequence length is longer than the specified maximum sequence length for this model (15150 > 512). Running this sequence through the model will result in indexing errors
Epoch 1 | Batch 0/4225 | Loss 1.364917 | Accuracy 56.250000
Epoch 1 | Batch 50/4225 | Loss 1.340556 | Accuracy 61.825980
Epoch 1 | Batch 100/4225 | Loss 1.318605 | Accuracy 62.902228
Epoch 1 | Batch 150/4225 | Loss 1.319251 | Accuracy 63.162252
Epoch 1 | Batch 200/4225 | Loss 1.316961 | Accuracy 62.904229
Epoch 1 | Batch 250/4225 | Loss 1.311302 | Accuracy 63.159861
Epoch 1 | Batch 300/4225 | Loss 1.310707 | Accuracy 63.257890
Epoch 1 | Batch 350/4225 | Loss 1.302368 | Accuracy 63.141026
Epoch 1 | Batch 400/4225 | Loss 1.305826 | Accuracy 63.302681
Epoch 1 | Batch 450/4225 | Loss 1.310544 | Accuracy 63.317627
Epoch 1 | Batch 500/4225 | Loss 1.310047 | Accuracy 63.423154
Epoch 1 | Batch 550/4225 | Loss 1.312465 | Accuracy 63.237296
Epoch 1 | Batch 600/4225 | Loss 1.314139 | Accuracy 63.045965
Epoch 1 | Batch 650/4225 | Loss 1.313816 | Accuracy 63.076037
Epoch 1 | Batch 700/4225 | Loss 1.312792 | Accuracy 63.039408
Epoch 1 | Batch 750/4225 | Loss 1.310976 | Accuracy 63.095040
Epoch 1 | Batch 800/4225 | Loss 1.312451 | Accuracy 63.077403
Epoch 1 | Batch 850/4225 | Loss 1.315266 | Accuracy 63.047150
Epoch 1 | Batch 900/4225 | Loss 1.317329 | Accuracy 63.041065
Epoch 1 | Batch 950/4225 | Loss 1.317501 | Accuracy 63.058623
Epoch 1 | Batch 1000/4225 | Loss 1.317723 | Accuracy 62.937063
Epoch 1 | Batch 1050/4225 | Loss 1.320738 | Accuracy 62.916270
Epoch 1 | Batch 1100/4225 | Loss 1.319804 | Accuracy 62.886013
Epoch 1 | Batch 1150/4225 | Loss 1.320469 | Accuracy 62.839379
Epoch 1 | Batch 1200/4225 | Loss 1.320164 | Accuracy 62.924126
Epoch 1 | Batch 1250/4225 | Loss 1.319540 | Accuracy 62.839728
Epoch 1 | Batch 1300/4225 | Loss 1.319766 | Accuracy 62.817064
Epoch 1 | Batch 1350/4225 | Loss 1.319801 | Accuracy 62.858531
Epoch 1 | Batch 1400/4225 | Loss 1.319853 | Accuracy 62.827891
Epoch 1 | Batch 1450/4225 | Loss 1.318892 | Accuracy 62.879049
Epoch 1 | Batch 1500/4225 | Loss 1.317402 | Accuracy 62.860177
Epoch 1 | Batch 1550/4225 | Loss 1.316469 | Accuracy 62.888862
Epoch 1 | Batch 1600/4225 | Loss 1.316054 | Accuracy 62.956746
Epoch 1 | Batch 1650/4225 | Loss 1.317487 | Accuracy 62.914522
Epoch 1 | Batch 1700/4225 | Loss 1.317936 | Accuracy 62.880291
Epoch 1 | Batch 1750/4225 | Loss 1.319004 | Accuracy 62.874786
Epoch 1 | Batch 1800/4225 | Loss 1.318600 | Accuracy 62.885203
Epoch 1 | Batch 1850/4225 | Loss 1.318527 | Accuracy 62.868044
Epoch 1 | Batch 1900/4225 | Loss 1.317690 | Accuracy 62.861652
Epoch 1 | Batch 1950/4225 | Loss 1.317289 | Accuracy 62.847578
Epoch 1 | Batch 2000/4225 | Loss 1.317311 | Accuracy 62.821714
Epoch 1 | Batch 2050/4225 | Loss 1.317011 | Accuracy 62.845868
Epoch 1 | Batch 2100/4225 | Loss 1.318300 | Accuracy 62.821276
Epoch 1 | Batch 2150/4225 | Loss 1.317098 | Accuracy 62.847222
Epoch 1 | Batch 2200/4225 | Loss 1.316633 | Accuracy 62.835075
Epoch 1 | Batch 2250/4225 | Loss 1.316152 | Accuracy 62.849845
Epoch 1 | Batch 2300/4225 | Loss 1.315172 | Accuracy 62.859898
Epoch 1 | Batch 2350/4225 | Loss 1.315332 | Accuracy 62.865536
Epoch 1 | Batch 2400/4225 | Loss 1.315281 | Accuracy 62.848813
Epoch 1 | Batch 2450/4225 | Loss 1.316388 | Accuracy 62.837872
Epoch 1 | Batch 2500/4225 | Loss 1.316808 | Accuracy 62.826120
Epoch 1 | Batch 2550/4225 | Loss 1.316908 | Accuracy 62.798902
Epoch 1 | Batch 2600/4225 | Loss 1.316961 | Accuracy 62.829200
Epoch 1 | Batch 2650/4225 | Loss 1.316157 | Accuracy 62.825349
Epoch 1 | Batch 2700/4225 | Loss 1.316099 | Accuracy 62.827425
Epoch 1 | Batch 2750/4225 | Loss 1.316529 | Accuracy 62.810115
Epoch 1 | Batch 2800/4225 | Loss 1.316376 | Accuracy 62.804579
Epoch 1 | Batch 2850/4225 | Loss 1.316313 | Accuracy 62.838697
Epoch 1 | Batch 2900/4225 | Loss 1.316140 | Accuracy 62.859790
Epoch 1 | Batch 2950/4225 | Loss 1.316497 | Accuracy 62.850517
Epoch 1 | Batch 3000/4225 | Loss 1.316399 | Accuracy 62.861338
Epoch 1 | Batch 3050/4225 | Loss 1.316022 | Accuracy 62.863610
Epoch 1 | Batch 3100/4225 | Loss 1.316523 | Accuracy 62.839608
Epoch 1 | Batch 3150/4225 | Loss 1.316631 | Accuracy 62.812401
Epoch 1 | Batch 3200/4225 | Loss 1.316312 | Accuracy 62.793853
Epoch 1 | Batch 3250/4225 | Loss 1.316780 | Accuracy 62.749923
Epoch 1 | Batch 3300/4225 | Loss 1.317013 | Accuracy 62.734777
Epoch 1 | Batch 3350/4225 | Loss 1.317179 | Accuracy 62.737802
Epoch 1 | Batch 3400/4225 | Loss 1.317560 | Accuracy 62.719605
Epoch 1 | Batch 3450/4225 | Loss 1.318125 | Accuracy 62.702840
Epoch 1 | Batch 3500/4225 | Loss 1.317789 | Accuracy 62.710654
Epoch 1 | Batch 3550/4225 | Loss 1.318423 | Accuracy 62.699768
Epoch 1 | Batch 3600/4225 | Loss 1.317724 | Accuracy 62.709143
Epoch 1 | Batch 3650/4225 | Loss 1.316802 | Accuracy 62.712271
Epoch 1 | Batch 3700/4225 | Loss 1.316298 | Accuracy 62.750777
Epoch 1 | Batch 3750/4225 | Loss 1.316204 | Accuracy 62.762430
Epoch 1 | Batch 3800/4225 | Loss 1.315854 | Accuracy 62.781176
Epoch 1 | Batch 3850/4225 | Loss 1.316547 | Accuracy 62.754804
Epoch 1 | Batch 3900/4225 | Loss 1.316092 | Accuracy 62.769162
Epoch 1 | Batch 3950/4225 | Loss 1.316309 | Accuracy 62.746773
Epoch 1 | Batch 4000/4225 | Loss 1.316333 | Accuracy 62.755405
Epoch 1 | Batch 4050/4225 | Loss 1.316442 | Accuracy 62.749167
Epoch 1 | Batch 4100/4225 | Loss 1.317184 | Accuracy 62.732413
Epoch 1 | Batch 4150/4225 | Loss 1.316711 | Accuracy 62.779300
Epoch 1 | Batch 4200/4225 | Loss 1.316989 | Accuracy 62.777464
Token indices sequence length is longer than the specified maximum sequence length for this model (15150 > 512). Running this sequence through the model will result in indexing errors
Token indices sequence length is longer than the specified maximum sequence length for this model (1195 > 512). Running this sequence through the model will result in indexing errors
Token indices sequence length is longer than the specified maximum sequence length for this model (15150 > 512). Running this sequence through the model will result in indexing errors
Token indices sequence length is longer than the specified maximum sequence length for this model (1195 > 512). Running this sequence through the model will result in indexing errors
Epoch 2 | Batch 0/4225 | Loss 1.648583 | Accuracy 56.250000
Epoch 2 | Batch 50/4225 | Loss 1.313487 | Accuracy 62.990196
Epoch 2 | Batch 100/4225 | Loss 1.328106 | Accuracy 62.128713
Epoch 2 | Batch 150/4225 | Loss 1.330356 | Accuracy 62.541391
Epoch 2 | Batch 200/4225 | Loss 1.325715 | Accuracy 62.857587
Epoch 2 | Batch 250/4225 | Loss 1.328152 | Accuracy 62.686753
Epoch 2 | Batch 300/4225 | Loss 1.332567 | Accuracy 62.468854
Epoch 2 | Batch 350/4225 | Loss 1.327281 | Accuracy 62.669160
Epoch 2 | Batch 400/4225 | Loss 1.324772 | Accuracy 62.803928
Epoch 2 | Batch 450/4225 | Loss 1.320019 | Accuracy 62.929601
Epoch 2 | Batch 500/4225 | Loss 1.317944 | Accuracy 63.017715
Epoch 2 | Batch 550/4225 | Loss 1.320324 | Accuracy 62.914020
Epoch 2 | Batch 600/4225 | Loss 1.323677 | Accuracy 62.718386
Epoch 2 | Batch 650/4225 | Loss 1.324770 | Accuracy 62.576805
Epoch 2 | Batch 700/4225 | Loss 1.324871 | Accuracy 62.602532
Epoch 2 | Batch 750/4225 | Loss 1.325256 | Accuracy 62.637317
Epoch 2 | Batch 800/4225 | Loss 1.326285 | Accuracy 62.632647
Epoch 2 | Batch 850/4225 | Loss 1.326271 | Accuracy 62.738690
Epoch 2 | Batch 900/4225 | Loss 1.324281 | Accuracy 62.708102
Epoch 2 | Batch 950/4225 | Loss 1.326107 | Accuracy 62.618297
Epoch 2 | Batch 1000/4225 | Loss 1.326655 | Accuracy 62.599900
Epoch 2 | Batch 1050/4225 | Loss 1.326501 | Accuracy 62.505947
Epoch 2 | Batch 1100/4225 | Loss 1.324137 | Accuracy 62.633401
Epoch 2 | Batch 1150/4225 | Loss 1.324416 | Accuracy 62.592311
Epoch 2 | Batch 1200/4225 | Loss 1.323104 | Accuracy 62.554642
Epoch 2 | Batch 1250/4225 | Loss 1.323149 | Accuracy 62.519984
Epoch 2 | Batch 1300/4225 | Loss 1.321226 | Accuracy 62.572060
Epoch 2 | Batch 1350/4225 | Loss 1.320945 | Accuracy 62.541636
Epoch 2 | Batch 1400/4225 | Loss 1.320478 | Accuracy 62.524536
Epoch 2 | Batch 1450/4225 | Loss 1.320565 | Accuracy 62.560303
Epoch 2 | Batch 1500/4225 | Loss 1.319249 | Accuracy 62.595769
Epoch 2 | Batch 1550/4225 | Loss 1.318541 | Accuracy 62.584623
Epoch 2 | Batch 1600/4225 | Loss 1.318905 | Accuracy 62.560509
Epoch 2 | Batch 1650/4225 | Loss 1.319270 | Accuracy 62.551105
Epoch 2 | Batch 1700/4225 | Loss 1.318722 | Accuracy 62.571649
Epoch 2 | Batch 1750/4225 | Loss 1.319652 | Accuracy 62.516062
Epoch 2 | Batch 1800/4225 | Loss 1.319707 | Accuracy 62.479178
Epoch 2 | Batch 1850/4225 | Loss 1.320025 | Accuracy 62.501688
Epoch 2 | Batch 1900/4225 | Loss 1.319359 | Accuracy 62.504932
Epoch 2 | Batch 1950/4225 | Loss 1.319544 | Accuracy 62.501602
Epoch 2 | Batch 2000/4225 | Loss 1.319144 | Accuracy 62.571839
Epoch 2 | Batch 2050/4225 | Loss 1.319163 | Accuracy 62.595990
Epoch 2 | Batch 2100/4225 | Loss 1.318371 | Accuracy 62.598168
Epoch 2 | Batch 2150/4225 | Loss 1.317305 | Accuracy 62.620583
Epoch 2 | Batch 2200/4225 | Loss 1.317185 | Accuracy 62.634882
Epoch 2 | Batch 2250/4225 | Loss 1.317154 | Accuracy 62.641604
Epoch 2 | Batch 2300/4225 | Loss 1.317380 | Accuracy 62.615439
Epoch 2 | Batch 2350/4225 | Loss 1.318353 | Accuracy 62.586399
Epoch 2 | Batch 2400/4225 | Loss 1.317994 | Accuracy 62.630154
Epoch 2 | Batch 2450/4225 | Loss 1.317004 | Accuracy 62.665749
Epoch 2 | Batch 2500/4225 | Loss 1.317619 | Accuracy 62.638695
Epoch 2 | Batch 2550/4225 | Loss 1.318008 | Accuracy 62.595551
Epoch 2 | Batch 2600/4225 | Loss 1.318162 | Accuracy 62.629758
Epoch 2 | Batch 2650/4225 | Loss 1.317932 | Accuracy 62.635562
Epoch 2 | Batch 2700/4225 | Loss 1.318123 | Accuracy 62.630739
Epoch 2 | Batch 2750/4225 | Loss 1.318353 | Accuracy 62.619275
Epoch 2 | Batch 2800/4225 | Loss 1.317946 | Accuracy 62.619377
Epoch 2 | Batch 2850/4225 | Loss 1.317271 | Accuracy 62.624956
Epoch 2 | Batch 2900/4225 | Loss 1.317581 | Accuracy 62.652964
Epoch 2 | Batch 2950/4225 | Loss 1.317456 | Accuracy 62.662021
Epoch 2 | Batch 3000/4225 | Loss 1.318381 | Accuracy 62.638496
Epoch 2 | Batch 3050/4225 | Loss 1.318525 | Accuracy 62.618814
Epoch 2 | Batch 3100/4225 | Loss 1.318563 | Accuracy 62.618913
Epoch 2 | Batch 3150/4225 | Loss 1.318005 | Accuracy 62.642812
Epoch 2 | Batch 3200/4225 | Loss 1.318037 | Accuracy 62.632771
Epoch 2 | Batch 3250/4225 | Loss 1.317845 | Accuracy 62.661489
Epoch 2 | Batch 3300/4225 | Loss 1.317200 | Accuracy 62.667563
Epoch 2 | Batch 3350/4225 | Loss 1.317675 | Accuracy 62.652007
Epoch 2 | Batch 3400/4225 | Loss 1.317308 | Accuracy 62.669068
Epoch 2 | Batch 3450/4225 | Loss 1.317696 | Accuracy 62.683824
Epoch 2 | Batch 3500/4225 | Loss 1.317894 | Accuracy 62.700835
Epoch 2 | Batch 3550/4225 | Loss 1.317493 | Accuracy 62.689207
Epoch 2 | Batch 3600/4225 | Loss 1.317355 | Accuracy 62.696994
Epoch 2 | Batch 3650/4225 | Loss 1.317242 | Accuracy 62.709703
Epoch 2 | Batch 3700/4225 | Loss 1.316220 | Accuracy 62.732201
Epoch 2 | Batch 3750/4225 | Loss 1.316213 | Accuracy 62.734937
Epoch 2 | Batch 3800/4225 | Loss 1.316885 | Accuracy 62.713760
Epoch 2 | Batch 3850/4225 | Loss 1.317216 | Accuracy 62.706927
Epoch 2 | Batch 3900/4225 | Loss 1.317081 | Accuracy 62.717092
Epoch 2 | Batch 3950/4225 | Loss 1.317817 | Accuracy 62.711972
Epoch 2 | Batch 4000/4225 | Loss 1.317779 | Accuracy 62.713228
Epoch 2 | Batch 4050/4225 | Loss 1.318183 | Accuracy 62.710596
Epoch 2 | Batch 4100/4225 | Loss 1.317856 | Accuracy 62.727841
Epoch 2 | Batch 4150/4225 | Loss 1.317634 | Accuracy 62.737894
Epoch 2 | Batch 4200/4225 | Loss 1.317510 | Accuracy 62.753660
Token indices sequence length is longer than the specified maximum sequence length for this model (1195 > 512). Running this sequence through the model will result in indexing errors
Token indices sequence length is longer than the specified maximum sequence length for this model (1195 > 512). Running this sequence through the model will result in indexing errors
Token indices sequence length is longer than the specified maximum sequence length for this model (15150 > 512). Running this sequence through the model will result in indexing errors
Token indices sequence length is longer than the specified maximum sequence length for this model (15150 > 512). Running this sequence through the model will result in indexing errors
Epoch 3 | Batch 0/4225 | Loss 0.753623 | Accuracy 68.750000
Epoch 3 | Batch 50/4225 | Loss 1.286473 | Accuracy 64.338235
Epoch 3 | Batch 100/4225 | Loss 1.303216 | Accuracy 63.644802
Epoch 3 | Batch 150/4225 | Loss 1.307985 | Accuracy 63.224338
Epoch 3 | Batch 200/4225 | Loss 1.310826 | Accuracy 62.686567
Epoch 3 | Batch 250/4225 | Loss 1.308919 | Accuracy 62.823705
Epoch 3 | Batch 300/4225 | Loss 1.311024 | Accuracy 62.904900
Epoch 3 | Batch 350/4225 | Loss 1.306403 | Accuracy 63.016382
Epoch 3 | Batch 400/4225 | Loss 1.311909 | Accuracy 62.913030
Epoch 3 | Batch 450/4225 | Loss 1.316812 | Accuracy 63.040466
Epoch 3 | Batch 500/4225 | Loss 1.319352 | Accuracy 62.924152
Epoch 3 | Batch 550/4225 | Loss 1.320145 | Accuracy 62.845962
Epoch 3 | Batch 600/4225 | Loss 1.318795 | Accuracy 62.978369
Epoch 3 | Batch 650/4225 | Loss 1.316777 | Accuracy 63.104839
Epoch 3 | Batch 700/4225 | Loss 1.319303 | Accuracy 63.115193
Epoch 3 | Batch 750/4225 | Loss 1.321240 | Accuracy 63.120007
Epoch 3 | Batch 800/4225 | Loss 1.317637 | Accuracy 63.252965
Epoch 3 | Batch 850/4225 | Loss 1.317286 | Accuracy 63.183020
Epoch 3 | Batch 900/4225 | Loss 1.316914 | Accuracy 63.131243
Epoch 3 | Batch 950/4225 | Loss 1.318352 | Accuracy 63.025762
Epoch 3 | Batch 1000/4225 | Loss 1.318118 | Accuracy 62.899600
Epoch 3 | Batch 1050/4225 | Loss 1.316380 | Accuracy 62.883563
Epoch 3 | Batch 1100/4225 | Loss 1.315502 | Accuracy 62.905881
Epoch 3 | Batch 1150/4225 | Loss 1.316225 | Accuracy 62.825804
Epoch 3 | Batch 1200/4225 | Loss 1.315538 | Accuracy 62.908514
Epoch 3 | Batch 1250/4225 | Loss 1.317519 | Accuracy 62.892186
Epoch 3 | Batch 1300/4225 | Loss 1.316098 | Accuracy 62.953978
Epoch 3 | Batch 1350/4225 | Loss 1.315802 | Accuracy 62.992691
Epoch 3 | Batch 1400/4225 | Loss 1.316251 | Accuracy 62.984029
Epoch 3 | Batch 1450/4225 | Loss 1.317767 | Accuracy 62.885510
Epoch 3 | Batch 1500/4225 | Loss 1.317162 | Accuracy 62.814374
Epoch 3 | Batch 1550/4225 | Loss 1.317206 | Accuracy 62.804239
Epoch 3 | Batch 1600/4225 | Loss 1.318219 | Accuracy 62.761555
Epoch 3 | Batch 1650/4225 | Loss 1.318471 | Accuracy 62.704422
Epoch 3 | Batch 1700/4225 | Loss 1.318448 | Accuracy 62.689227
Epoch 3 | Batch 1750/4225 | Loss 1.318336 | Accuracy 62.669546
Epoch 3 | Batch 1800/4225 | Loss 1.319030 | Accuracy 62.645752
Epoch 3 | Batch 1850/4225 | Loss 1.319481 | Accuracy 62.609738
Epoch 3 | Batch 1900/4225 | Loss 1.319754 | Accuracy 62.596988
Epoch 3 | Batch 1950/4225 | Loss 1.320134 | Accuracy 62.546451
Epoch 3 | Batch 2000/4225 | Loss 1.319869 | Accuracy 62.532796
Epoch 3 | Batch 2050/4225 | Loss 1.318576 | Accuracy 62.574659
Epoch 3 | Batch 2100/4225 | Loss 1.317984 | Accuracy 62.574369
Epoch 3 | Batch 2150/4225 | Loss 1.317640 | Accuracy 62.598791
Epoch 3 | Batch 2200/4225 | Loss 1.318398 | Accuracy 62.583769
Epoch 3 | Batch 2250/4225 | Loss 1.319450 | Accuracy 62.543036
Epoch 3 | Batch 2300/4225 | Loss 1.318893 | Accuracy 62.525804
Epoch 3 | Batch 2350/4225 | Loss 1.319005 | Accuracy 62.566461
Epoch 3 | Batch 2400/4225 | Loss 1.319346 | Accuracy 62.574188
Epoch 3 | Batch 2450/4225 | Loss 1.318125 | Accuracy 62.608374
Epoch 3 | Batch 2500/4225 | Loss 1.317632 | Accuracy 62.601210
Epoch 3 | Batch 2550/4225 | Loss 1.317818 | Accuracy 62.598001
Epoch 3 | Batch 2600/4225 | Loss 1.317453 | Accuracy 62.611736
Epoch 3 | Batch 2650/4225 | Loss 1.317060 | Accuracy 62.619059
Epoch 3 | Batch 2700/4225 | Loss 1.317421 | Accuracy 62.613384
Epoch 3 | Batch 2750/4225 | Loss 1.317476 | Accuracy 62.627226
Epoch 3 | Batch 2800/4225 | Loss 1.316764 | Accuracy 62.634996
Epoch 3 | Batch 2850/4225 | Loss 1.316861 | Accuracy 62.593169
Epoch 3 | Batch 2900/4225 | Loss 1.316710 | Accuracy 62.620648
Epoch 3 | Batch 2950/4225 | Loss 1.316082 | Accuracy 62.681083
Epoch 3 | Batch 3000/4225 | Loss 1.315990 | Accuracy 62.688479
Epoch 3 | Batch 3050/4225 | Loss 1.316296 | Accuracy 62.702802
Epoch 3 | Batch 3100/4225 | Loss 1.316713 | Accuracy 62.726741
Epoch 3 | Batch 3150/4225 | Loss 1.316871 | Accuracy 62.726119
Epoch 3 | Batch 3200/4225 | Loss 1.316773 | Accuracy 62.739183
Epoch 3 | Batch 3250/4225 | Loss 1.316309 | Accuracy 62.747039
Epoch 3 | Batch 3300/4225 | Loss 1.316377 | Accuracy 62.774538
Epoch 3 | Batch 3350/4225 | Loss 1.316304 | Accuracy 62.760184
Epoch 3 | Batch 3400/4225 | Loss 1.315864 | Accuracy 62.787599
Epoch 3 | Batch 3450/4225 | Loss 1.316056 | Accuracy 62.785243
Epoch 3 | Batch 3500/4225 | Loss 1.315977 | Accuracy 62.777599
Epoch 3 | Batch 3550/4225 | Loss 1.316495 | Accuracy 62.764890
Epoch 3 | Batch 3600/4225 | Loss 1.316226 | Accuracy 62.747327
Epoch 3 | Batch 3650/4225 | Loss 1.317230 | Accuracy 62.726821
Epoch 3 | Batch 3700/4225 | Loss 1.317721 | Accuracy 62.717002
Epoch 3 | Batch 3750/4225 | Loss 1.317745 | Accuracy 62.728272
Epoch 3 | Batch 3800/4225 | Loss 1.317369 | Accuracy 62.747468
Epoch 3 | Batch 3850/4225 | Loss 1.317955 | Accuracy 62.717476
Epoch 3 | Batch 3900/4225 | Loss 1.317822 | Accuracy 62.727506
Epoch 3 | Batch 3950/4225 | Loss 1.317952 | Accuracy 62.739655
Epoch 3 | Batch 4000/4225 | Loss 1.318070 | Accuracy 62.726506
Epoch 3 | Batch 4050/4225 | Loss 1.317599 | Accuracy 62.736824
Epoch 3 | Batch 4100/4225 | Loss 1.317579 | Accuracy 62.735461
Epoch 3 | Batch 4150/4225 | Loss 1.317812 | Accuracy 62.742411
Epoch 3 | Batch 4200/4225 | Loss 1.317888 | Accuracy 62.740270
Token indices sequence length is longer than the specified maximum sequence length for this model (15150 > 512). Running this sequence through the model will result in indexing errors
Token indices sequence length is longer than the specified maximum sequence length for this model (15150 > 512). Running this sequence through the model will result in indexing errors
Token indices sequence length is longer than the specified maximum sequence length for this model (1195 > 512). Running this sequence through the model will result in indexing errors
Token indices sequence length is longer than the specified maximum sequence length for this model (1195 > 512). Running this sequence through the model will result in indexing errors
Epoch 4 | Batch 0/4225 | Loss 1.310220 | Accuracy 71.875000
Epoch 4 | Batch 50/4225 | Loss 1.351175 | Accuracy 61.458333
Epoch 4 | Batch 100/4225 | Loss 1.323000 | Accuracy 62.252475
Epoch 4 | Batch 150/4225 | Loss 1.317347 | Accuracy 62.293046
Epoch 4 | Batch 200/4225 | Loss 1.317980 | Accuracy 62.064677
Epoch 4 | Batch 250/4225 | Loss 1.322414 | Accuracy 62.126494
Epoch 4 | Batch 300/4225 | Loss 1.320651 | Accuracy 62.115864
Epoch 4 | Batch 350/4225 | Loss 1.316172 | Accuracy 62.446581
Epoch 4 | Batch 400/4225 | Loss 1.312673 | Accuracy 62.554551
Epoch 4 | Batch 450/4225 | Loss 1.313367 | Accuracy 62.513858
Epoch 4 | Batch 500/4225 | Loss 1.319024 | Accuracy 62.312874
Epoch 4 | Batch 550/4225 | Loss 1.316783 | Accuracy 62.318512
Epoch 4 | Batch 600/4225 | Loss 1.313182 | Accuracy 62.422005
Epoch 4 | Batch 650/4225 | Loss 1.312047 | Accuracy 62.514401
Epoch 4 | Batch 700/4225 | Loss 1.312859 | Accuracy 62.401926
Epoch 4 | Batch 750/4225 | Loss 1.312359 | Accuracy 62.346039
Epoch 4 | Batch 800/4225 | Loss 1.311118 | Accuracy 62.402466
Epoch 4 | Batch 850/4225 | Loss 1.313671 | Accuracy 62.261310
Epoch 4 | Batch 900/4225 | Loss 1.315091 | Accuracy 62.246809
Epoch 4 | Batch 950/4225 | Loss 1.314615 | Accuracy 62.306125
Epoch 4 | Batch 1000/4225 | Loss 1.314078 | Accuracy 62.259615
Epoch 4 | Batch 1050/4225 | Loss 1.313088 | Accuracy 62.321598
Epoch 4 | Batch 1100/4225 | Loss 1.314013 | Accuracy 62.383629
Epoch 4 | Batch 1150/4225 | Loss 1.314937 | Accuracy 62.385969
Epoch 4 | Batch 1200/4225 | Loss 1.315816 | Accuracy 62.403726
Epoch 4 | Batch 1250/4225 | Loss 1.316710 | Accuracy 62.365108
Epoch 4 | Batch 1300/4225 | Loss 1.315806 | Accuracy 62.420734
Epoch 4 | Batch 1350/4225 | Loss 1.317204 | Accuracy 62.412102
Epoch 4 | Batch 1400/4225 | Loss 1.316815 | Accuracy 62.437545
Epoch 4 | Batch 1450/4225 | Loss 1.317395 | Accuracy 62.372932
Epoch 4 | Batch 1500/4225 | Loss 1.316069 | Accuracy 62.410476
Epoch 4 | Batch 1550/4225 | Loss 1.315597 | Accuracy 62.419407
Epoch 4 | Batch 1600/4225 | Loss 1.315254 | Accuracy 62.427780
Epoch 4 | Batch 1650/4225 | Loss 1.314724 | Accuracy 62.426181
Epoch 4 | Batch 1700/4225 | Loss 1.313856 | Accuracy 62.505511
Epoch 4 | Batch 1750/4225 | Loss 1.315787 | Accuracy 62.496431
Epoch 4 | Batch 1800/4225 | Loss 1.315214 | Accuracy 62.487854
Epoch 4 | Batch 1850/4225 | Loss 1.314745 | Accuracy 62.535454
Epoch 4 | Batch 1900/4225 | Loss 1.315200 | Accuracy 62.516439
Epoch 4 | Batch 1950/4225 | Loss 1.314765 | Accuracy 62.565671
Epoch 4 | Batch 2000/4225 | Loss 1.316099 | Accuracy 62.526549
Epoch 4 | Batch 2050/4225 | Loss 1.316365 | Accuracy 62.533520
Epoch 4 | Batch 2100/4225 | Loss 1.317249 | Accuracy 62.497025
Epoch 4 | Batch 2150/4225 | Loss 1.316998 | Accuracy 62.498547
Epoch 4 | Batch 2200/4225 | Loss 1.316258 | Accuracy 62.508519
Epoch 4 | Batch 2250/4225 | Loss 1.315842 | Accuracy 62.537483
Epoch 4 | Batch 2300/4225 | Loss 1.316280 | Accuracy 62.565189
Epoch 4 | Batch 2350/4225 | Loss 1.317116 | Accuracy 62.562473
Epoch 4 | Batch 2400/4225 | Loss 1.318300 | Accuracy 62.545554
Epoch 4 | Batch 2450/4225 | Loss 1.317996 | Accuracy 62.525500
Epoch 4 | Batch 2500/4225 | Loss 1.318272 | Accuracy 62.533737
Epoch 4 | Batch 2550/4225 | Loss 1.318320 | Accuracy 62.553900
Epoch 4 | Batch 2600/4225 | Loss 1.319532 | Accuracy 62.510813
Epoch 4 | Batch 2650/4225 | Loss 1.319365 | Accuracy 62.484676
Epoch 4 | Batch 2700/4225 | Loss 1.318742 | Accuracy 62.526611
Epoch 4 | Batch 2750/4225 | Loss 1.318494 | Accuracy 62.544302
Epoch 4 | Batch 2800/4225 | Loss 1.318745 | Accuracy 62.558015
Epoch 4 | Batch 2850/4225 | Loss 1.318397 | Accuracy 62.559190
Epoch 4 | Batch 2900/4225 | Loss 1.318237 | Accuracy 62.561401
Epoch 4 | Batch 2950/4225 | Loss 1.317840 | Accuracy 62.564597
Epoch 4 | Batch 3000/4225 | Loss 1.318130 | Accuracy 62.590595
Epoch 4 | Batch 3050/4225 | Loss 1.317983 | Accuracy 62.576819
Epoch 4 | Batch 3100/4225 | Loss 1.318576 | Accuracy 62.564495
Epoch 4 | Batch 3150/4225 | Loss 1.318194 | Accuracy 62.575373
Epoch 4 | Batch 3200/4225 | Loss 1.317946 | Accuracy 62.592744
Epoch 4 | Batch 3250/4225 | Loss 1.318304 | Accuracy 62.603814
Epoch 4 | Batch 3300/4225 | Loss 1.318124 | Accuracy 62.593722
Epoch 4 | Batch 3350/4225 | Loss 1.318313 | Accuracy 62.600716
Epoch 4 | Batch 3400/4225 | Loss 1.318050 | Accuracy 62.612099
Epoch 4 | Batch 3450/4225 | Loss 1.317960 | Accuracy 62.621342
Epoch 4 | Batch 3500/4225 | Loss 1.318658 | Accuracy 62.637461
Epoch 4 | Batch 3550/4225 | Loss 1.318549 | Accuracy 62.648726
Epoch 4 | Batch 3600/4225 | Loss 1.319057 | Accuracy 62.642322
Epoch 4 | Batch 3650/4225 | Loss 1.318953 | Accuracy 62.645508
Epoch 4 | Batch 3700/4225 | Loss 1.319171 | Accuracy 62.652830
Epoch 4 | Batch 3750/4225 | Loss 1.318924 | Accuracy 62.682451
Epoch 4 | Batch 3800/4225 | Loss 1.318905 | Accuracy 62.684162
Epoch 4 | Batch 3850/4225 | Loss 1.317977 | Accuracy 62.729648
Epoch 4 | Batch 3900/4225 | Loss 1.317394 | Accuracy 62.745129
Epoch 4 | Batch 3950/4225 | Loss 1.317818 | Accuracy 62.739655
Epoch 4 | Batch 4000/4225 | Loss 1.317538 | Accuracy 62.737441
Epoch 4 | Batch 4050/4225 | Loss 1.318503 | Accuracy 62.726024
Epoch 4 | Batch 4100/4225 | Loss 1.317647 | Accuracy 62.727841
Epoch 4 | Batch 4150/4225 | Loss 1.317757 | Accuracy 62.710793
Epoch 4 | Batch 4200/4225 | Loss 1.317384 | Accuracy 62.719442
Token indices sequence length is longer than the specified maximum sequence length for this model (1195 > 512). Running this sequence through the model will result in indexing errors
Token indices sequence length is longer than the specified maximum sequence length for this model (1195 > 512). Running this sequence through the model will result in indexing errors
Token indices sequence length is longer than the specified maximum sequence length for this model (15150 > 512). Running this sequence through the model will result in indexing errors
Token indices sequence length is longer than the specified maximum sequence length for this model (15150 > 512). Running this sequence through the model will result in indexing errors
Epoch 5 | Batch 0/4225 | Loss 1.022616 | Accuracy 62.500000
Epoch 5 | Batch 50/4225 | Loss 1.350771 | Accuracy 60.968137
Epoch 5 | Batch 100/4225 | Loss 1.325400 | Accuracy 62.128713
Epoch 5 | Batch 150/4225 | Loss 1.322827 | Accuracy 62.293046
Epoch 5 | Batch 200/4225 | Loss 1.329334 | Accuracy 62.546642
Epoch 5 | Batch 250/4225 | Loss 1.329342 | Accuracy 62.375498
Epoch 5 | Batch 300/4225 | Loss 1.325758 | Accuracy 62.468854
Epoch 5 | Batch 350/4225 | Loss 1.326392 | Accuracy 62.410969
Epoch 5 | Batch 400/4225 | Loss 1.326322 | Accuracy 62.546758
Epoch 5 | Batch 450/4225 | Loss 1.325593 | Accuracy 62.541574
Epoch 5 | Batch 500/4225 | Loss 1.320625 | Accuracy 62.662176
Epoch 5 | Batch 550/4225 | Loss 1.322046 | Accuracy 62.709846
Epoch 5 | Batch 600/4225 | Loss 1.324225 | Accuracy 62.723586
Epoch 5 | Batch 650/4225 | Loss 1.327070 | Accuracy 62.552803
Epoch 5 | Batch 700/4225 | Loss 1.325446 | Accuracy 62.615906
Epoch 5 | Batch 750/4225 | Loss 1.323190 | Accuracy 62.608189
Epoch 5 | Batch 800/4225 | Loss 1.321884 | Accuracy 62.718477
Epoch 5 | Batch 850/4225 | Loss 1.322412 | Accuracy 62.639542
Epoch 5 | Batch 900/4225 | Loss 1.323868 | Accuracy 62.565899
Epoch 5 | Batch 950/4225 | Loss 1.320414 | Accuracy 62.674159
Epoch 5 | Batch 1000/4225 | Loss 1.321448 | Accuracy 62.609266
Epoch 5 | Batch 1050/4225 | Loss 1.319272 | Accuracy 62.714082
Epoch 5 | Batch 1100/4225 | Loss 1.319110 | Accuracy 62.712875
Epoch 5 | Batch 1150/4225 | Loss 1.319582 | Accuracy 62.671047
Epoch 5 | Batch 1200/4225 | Loss 1.319155 | Accuracy 62.656120
Epoch 5 | Batch 1250/4225 | Loss 1.317939 | Accuracy 62.674860
Epoch 5 | Batch 1300/4225 | Loss 1.315890 | Accuracy 62.752210
Epoch 5 | Batch 1350/4225 | Loss 1.316109 | Accuracy 62.756754
Epoch 5 | Batch 1400/4225 | Loss 1.316407 | Accuracy 62.823430
Epoch 5 | Batch 1450/4225 | Loss 1.315647 | Accuracy 62.861819
Epoch 5 | Batch 1500/4225 | Loss 1.315639 | Accuracy 62.878914
Epoch 5 | Batch 1550/4225 | Loss 1.315192 | Accuracy 62.810284
Epoch 5 | Batch 1600/4225 | Loss 1.315463 | Accuracy 62.742036
Epoch 5 | Batch 1650/4225 | Loss 1.315973 | Accuracy 62.730921
Epoch 5 | Batch 1700/4225 | Loss 1.316188 | Accuracy 62.694738
Epoch 5 | Batch 1750/4225 | Loss 1.315873 | Accuracy 62.717733
Epoch 5 | Batch 1800/4225 | Loss 1.315056 | Accuracy 62.701277
Epoch 5 | Batch 1850/4225 | Loss 1.314573 | Accuracy 62.680646
Epoch 5 | Batch 1900/4225 | Loss 1.314376 | Accuracy 62.721923
Epoch 5 | Batch 1950/4225 | Loss 1.314590 | Accuracy 62.735456
Epoch 5 | Batch 2000/4225 | Loss 1.313957 | Accuracy 62.752999
Epoch 5 | Batch 2050/4225 | Loss 1.314842 | Accuracy 62.748354
Epoch 5 | Batch 2100/4225 | Loss 1.313942 | Accuracy 62.772192
Epoch 5 | Batch 2150/4225 | Loss 1.314247 | Accuracy 62.730997
Epoch 5 | Batch 2200/4225 | Loss 1.314119 | Accuracy 62.775443
Epoch 5 | Batch 2250/4225 | Loss 1.314478 | Accuracy 62.758219
Epoch 5 | Batch 2300/4225 | Loss 1.314523 | Accuracy 62.758040
Epoch 5 | Batch 2350/4225 | Loss 1.314050 | Accuracy 62.785783
Epoch 5 | Batch 2400/4225 | Loss 1.314570 | Accuracy 62.757705
Epoch 5 | Batch 2450/4225 | Loss 1.314788 | Accuracy 62.712923
Epoch 5 | Batch 2500/4225 | Loss 1.314941 | Accuracy 62.746152
Epoch 5 | Batch 2550/4225 | Loss 1.314544 | Accuracy 62.754802
Epoch 5 | Batch 2600/4225 | Loss 1.314515 | Accuracy 62.760717
Epoch 5 | Batch 2650/4225 | Loss 1.314696 | Accuracy 62.765230
Epoch 5 | Batch 2700/4225 | Loss 1.314439 | Accuracy 62.782303
Epoch 5 | Batch 2750/4225 | Loss 1.314746 | Accuracy 62.749909
Epoch 5 | Batch 2800/4225 | Loss 1.315108 | Accuracy 62.771109
Epoch 5 | Batch 2850/4225 | Loss 1.315387 | Accuracy 62.759777
Epoch 5 | Batch 2900/4225 | Loss 1.315651 | Accuracy 62.735910
Epoch 5 | Batch 2950/4225 | Loss 1.315631 | Accuracy 62.726618
Epoch 5 | Batch 3000/4225 | Loss 1.315414 | Accuracy 62.740545
Epoch 5 | Batch 3050/4225 | Loss 1.315830 | Accuracy 62.752991
Epoch 5 | Batch 3100/4225 | Loss 1.316204 | Accuracy 62.774105
Epoch 5 | Batch 3150/4225 | Loss 1.316237 | Accuracy 62.778681
Epoch 5 | Batch 3200/4225 | Loss 1.316544 | Accuracy 62.760661
Epoch 5 | Batch 3250/4225 | Loss 1.316533 | Accuracy 62.759536
Epoch 5 | Batch 3300/4225 | Loss 1.317098 | Accuracy 62.757498
Epoch 5 | Batch 3350/4225 | Loss 1.316677 | Accuracy 62.736870
Epoch 5 | Batch 3400/4225 | Loss 1.316858 | Accuracy 62.758196
Epoch 5 | Batch 3450/4225 | Loss 1.316376 | Accuracy 62.769849
Epoch 5 | Batch 3500/4225 | Loss 1.316702 | Accuracy 62.737432
Epoch 5 | Batch 3550/4225 | Loss 1.316756 | Accuracy 62.716488
Epoch 5 | Batch 3600/4225 | Loss 1.316823 | Accuracy 62.703936
Epoch 5 | Batch 3650/4225 | Loss 1.316793 | Accuracy 62.705423
Epoch 5 | Batch 3700/4225 | Loss 1.316664 | Accuracy 62.700959
Epoch 5 | Batch 3750/4225 | Loss 1.317360 | Accuracy 62.669955
Epoch 5 | Batch 3800/4225 | Loss 1.317458 | Accuracy 62.645521
Epoch 5 | Batch 3850/4225 | Loss 1.317899 | Accuracy 62.637140
Epoch 5 | Batch 3900/4225 | Loss 1.317689 | Accuracy 62.661016
Epoch 5 | Batch 3950/4225 | Loss 1.316924 | Accuracy 62.666097
Epoch 5 | Batch 4000/4225 | Loss 1.316672 | Accuracy 62.682767
Epoch 5 | Batch 4050/4225 | Loss 1.316341 | Accuracy 62.706739
Epoch 5 | Batch 4100/4225 | Loss 1.316271 | Accuracy 62.715649
Epoch 5 | Batch 4150/4225 | Loss 1.316121 | Accuracy 62.709287
Epoch 5 | Batch 4200/4225 | Loss 1.316509 | Accuracy 62.712003
Token indices sequence length is longer than the specified maximum sequence length for this model (1195 > 512). Running this sequence through the model will result in indexing errors
Token indices sequence length is longer than the specified maximum sequence length for this model (15150 > 512). Running this sequence through the model will result in indexing errors
Token indices sequence length is longer than the specified maximum sequence length for this model (1195 > 512). Running this sequence through the model will result in indexing errors
Token indices sequence length is longer than the specified maximum sequence length for this model (15150 > 512). Running this sequence through the model will result in indexing errors
Epoch 6 | Batch 0/4225 | Loss 1.020311 | Accuracy 68.750000
Epoch 6 | Batch 50/4225 | Loss 1.301672 | Accuracy 63.602941
Epoch 6 | Batch 100/4225 | Loss 1.300822 | Accuracy 62.840347
Epoch 6 | Batch 150/4225 | Loss 1.310891 | Accuracy 62.686258
Epoch 6 | Batch 200/4225 | Loss 1.315941 | Accuracy 62.733209
Epoch 6 | Batch 250/4225 | Loss 1.332362 | Accuracy 62.711653
Epoch 6 | Batch 300/4225 | Loss 1.326930 | Accuracy 62.811462
Epoch 6 | Batch 350/4225 | Loss 1.328398 | Accuracy 62.686966
Epoch 6 | Batch 400/4225 | Loss 1.323465 | Accuracy 62.827307
Epoch 6 | Batch 450/4225 | Loss 1.323243 | Accuracy 62.943459
Epoch 6 | Batch 500/4225 | Loss 1.323069 | Accuracy 62.961577
Epoch 6 | Batch 550/4225 | Loss 1.323310 | Accuracy 62.885662
Epoch 6 | Batch 600/4225 | Loss 1.322764 | Accuracy 62.988769
Epoch 6 | Batch 650/4225 | Loss 1.322968 | Accuracy 62.864823
Epoch 6 | Batch 700/4225 | Loss 1.319003 | Accuracy 62.878923
Epoch 6 | Batch 750/4225 | Loss 1.316477 | Accuracy 62.907790
Epoch 6 | Batch 800/4225 | Loss 1.319165 | Accuracy 62.905743
Epoch 6 | Batch 850/4225 | Loss 1.322127 | Accuracy 62.797444
Epoch 6 | Batch 900/4225 | Loss 1.322792 | Accuracy 62.798280
Epoch 6 | Batch 950/4225 | Loss 1.321175 | Accuracy 62.828601
Epoch 6 | Batch 1000/4225 | Loss 1.322031 | Accuracy 62.824675
Epoch 6 | Batch 1050/4225 | Loss 1.320906 | Accuracy 62.853830
Epoch 6 | Batch 1100/4225 | Loss 1.321088 | Accuracy 62.851953
Epoch 6 | Batch 1150/4225 | Loss 1.317677 | Accuracy 62.950695
Epoch 6 | Batch 1200/4225 | Loss 1.315684 | Accuracy 62.973564
Epoch 6 | Batch 1250/4225 | Loss 1.316368 | Accuracy 62.979616
Epoch 6 | Batch 1300/4225 | Loss 1.316242 | Accuracy 62.977998
Epoch 6 | Batch 1350/4225 | Loss 1.316528 | Accuracy 62.946429
Epoch 6 | Batch 1400/4225 | Loss 1.317155 | Accuracy 62.961724
Epoch 6 | Batch 1450/4225 | Loss 1.317595 | Accuracy 62.937198
Epoch 6 | Batch 1500/4225 | Loss 1.317050 | Accuracy 63.026732
Epoch 6 | Batch 1550/4225 | Loss 1.318694 | Accuracy 63.001692
Epoch 6 | Batch 1600/4225 | Loss 1.317132 | Accuracy 63.042630
Epoch 6 | Batch 1650/4225 | Loss 1.317463 | Accuracy 62.963734
Epoch 6 | Batch 1700/4225 | Loss 1.318026 | Accuracy 62.929894
Epoch 6 | Batch 1750/4225 | Loss 1.318556 | Accuracy 62.931896
Epoch 6 | Batch 1800/4225 | Loss 1.318388 | Accuracy 62.925111
Epoch 6 | Batch 1850/4225 | Loss 1.319554 | Accuracy 62.959211
Epoch 6 | Batch 1900/4225 | Loss 1.320708 | Accuracy 62.929050
Epoch 6 | Batch 1950/4225 | Loss 1.320715 | Accuracy 62.937276
Epoch 6 | Batch 2000/4225 | Loss 1.321216 | Accuracy 62.937281
Epoch 6 | Batch 2050/4225 | Loss 1.320781 | Accuracy 62.952523
Epoch 6 | Batch 2100/4225 | Loss 1.320234 | Accuracy 62.953653
Epoch 6 | Batch 2150/4225 | Loss 1.320850 | Accuracy 62.961994
Epoch 6 | Batch 2200/4225 | Loss 1.320379 | Accuracy 62.957179
Epoch 6 | Batch 2250/4225 | Loss 1.320894 | Accuracy 62.934529
Epoch 6 | Batch 2300/4225 | Loss 1.320510 | Accuracy 62.918296
Epoch 6 | Batch 2350/4225 | Loss 1.319900 | Accuracy 62.854902
Epoch 6 | Batch 2400/4225 | Loss 1.319459 | Accuracy 62.863130
Epoch 6 | Batch 2450/4225 | Loss 1.319392 | Accuracy 62.876122
Epoch 6 | Batch 2500/4225 | Loss 1.319364 | Accuracy 62.879848
Epoch 6 | Batch 2550/4225 | Loss 1.318832 | Accuracy 62.893228
Epoch 6 | Batch 2600/4225 | Loss 1.318416 | Accuracy 62.885669
Epoch 6 | Batch 2650/4225 | Loss 1.318610 | Accuracy 62.891362
Epoch 6 | Batch 2700/4225 | Loss 1.318862 | Accuracy 62.845937
Epoch 6 | Batch 2750/4225 | Loss 1.319226 | Accuracy 62.839649
Epoch 6 | Batch 2800/4225 | Loss 1.318034 | Accuracy 62.887139
Epoch 6 | Batch 2850/4225 | Loss 1.317929 | Accuracy 62.893502
Epoch 6 | Batch 2900/4225 | Loss 1.317950 | Accuracy 62.898569
Epoch 6 | Batch 2950/4225 | Loss 1.317736 | Accuracy 62.923585
Epoch 6 | Batch 3000/4225 | Loss 1.318499 | Accuracy 62.907156
Epoch 6 | Batch 3050/4225 | Loss 1.319347 | Accuracy 62.862586
Epoch 6 | Batch 3100/4225 | Loss 1.319356 | Accuracy 62.874879
Epoch 6 | Batch 3150/4225 | Loss 1.320183 | Accuracy 62.854054
Epoch 6 | Batch 3200/4225 | Loss 1.320078 | Accuracy 62.854381
Epoch 6 | Batch 3250/4225 | Loss 1.319784 | Accuracy 62.859505
Epoch 6 | Batch 3300/4225 | Loss 1.320013 | Accuracy 62.841752
Epoch 6 | Batch 3350/4225 | Loss 1.319571 | Accuracy 62.844114
Epoch 6 | Batch 3400/4225 | Loss 1.318795 | Accuracy 62.877646
Epoch 6 | Batch 3450/4225 | Loss 1.319017 | Accuracy 62.866742
Epoch 6 | Batch 3500/4225 | Loss 1.318749 | Accuracy 62.868645
Epoch 6 | Batch 3550/4225 | Loss 1.318871 | Accuracy 62.848493
Epoch 6 | Batch 3600/4225 | Loss 1.319334 | Accuracy 62.856672
Epoch 6 | Batch 3650/4225 | Loss 1.319608 | Accuracy 62.875753
Epoch 6 | Batch 3700/4225 | Loss 1.318795 | Accuracy 62.893475
Epoch 6 | Batch 3750/4225 | Loss 1.318833 | Accuracy 62.896561
Epoch 6 | Batch 3800/4225 | Loss 1.319120 | Accuracy 62.887234
Epoch 6 | Batch 3850/4225 | Loss 1.318460 | Accuracy 62.881394
Epoch 6 | Batch 3900/4225 | Loss 1.317744 | Accuracy 62.886920
Epoch 6 | Batch 3950/4225 | Loss 1.318129 | Accuracy 62.875696
Epoch 6 | Batch 4000/4225 | Loss 1.318353 | Accuracy 62.850694
Epoch 6 | Batch 4050/4225 | Loss 1.318238 | Accuracy 62.857936
Epoch 6 | Batch 4100/4225 | Loss 1.317284 | Accuracy 62.862716
Epoch 6 | Batch 4150/4225 | Loss 1.317949 | Accuracy 62.834257
Epoch 6 | Batch 4200/4225 | Loss 1.317582 | Accuracy 62.853338
Token indices sequence length is longer than the specified maximum sequence length for this model (1195 > 512). Running this sequence through the model will result in indexing errors
Token indices sequence length is longer than the specified maximum sequence length for this model (15150 > 512). Running this sequence through the model will result in indexing errors
Token indices sequence length is longer than the specified maximum sequence length for this model (1195 > 512). Running this sequence through the model will result in indexing errors
Token indices sequence length is longer than the specified maximum sequence length for this model (15150 > 512). Running this sequence through the model will result in indexing errors
Epoch 7 | Batch 0/4225 | Loss 1.244140 | Accuracy 50.000000
Epoch 7 | Batch 50/4225 | Loss 1.321156 | Accuracy 62.071078
Epoch 7 | Batch 100/4225 | Loss 1.301965 | Accuracy 62.685644
Epoch 7 | Batch 150/4225 | Loss 1.309264 | Accuracy 62.437914
Epoch 7 | Batch 200/4225 | Loss 1.322863 | Accuracy 62.297886
Epoch 7 | Batch 250/4225 | Loss 1.317515 | Accuracy 62.450199
Epoch 7 | Batch 300/4225 | Loss 1.325249 | Accuracy 62.448090
Epoch 7 | Batch 350/4225 | Loss 1.319305 | Accuracy 62.535613
Epoch 7 | Batch 400/4225 | Loss 1.316267 | Accuracy 62.749377
Epoch 7 | Batch 450/4225 | Loss 1.315618 | Accuracy 62.645510
Epoch 7 | Batch 500/4225 | Loss 1.317507 | Accuracy 62.599800
Epoch 7 | Batch 550/4225 | Loss 1.313270 | Accuracy 62.619102
Epoch 7 | Batch 600/4225 | Loss 1.315557 | Accuracy 62.614393
Epoch 7 | Batch 650/4225 | Loss 1.316784 | Accuracy 62.629608
Epoch 7 | Batch 700/4225 | Loss 1.312764 | Accuracy 62.883381
Epoch 7 | Batch 750/4225 | Loss 1.315378 | Accuracy 62.741345
Epoch 7 | Batch 800/4225 | Loss 1.313068 | Accuracy 62.745787
Epoch 7 | Batch 850/4225 | Loss 1.313467 | Accuracy 62.753378
Epoch 7 | Batch 900/4225 | Loss 1.313692 | Accuracy 62.746254
Epoch 7 | Batch 950/4225 | Loss 1.315990 | Accuracy 62.680731
Epoch 7 | Batch 1000/4225 | Loss 1.316163 | Accuracy 62.649850
Epoch 7 | Batch 1050/4225 | Loss 1.317549 | Accuracy 62.702188
Epoch 7 | Batch 1100/4225 | Loss 1.315423 | Accuracy 62.803701
Epoch 7 | Batch 1150/4225 | Loss 1.315722 | Accuracy 62.793223
Epoch 7 | Batch 1200/4225 | Loss 1.318389 | Accuracy 62.697752
Epoch 7 | Batch 1250/4225 | Loss 1.320925 | Accuracy 62.572442
Epoch 7 | Batch 1300/4225 | Loss 1.320328 | Accuracy 62.593678
Epoch 7 | Batch 1350/4225 | Loss 1.319616 | Accuracy 62.597150
Epoch 7 | Batch 1400/4225 | Loss 1.318595 | Accuracy 62.667291
Epoch 7 | Batch 1450/4225 | Loss 1.319614 | Accuracy 62.566764
Epoch 7 | Batch 1500/4225 | Loss 1.319811 | Accuracy 62.574950
Epoch 7 | Batch 1550/4225 | Loss 1.321161 | Accuracy 62.524178
Epoch 7 | Batch 1600/4225 | Loss 1.320465 | Accuracy 62.554653
Epoch 7 | Batch 1650/4225 | Loss 1.320699 | Accuracy 62.556784
Epoch 7 | Batch 1700/4225 | Loss 1.322038 | Accuracy 62.549603
Epoch 7 | Batch 1750/4225 | Loss 1.319694 | Accuracy 62.621359
Epoch 7 | Batch 1800/4225 | Loss 1.320438 | Accuracy 62.649223
Epoch 7 | Batch 1850/4225 | Loss 1.321455 | Accuracy 62.626621
Epoch 7 | Batch 1900/4225 | Loss 1.321622 | Accuracy 62.621647
Epoch 7 | Batch 1950/4225 | Loss 1.320732 | Accuracy 62.676192
Epoch 7 | Batch 2000/4225 | Loss 1.321228 | Accuracy 62.626499
Epoch 7 | Batch 2050/4225 | Loss 1.320564 | Accuracy 62.661507
Epoch 7 | Batch 2100/4225 | Loss 1.320322 | Accuracy 62.693360
Epoch 7 | Batch 2150/4225 | Loss 1.320767 | Accuracy 62.696130
Epoch 7 | Batch 2200/4225 | Loss 1.320962 | Accuracy 62.700193
Epoch 7 | Batch 2250/4225 | Loss 1.321498 | Accuracy 62.690193
Epoch 7 | Batch 2300/4225 | Loss 1.321707 | Accuracy 62.671121
Epoch 7 | Batch 2350/4225 | Loss 1.321540 | Accuracy 62.648873
Epoch 7 | Batch 2400/4225 | Loss 1.321478 | Accuracy 62.649677
Epoch 7 | Batch 2450/4225 | Loss 1.321503 | Accuracy 62.693798
Epoch 7 | Batch 2500/4225 | Loss 1.321521 | Accuracy 62.669932
Epoch 7 | Batch 2550/4225 | Loss 1.320670 | Accuracy 62.700902
Epoch 7 | Batch 2600/4225 | Loss 1.320046 | Accuracy 62.694637
Epoch 7 | Batch 2650/4225 | Loss 1.319716 | Accuracy 62.701575
Epoch 7 | Batch 2700/4225 | Loss 1.318681 | Accuracy 62.759163
Epoch 7 | Batch 2750/4225 | Loss 1.318121 | Accuracy 62.755589
Epoch 7 | Batch 2800/4225 | Loss 1.317806 | Accuracy 62.802347
Epoch 7 | Batch 2850/4225 | Loss 1.316758 | Accuracy 62.813486
Epoch 7 | Batch 2900/4225 | Loss 1.316475 | Accuracy 62.816701
Epoch 7 | Batch 2950/4225 | Loss 1.316738 | Accuracy 62.771095
Epoch 7 | Batch 3000/4225 | Loss 1.316983 | Accuracy 62.769702
Epoch 7 | Batch 3050/4225 | Loss 1.317448 | Accuracy 62.725336
Epoch 7 | Batch 3100/4225 | Loss 1.317594 | Accuracy 62.740850
Epoch 7 | Batch 3150/4225 | Loss 1.317155 | Accuracy 62.751904
Epoch 7 | Batch 3200/4225 | Loss 1.316810 | Accuracy 62.752851
Epoch 7 | Batch 3250/4225 | Loss 1.316859 | Accuracy 62.758574
Epoch 7 | Batch 3300/4225 | Loss 1.317426 | Accuracy 62.734777
Epoch 7 | Batch 3350/4225 | Loss 1.318144 | Accuracy 62.727544
Epoch 7 | Batch 3400/4225 | Loss 1.318004 | Accuracy 62.739819
Epoch 7 | Batch 3450/4225 | Loss 1.318488 | Accuracy 62.729100
Epoch 7 | Batch 3500/4225 | Loss 1.318864 | Accuracy 62.714225
Epoch 7 | Batch 3550/4225 | Loss 1.318401 | Accuracy 62.704168
Epoch 7 | Batch 3600/4225 | Loss 1.318291 | Accuracy 62.686580
Epoch 7 | Batch 3650/4225 | Loss 1.318771 | Accuracy 62.657491
Epoch 7 | Batch 3700/4225 | Loss 1.318684 | Accuracy 62.651986
Epoch 7 | Batch 3750/4225 | Loss 1.317695 | Accuracy 62.668288
Epoch 7 | Batch 3800/4225 | Loss 1.318051 | Accuracy 62.689917
Epoch 7 | Batch 3850/4225 | Loss 1.317968 | Accuracy 62.691509
Epoch 7 | Batch 3900/4225 | Loss 1.318181 | Accuracy 62.685850
Epoch 7 | Batch 3950/4225 | Loss 1.317948 | Accuracy 62.681125
Epoch 7 | Batch 4000/4225 | Loss 1.317812 | Accuracy 62.687453
Epoch 7 | Batch 4050/4225 | Loss 1.317591 | Accuracy 62.679740
Epoch 7 | Batch 4100/4225 | Loss 1.317672 | Accuracy 62.681358
Epoch 7 | Batch 4150/4225 | Loss 1.317743 | Accuracy 62.682938
Epoch 7 | Batch 4200/4225 | Loss 1.317519 | Accuracy 62.691919
Token indices sequence length is longer than the specified maximum sequence length for this model (1195 > 512). Running this sequence through the model will result in indexing errors
Token indices sequence length is longer than the specified maximum sequence length for this model (15150 > 512). Running this sequence through the model will result in indexing errors
Token indices sequence length is longer than the specified maximum sequence length for this model (15150 > 512). Running this sequence through the model will result in indexing errors
Token indices sequence length is longer than the specified maximum sequence length for this model (1195 > 512). Running this sequence through the model will result in indexing errors
Epoch 8 | Batch 0/4225 | Loss 1.045411 | Accuracy 59.375000
Epoch 8 | Batch 50/4225 | Loss 1.315409 | Accuracy 62.561275
Epoch 8 | Batch 100/4225 | Loss 1.299721 | Accuracy 63.799505
Epoch 8 | Batch 150/4225 | Loss 1.293032 | Accuracy 63.927980
Epoch 8 | Batch 200/4225 | Loss 1.299473 | Accuracy 63.759328
Epoch 8 | Batch 250/4225 | Loss 1.300481 | Accuracy 63.408865
Epoch 8 | Batch 300/4225 | Loss 1.303274 | Accuracy 63.652409
Epoch 8 | Batch 350/4225 | Loss 1.311001 | Accuracy 63.443732
Epoch 8 | Batch 400/4225 | Loss 1.312230 | Accuracy 63.333853
Epoch 8 | Batch 450/4225 | Loss 1.308862 | Accuracy 63.414634
Epoch 8 | Batch 500/4225 | Loss 1.309882 | Accuracy 63.167415
Epoch 8 | Batch 550/4225 | Loss 1.306284 | Accuracy 63.169238
Epoch 8 | Batch 600/4225 | Loss 1.306387 | Accuracy 63.009567
Epoch 8 | Batch 650/4225 | Loss 1.308543 | Accuracy 63.052035
Epoch 8 | Batch 700/4225 | Loss 1.308279 | Accuracy 63.150856
Epoch 8 | Batch 750/4225 | Loss 1.313278 | Accuracy 63.061751
Epoch 8 | Batch 800/4225 | Loss 1.312536 | Accuracy 63.018883
Epoch 8 | Batch 850/4225 | Loss 1.313024 | Accuracy 62.914953
Epoch 8 | Batch 900/4225 | Loss 1.314292 | Accuracy 62.999445
Epoch 8 | Batch 950/4225 | Loss 1.312662 | Accuracy 63.019190
Epoch 8 | Batch 1000/4225 | Loss 1.312458 | Accuracy 63.083791
Epoch 8 | Batch 1050/4225 | Loss 1.313482 | Accuracy 63.151166
Epoch 8 | Batch 1100/4225 | Loss 1.313337 | Accuracy 63.141462
Epoch 8 | Batch 1150/4225 | Loss 1.310932 | Accuracy 63.271069
Epoch 8 | Batch 1200/4225 | Loss 1.312426 | Accuracy 63.223356
Epoch 8 | Batch 1250/4225 | Loss 1.311406 | Accuracy 63.226918
Epoch 8 | Batch 1300/4225 | Loss 1.311830 | Accuracy 63.206188
Epoch 8 | Batch 1350/4225 | Loss 1.312691 | Accuracy 63.226314
Epoch 8 | Batch 1400/4225 | Loss 1.312688 | Accuracy 63.222698
Epoch 8 | Batch 1450/4225 | Loss 1.312557 | Accuracy 63.232254
Epoch 8 | Batch 1500/4225 | Loss 1.312621 | Accuracy 63.203698
Epoch 8 | Batch 1550/4225 | Loss 1.313956 | Accuracy 63.197131
Epoch 8 | Batch 1600/4225 | Loss 1.314230 | Accuracy 63.185119
Epoch 8 | Batch 1650/4225 | Loss 1.315674 | Accuracy 63.173834
Epoch 8 | Batch 1700/4225 | Loss 1.315862 | Accuracy 63.152190
Epoch 8 | Batch 1750/4225 | Loss 1.316092 | Accuracy 63.183538
Epoch 8 | Batch 1800/4225 | Loss 1.316464 | Accuracy 63.143740
Epoch 8 | Batch 1850/4225 | Loss 1.317990 | Accuracy 63.067261
Epoch 8 | Batch 1900/4225 | Loss 1.318158 | Accuracy 63.045765
Epoch 8 | Batch 1950/4225 | Loss 1.319020 | Accuracy 62.988532
Epoch 8 | Batch 2000/4225 | Loss 1.319381 | Accuracy 62.990380
Epoch 8 | Batch 2050/4225 | Loss 1.318936 | Accuracy 63.016516
Epoch 8 | Batch 2100/4225 | Loss 1.318579 | Accuracy 63.016123
Epoch 8 | Batch 2150/4225 | Loss 1.318658 | Accuracy 63.027371
Epoch 8 | Batch 2200/4225 | Loss 1.317940 | Accuracy 63.045207
Epoch 8 | Batch 2250/4225 | Loss 1.318373 | Accuracy 63.027543
Epoch 8 | Batch 2300/4225 | Loss 1.317672 | Accuracy 63.006573
Epoch 8 | Batch 2350/4225 | Loss 1.317758 | Accuracy 62.994470
Epoch 8 | Batch 2400/4225 | Loss 1.317963 | Accuracy 62.981570
Epoch 8 | Batch 2450/4225 | Loss 1.317322 | Accuracy 62.981946
Epoch 8 | Batch 2500/4225 | Loss 1.316172 | Accuracy 62.987305
Epoch 8 | Batch 2550/4225 | Loss 1.316874 | Accuracy 62.950804
Epoch 8 | Batch 2600/4225 | Loss 1.316695 | Accuracy 62.925317
Epoch 8 | Batch 2650/4225 | Loss 1.316027 | Accuracy 62.952659
Epoch 8 | Batch 2700/4225 | Loss 1.315505 | Accuracy 62.957007
Epoch 8 | Batch 2750/4225 | Loss 1.315621 | Accuracy 62.944157
Epoch 8 | Batch 2800/4225 | Loss 1.315796 | Accuracy 62.949616
Epoch 8 | Batch 2850/4225 | Loss 1.315867 | Accuracy 62.934058
Epoch 8 | Batch 2900/4225 | Loss 1.316008 | Accuracy 62.956739
Epoch 8 | Batch 2950/4225 | Loss 1.315148 | Accuracy 62.960649
Epoch 8 | Batch 3000/4225 | Loss 1.315455 | Accuracy 62.946726
Epoch 8 | Batch 3050/4225 | Loss 1.315229 | Accuracy 62.953745
Epoch 8 | Batch 3100/4225 | Loss 1.315152 | Accuracy 62.962552
Epoch 8 | Batch 3150/4225 | Loss 1.315658 | Accuracy 62.931411
Epoch 8 | Batch 3200/4225 | Loss 1.316454 | Accuracy 62.884645
Epoch 8 | Batch 3250/4225 | Loss 1.316175 | Accuracy 62.896993
Epoch 8 | Batch 3300/4225 | Loss 1.315295 | Accuracy 62.943048
Epoch 8 | Batch 3350/4225 | Loss 1.315247 | Accuracy 62.939235
Epoch 8 | Batch 3400/4225 | Loss 1.315117 | Accuracy 62.942884
Epoch 8 | Batch 3450/4225 | Loss 1.315577 | Accuracy 62.915640
Epoch 8 | Batch 3500/4225 | Loss 1.315554 | Accuracy 62.936482
Epoch 8 | Batch 3550/4225 | Loss 1.315356 | Accuracy 62.934737
Epoch 8 | Batch 3600/4225 | Loss 1.315664 | Accuracy 62.936511
Epoch 8 | Batch 3650/4225 | Loss 1.315930 | Accuracy 62.908279
Epoch 8 | Batch 3700/4225 | Loss 1.315879 | Accuracy 62.912895
Epoch 8 | Batch 3750/4225 | Loss 1.315933 | Accuracy 62.912390
Epoch 8 | Batch 3800/4225 | Loss 1.315487 | Accuracy 62.926697
Epoch 8 | Batch 3850/4225 | Loss 1.315640 | Accuracy 62.937386
Epoch 8 | Batch 3900/4225 | Loss 1.316302 | Accuracy 62.898936
Epoch 8 | Batch 3950/4225 | Loss 1.316492 | Accuracy 62.892306
Epoch 8 | Batch 4000/4225 | Loss 1.316450 | Accuracy 62.866315
Epoch 8 | Batch 4050/4225 | Loss 1.316486 | Accuracy 62.862565
Epoch 8 | Batch 4100/4225 | Loss 1.316921 | Accuracy 62.825378
Epoch 8 | Batch 4150/4225 | Loss 1.317199 | Accuracy 62.807155
Epoch 8 | Batch 4200/4225 | Loss 1.317020 | Accuracy 62.796060
Token indices sequence length is longer than the specified maximum sequence length for this model (15150 > 512). Running this sequence through the model will result in indexing errors
Token indices sequence length is longer than the specified maximum sequence length for this model (1195 > 512). Running this sequence through the model will result in indexing errors
Token indices sequence length is longer than the specified maximum sequence length for this model (15150 > 512). Running this sequence through the model will result in indexing errors
Token indices sequence length is longer than the specified maximum sequence length for this model (1195 > 512). Running this sequence through the model will result in indexing errors
Epoch 9 | Batch 0/4225 | Loss 1.212977 | Accuracy 78.125000
Epoch 9 | Batch 50/4225 | Loss 1.344585 | Accuracy 62.132353
Epoch 9 | Batch 100/4225 | Loss 1.315588 | Accuracy 62.407178
Epoch 9 | Batch 150/4225 | Loss 1.306631 | Accuracy 62.168874
Epoch 9 | Batch 200/4225 | Loss 1.325537 | Accuracy 62.002488
Epoch 9 | Batch 250/4225 | Loss 1.326721 | Accuracy 62.064243
Epoch 9 | Batch 300/4225 | Loss 1.328352 | Accuracy 61.908223
Epoch 9 | Batch 350/4225 | Loss 1.321153 | Accuracy 61.965812
Epoch 9 | Batch 400/4225 | Loss 1.323790 | Accuracy 62.180486
Epoch 9 | Batch 450/4225 | Loss 1.318885 | Accuracy 62.181264
Epoch 9 | Batch 500/4225 | Loss 1.316483 | Accuracy 62.512475
Epoch 9 | Batch 550/4225 | Loss 1.322366 | Accuracy 62.528358
Epoch 9 | Batch 600/4225 | Loss 1.322542 | Accuracy 62.401206
Epoch 9 | Batch 650/4225 | Loss 1.321676 | Accuracy 62.567204
Epoch 9 | Batch 700/4225 | Loss 1.322412 | Accuracy 62.624822
Epoch 9 | Batch 750/4225 | Loss 1.322034 | Accuracy 62.674767
Epoch 9 | Batch 800/4225 | Loss 1.321126 | Accuracy 62.675562
Epoch 9 | Batch 850/4225 | Loss 1.322876 | Accuracy 62.621181
Epoch 9 | Batch 900/4225 | Loss 1.321714 | Accuracy 62.742786
Epoch 9 | Batch 950/4225 | Loss 1.320045 | Accuracy 62.868034
Epoch 9 | Batch 1000/4225 | Loss 1.321284 | Accuracy 62.799700
Epoch 9 | Batch 1050/4225 | Loss 1.323485 | Accuracy 62.627854
Epoch 9 | Batch 1100/4225 | Loss 1.322633 | Accuracy 62.701521
Epoch 9 | Batch 1150/4225 | Loss 1.324346 | Accuracy 62.646612
Epoch 9 | Batch 1200/4225 | Loss 1.325133 | Accuracy 62.689946
Epoch 9 | Batch 1250/4225 | Loss 1.325280 | Accuracy 62.642386
Epoch 9 | Batch 1300/4225 | Loss 1.325313 | Accuracy 62.593678
Epoch 9 | Batch 1350/4225 | Loss 1.325277 | Accuracy 62.606403
Epoch 9 | Batch 1400/4225 | Loss 1.324336 | Accuracy 62.604836
Epoch 9 | Batch 1450/4225 | Loss 1.323660 | Accuracy 62.616299
Epoch 9 | Batch 1500/4225 | Loss 1.322461 | Accuracy 62.637408
Epoch 9 | Batch 1550/4225 | Loss 1.322201 | Accuracy 62.695438
Epoch 9 | Batch 1600/4225 | Loss 1.321376 | Accuracy 62.706902
Epoch 9 | Batch 1650/4225 | Loss 1.320514 | Accuracy 62.744170
Epoch 9 | Batch 1700/4225 | Loss 1.320893 | Accuracy 62.711273
Epoch 9 | Batch 1750/4225 | Loss 1.319854 | Accuracy 62.701670
Epoch 9 | Batch 1800/4225 | Loss 1.319514 | Accuracy 62.699542
Epoch 9 | Batch 1850/4225 | Loss 1.319025 | Accuracy 62.719476
Epoch 9 | Batch 1900/4225 | Loss 1.319410 | Accuracy 62.670963
Epoch 9 | Batch 1950/4225 | Loss 1.319891 | Accuracy 62.676192
Epoch 9 | Batch 2000/4225 | Loss 1.318853 | Accuracy 62.701462
Epoch 9 | Batch 2050/4225 | Loss 1.318674 | Accuracy 62.679790
Epoch 9 | Batch 2100/4225 | Loss 1.319518 | Accuracy 62.645764
Epoch 9 | Batch 2150/4225 | Loss 1.319941 | Accuracy 62.655451
Epoch 9 | Batch 2200/4225 | Loss 1.319244 | Accuracy 62.651920
Epoch 9 | Batch 2250/4225 | Loss 1.318606 | Accuracy 62.648545
Epoch 9 | Batch 2300/4225 | Loss 1.319791 | Accuracy 62.600500
Epoch 9 | Batch 2350/4225 | Loss 1.319849 | Accuracy 62.623618
Epoch 9 | Batch 2400/4225 | Loss 1.319985 | Accuracy 62.601520
Epoch 9 | Batch 2450/4225 | Loss 1.319965 | Accuracy 62.590524
Epoch 9 | Batch 2500/4225 | Loss 1.319570 | Accuracy 62.602459
Epoch 9 | Batch 2550/4225 | Loss 1.319805 | Accuracy 62.578401
Epoch 9 | Batch 2600/4225 | Loss 1.320830 | Accuracy 62.556469
Epoch 9 | Batch 2650/4225 | Loss 1.319734 | Accuracy 62.588410
Epoch 9 | Batch 2700/4225 | Loss 1.319631 | Accuracy 62.619169
Epoch 9 | Batch 2750/4225 | Loss 1.318729 | Accuracy 62.685160
Epoch 9 | Batch 2800/4225 | Loss 1.318894 | Accuracy 62.706400
Epoch 9 | Batch 2850/4225 | Loss 1.319057 | Accuracy 62.702780
Epoch 9 | Batch 2900/4225 | Loss 1.319038 | Accuracy 62.717597
Epoch 9 | Batch 2950/4225 | Loss 1.319313 | Accuracy 62.714970
Epoch 9 | Batch 3000/4225 | Loss 1.319556 | Accuracy 62.725966
Epoch 9 | Batch 3050/4225 | Loss 1.320121 | Accuracy 62.710996
Epoch 9 | Batch 3100/4225 | Loss 1.320166 | Accuracy 62.714649
Epoch 9 | Batch 3150/4225 | Loss 1.319094 | Accuracy 62.725127
Epoch 9 | Batch 3200/4225 | Loss 1.319740 | Accuracy 62.700133
Epoch 9 | Batch 3250/4225 | Loss 1.319352 | Accuracy 62.709551
Epoch 9 | Batch 3300/4225 | Loss 1.319309 | Accuracy 62.713950
Epoch 9 | Batch 3350/4225 | Loss 1.319826 | Accuracy 62.668793
Epoch 9 | Batch 3400/4225 | Loss 1.320221 | Accuracy 62.648853
Epoch 9 | Batch 3450/4225 | Loss 1.320478 | Accuracy 62.641263
Epoch 9 | Batch 3500/4225 | Loss 1.320298 | Accuracy 62.657098
Epoch 9 | Batch 3550/4225 | Loss 1.319910 | Accuracy 62.664566
Epoch 9 | Batch 3600/4225 | Loss 1.319483 | Accuracy 62.694390
Epoch 9 | Batch 3650/4225 | Loss 1.319911 | Accuracy 62.672898
Epoch 9 | Batch 3700/4225 | Loss 1.319877 | Accuracy 62.674784
Epoch 9 | Batch 3750/4225 | Loss 1.319839 | Accuracy 62.669122
Epoch 9 | Batch 3800/4225 | Loss 1.319465 | Accuracy 62.697316
Epoch 9 | Batch 3850/4225 | Loss 1.319566 | Accuracy 62.685828
Epoch 9 | Batch 3900/4225 | Loss 1.319090 | Accuracy 62.685850
Epoch 9 | Batch 3950/4225 | Loss 1.319001 | Accuracy 62.681916
Epoch 9 | Batch 4000/4225 | Loss 1.319102 | Accuracy 62.692921
Epoch 9 | Batch 4050/4225 | Loss 1.318432 | Accuracy 62.686682
Epoch 9 | Batch 4100/4225 | Loss 1.318641 | Accuracy 62.695074
Epoch 9 | Batch 4150/4225 | Loss 1.318488 | Accuracy 62.713051
Epoch 9 | Batch 4200/4225 | Loss 1.318315 | Accuracy 62.717210
