Data file :  /home/cs17btech11044/data_mining/data-mining/data/main_data_splits/train.json
checkpoints dir :  /home/cs17btech11044/data_mining/data-mining/nyt/bert-base-uncased_train
Token indices sequence length is longer than the specified maximum sequence length for this model (15150 > 512). Running this sequence through the model will result in indexing errors
Token indices sequence length is longer than the specified maximum sequence length for this model (1195 > 512). Running this sequence through the model will result in indexing errors
Token indices sequence length is longer than the specified maximum sequence length for this model (15150 > 512). Running this sequence through the model will result in indexing errors
Token indices sequence length is longer than the specified maximum sequence length for this model (1195 > 512). Running this sequence through the model will result in indexing errors
Epoch 0 | Batch 0/4225 | Loss 3.964291 | Accuracy 0.000000
Epoch 0 | Batch 50/4225 | Loss 2.168531 | Accuracy 50.490196
Epoch 0 | Batch 100/4225 | Loss 1.842926 | Accuracy 53.032178
Epoch 0 | Batch 150/4225 | Loss 1.657938 | Accuracy 55.339404
Epoch 0 | Batch 200/4225 | Loss 1.529559 | Accuracy 56.902985
Epoch 0 | Batch 250/4225 | Loss 1.439946 | Accuracy 57.519920
Epoch 0 | Batch 300/4225 | Loss 1.371613 | Accuracy 58.544435
Epoch 0 | Batch 350/4225 | Loss 1.320536 | Accuracy 59.063390
Epoch 0 | Batch 400/4225 | Loss 1.278944 | Accuracy 59.530860
Epoch 0 | Batch 450/4225 | Loss 1.240549 | Accuracy 60.185698
Epoch 0 | Batch 500/4225 | Loss 1.215890 | Accuracy 60.541417
Epoch 0 | Batch 550/4225 | Loss 1.196789 | Accuracy 60.724819
Epoch 0 | Batch 600/4225 | Loss 1.178315 | Accuracy 60.992097
Epoch 0 | Batch 650/4225 | Loss 1.157923 | Accuracy 61.415131
Epoch 0 | Batch 700/4225 | Loss 1.143721 | Accuracy 61.581669
Epoch 0 | Batch 750/4225 | Loss 1.133132 | Accuracy 61.717710
Epoch 0 | Batch 800/4225 | Loss 1.125242 | Accuracy 61.711923
Epoch 0 | Batch 850/4225 | Loss 1.116953 | Accuracy 61.805964
Epoch 0 | Batch 900/4225 | Loss 1.109879 | Accuracy 62.010960
Epoch 0 | Batch 950/4225 | Loss 1.100913 | Accuracy 62.184543
Epoch 0 | Batch 1000/4225 | Loss 1.096933 | Accuracy 62.200300
Epoch 0 | Batch 1050/4225 | Loss 1.090908 | Accuracy 62.306732
Epoch 0 | Batch 1100/4225 | Loss 1.085450 | Accuracy 62.326862
Epoch 0 | Batch 1150/4225 | Loss 1.081533 | Accuracy 62.282798
Epoch 0 | Batch 1200/4225 | Loss 1.076027 | Accuracy 62.388114
Epoch 0 | Batch 1250/4225 | Loss 1.072565 | Accuracy 62.432554
Epoch 0 | Batch 1300/4225 | Loss 1.070264 | Accuracy 62.425538
Epoch 0 | Batch 1350/4225 | Loss 1.067152 | Accuracy 62.449112
Epoch 0 | Batch 1400/4225 | Loss 1.065600 | Accuracy 62.415239
Epoch 0 | Batch 1450/4225 | Loss 1.060801 | Accuracy 62.532305
Epoch 0 | Batch 1500/4225 | Loss 1.058164 | Accuracy 62.599933
Epoch 0 | Batch 1550/4225 | Loss 1.055684 | Accuracy 62.612830
Epoch 0 | Batch 1600/4225 | Loss 1.053552 | Accuracy 62.605403
Epoch 0 | Batch 1650/4225 | Loss 1.053214 | Accuracy 62.558677
Epoch 0 | Batch 1700/4225 | Loss 1.051681 | Accuracy 62.575323
Epoch 0 | Batch 1750/4225 | Loss 1.048928 | Accuracy 62.612436
Epoch 0 | Batch 1800/4225 | Loss 1.047425 | Accuracy 62.605844
Epoch 0 | Batch 1850/4225 | Loss 1.045312 | Accuracy 62.657010
Epoch 0 | Batch 1900/4225 | Loss 1.042632 | Accuracy 62.721923
Epoch 0 | Batch 1950/4225 | Loss 1.041431 | Accuracy 62.722642
Epoch 0 | Batch 2000/4225 | Loss 1.040004 | Accuracy 62.717079
Epoch 0 | Batch 2050/4225 | Loss 1.037983 | Accuracy 62.717882
Epoch 0 | Batch 2100/4225 | Loss 1.036789 | Accuracy 62.679974
Epoch 0 | Batch 2150/4225 | Loss 1.034447 | Accuracy 62.746978
Epoch 0 | Batch 2200/4225 | Loss 1.032755 | Accuracy 62.765504
Epoch 0 | Batch 2250/4225 | Loss 1.032172 | Accuracy 62.760995
Epoch 0 | Batch 2300/4225 | Loss 1.030734 | Accuracy 62.786560
Epoch 0 | Batch 2350/4225 | Loss 1.029640 | Accuracy 62.789770
Epoch 0 | Batch 2400/4225 | Loss 1.029472 | Accuracy 62.752499
Epoch 0 | Batch 2450/4225 | Loss 1.028766 | Accuracy 62.742248
Epoch 0 | Batch 2500/4225 | Loss 1.028391 | Accuracy 62.708667
Epoch 0 | Batch 2550/4225 | Loss 1.027545 | Accuracy 62.741327
Epoch 0 | Batch 2600/4225 | Loss 1.027686 | Accuracy 62.721069
Epoch 0 | Batch 2650/4225 | Loss 1.026677 | Accuracy 62.765230
Epoch 0 | Batch 2700/4225 | Loss 1.025543 | Accuracy 62.803128
Epoch 0 | Batch 2750/4225 | Loss 1.024758 | Accuracy 62.815794
Epoch 0 | Batch 2800/4225 | Loss 1.023458 | Accuracy 62.846974
Epoch 0 | Batch 2850/4225 | Loss 1.022213 | Accuracy 62.855139
Epoch 0 | Batch 2900/4225 | Loss 1.021977 | Accuracy 62.807006
Epoch 0 | Batch 2950/4225 | Loss 1.020792 | Accuracy 62.833573
Epoch 0 | Batch 3000/4225 | Loss 1.020646 | Accuracy 62.812396
Epoch 0 | Batch 3050/4225 | Loss 1.019519 | Accuracy 62.850295
Epoch 0 | Batch 3100/4225 | Loss 1.018695 | Accuracy 62.881933
Epoch 0 | Batch 3150/4225 | Loss 1.017138 | Accuracy 62.919510
Epoch 0 | Batch 3200/4225 | Loss 1.016729 | Accuracy 62.934435
Epoch 0 | Batch 3250/4225 | Loss 1.016238 | Accuracy 62.961396
Epoch 0 | Batch 3300/4225 | Loss 1.015110 | Accuracy 62.985648
Epoch 0 | Batch 3350/4225 | Loss 1.014540 | Accuracy 62.982132
Epoch 0 | Batch 3400/4225 | Loss 1.014688 | Accuracy 62.961261
Epoch 0 | Batch 3450/4225 | Loss 1.013378 | Accuracy 63.012533
Epoch 0 | Batch 3500/4225 | Loss 1.012527 | Accuracy 63.033776
Epoch 0 | Batch 3550/4225 | Loss 1.012130 | Accuracy 63.023620
Epoch 0 | Batch 3600/4225 | Loss 1.011586 | Accuracy 63.031970
Epoch 0 | Batch 3650/4225 | Loss 1.010708 | Accuracy 63.034100
Epoch 0 | Batch 3700/4225 | Loss 1.009678 | Accuracy 63.072480
Epoch 0 | Batch 3750/4225 | Loss 1.009367 | Accuracy 63.067349
Epoch 0 | Batch 3800/4225 | Loss 1.008897 | Accuracy 63.068929
Epoch 0 | Batch 3850/4225 | Loss 1.008762 | Accuracy 63.065600
Epoch 0 | Batch 3900/4225 | Loss 1.007893 | Accuracy 63.072770
Epoch 0 | Batch 3950/4225 | Loss 1.007541 | Accuracy 63.078176
Epoch 0 | Batch 4000/4225 | Loss 1.007629 | Accuracy 63.069389
Epoch 0 | Batch 4050/4225 | Loss 1.008078 | Accuracy 63.045390
Epoch 0 | Batch 4100/4225 | Loss 1.007595 | Accuracy 63.059315
Epoch 0 | Batch 4150/4225 | Loss 1.006803 | Accuracy 63.088714
Epoch 0 | Batch 4200/4225 | Loss 1.006871 | Accuracy 63.085426
Token indices sequence length is longer than the specified maximum sequence length for this model (15150 > 512). Running this sequence through the model will result in indexing errors
Token indices sequence length is longer than the specified maximum sequence length for this model (1195 > 512). Running this sequence through the model will result in indexing errors
Token indices sequence length is longer than the specified maximum sequence length for this model (1195 > 512). Running this sequence through the model will result in indexing errors
Token indices sequence length is longer than the specified maximum sequence length for this model (15150 > 512). Running this sequence through the model will result in indexing errors
Epoch 1 | Batch 0/4225 | Loss 0.921192 | Accuracy 59.375000
Epoch 1 | Batch 50/4225 | Loss 0.939418 | Accuracy 65.318627
Epoch 1 | Batch 100/4225 | Loss 0.946095 | Accuracy 64.294554
Epoch 1 | Batch 150/4225 | Loss 0.946211 | Accuracy 64.134934
Epoch 1 | Batch 200/4225 | Loss 0.947647 | Accuracy 64.163557
Epoch 1 | Batch 250/4225 | Loss 0.949143 | Accuracy 64.243028
Epoch 1 | Batch 300/4225 | Loss 0.947168 | Accuracy 64.472591
Epoch 1 | Batch 350/4225 | Loss 0.950812 | Accuracy 64.245014
Epoch 1 | Batch 400/4225 | Loss 0.955458 | Accuracy 64.074190
Epoch 1 | Batch 450/4225 | Loss 0.958523 | Accuracy 63.802661
Epoch 1 | Batch 500/4225 | Loss 0.959484 | Accuracy 63.866018
Epoch 1 | Batch 550/4225 | Loss 0.959554 | Accuracy 63.906534
Epoch 1 | Batch 600/4225 | Loss 0.959223 | Accuracy 63.971506
Epoch 1 | Batch 650/4225 | Loss 0.959696 | Accuracy 63.964094
Epoch 1 | Batch 700/4225 | Loss 0.961281 | Accuracy 63.913160
Epoch 1 | Batch 750/4225 | Loss 0.963863 | Accuracy 63.802430
Epoch 1 | Batch 800/4225 | Loss 0.963692 | Accuracy 63.791355
Epoch 1 | Batch 850/4225 | Loss 0.963786 | Accuracy 63.840335
Epoch 1 | Batch 900/4225 | Loss 0.965157 | Accuracy 63.762486
Epoch 1 | Batch 950/4225 | Loss 0.963611 | Accuracy 63.814406
Epoch 1 | Batch 1000/4225 | Loss 0.964896 | Accuracy 63.736264
Epoch 1 | Batch 1050/4225 | Loss 0.963597 | Accuracy 63.757731
Epoch 1 | Batch 1100/4225 | Loss 0.964169 | Accuracy 63.782925
Epoch 1 | Batch 1150/4225 | Loss 0.963362 | Accuracy 63.811360
Epoch 1 | Batch 1200/4225 | Loss 0.963627 | Accuracy 63.800999
Epoch 1 | Batch 1250/4225 | Loss 0.965609 | Accuracy 63.729017
Epoch 1 | Batch 1300/4225 | Loss 0.966188 | Accuracy 63.715411
Epoch 1 | Batch 1350/4225 | Loss 0.966383 | Accuracy 63.677369
Epoch 1 | Batch 1400/4225 | Loss 0.966485 | Accuracy 63.664347
Epoch 1 | Batch 1450/4225 | Loss 0.966031 | Accuracy 63.695296
Epoch 1 | Batch 1500/4225 | Loss 0.965352 | Accuracy 63.717938
Epoch 1 | Batch 1550/4225 | Loss 0.965262 | Accuracy 63.716957
Epoch 1 | Batch 1600/4225 | Loss 0.965803 | Accuracy 63.671143
Epoch 1 | Batch 1650/4225 | Loss 0.965536 | Accuracy 63.671638
Epoch 1 | Batch 1700/4225 | Loss 0.966251 | Accuracy 63.662919
Epoch 1 | Batch 1750/4225 | Loss 0.967199 | Accuracy 63.656482
Epoch 1 | Batch 1800/4225 | Loss 0.966881 | Accuracy 63.705927
Epoch 1 | Batch 1850/4225 | Loss 0.968190 | Accuracy 63.631145
Epoch 1 | Batch 1900/4225 | Loss 0.968383 | Accuracy 63.642491
Epoch 1 | Batch 1950/4225 | Loss 0.967602 | Accuracy 63.709316
Epoch 1 | Batch 2000/4225 | Loss 0.967914 | Accuracy 63.702524
Epoch 1 | Batch 2050/4225 | Loss 0.967585 | Accuracy 63.696063
Epoch 1 | Batch 2100/4225 | Loss 0.967153 | Accuracy 63.701809
Epoch 1 | Batch 2150/4225 | Loss 0.966333 | Accuracy 63.750872
Epoch 1 | Batch 2200/4225 | Loss 0.966653 | Accuracy 63.743753
Epoch 1 | Batch 2250/4225 | Loss 0.965997 | Accuracy 63.739727
Epoch 1 | Batch 2300/4225 | Loss 0.965383 | Accuracy 63.738592
Epoch 1 | Batch 2350/4225 | Loss 0.965421 | Accuracy 63.722884
Epoch 1 | Batch 2400/4225 | Loss 0.966608 | Accuracy 63.733861
Epoch 1 | Batch 2450/4225 | Loss 0.967796 | Accuracy 63.697215
Epoch 1 | Batch 2500/4225 | Loss 0.967512 | Accuracy 63.729508
Epoch 1 | Batch 2550/4225 | Loss 0.967205 | Accuracy 63.747060
Epoch 1 | Batch 2600/4225 | Loss 0.967222 | Accuracy 63.743512
Epoch 1 | Batch 2650/4225 | Loss 0.967487 | Accuracy 63.721237
Epoch 1 | Batch 2700/4225 | Loss 0.967313 | Accuracy 63.726398
Epoch 1 | Batch 2750/4225 | Loss 0.967563 | Accuracy 63.737050
Epoch 1 | Batch 2800/4225 | Loss 0.968335 | Accuracy 63.717199
Epoch 1 | Batch 2850/4225 | Loss 0.968431 | Accuracy 63.727639
Epoch 1 | Batch 2900/4225 | Loss 0.968067 | Accuracy 63.722639
Epoch 1 | Batch 2950/4225 | Loss 0.968197 | Accuracy 63.715690
Epoch 1 | Batch 3000/4225 | Loss 0.968454 | Accuracy 63.721468
Epoch 1 | Batch 3050/4225 | Loss 0.967775 | Accuracy 63.741396
Epoch 1 | Batch 3100/4225 | Loss 0.968011 | Accuracy 63.721380
Epoch 1 | Batch 3150/4225 | Loss 0.968083 | Accuracy 63.726793
Epoch 1 | Batch 3200/4225 | Loss 0.968030 | Accuracy 63.707630
Epoch 1 | Batch 3250/4225 | Loss 0.968073 | Accuracy 63.702515
Epoch 1 | Batch 3300/4225 | Loss 0.968518 | Accuracy 63.702287
Epoch 1 | Batch 3350/4225 | Loss 0.968622 | Accuracy 63.700201
Epoch 1 | Batch 3400/4225 | Loss 0.968311 | Accuracy 63.694502
Epoch 1 | Batch 3450/4225 | Loss 0.968681 | Accuracy 63.691684
Epoch 1 | Batch 3500/4225 | Loss 0.969336 | Accuracy 63.649672
Epoch 1 | Batch 3550/4225 | Loss 0.969198 | Accuracy 63.671325
Epoch 1 | Batch 3600/4225 | Loss 0.969398 | Accuracy 63.662004
Epoch 1 | Batch 3650/4225 | Loss 0.969508 | Accuracy 63.664921
Epoch 1 | Batch 3700/4225 | Loss 0.969722 | Accuracy 63.669447
Epoch 1 | Batch 3750/4225 | Loss 0.969997 | Accuracy 63.667189
Epoch 1 | Batch 3800/4225 | Loss 0.970319 | Accuracy 63.672389
Epoch 1 | Batch 3850/4225 | Loss 0.969570 | Accuracy 63.690438
Epoch 1 | Batch 3900/4225 | Loss 0.969579 | Accuracy 63.679986
Epoch 1 | Batch 3950/4225 | Loss 0.968935 | Accuracy 63.703809
Epoch 1 | Batch 4000/4225 | Loss 0.968955 | Accuracy 63.696576
Epoch 1 | Batch 4050/4225 | Loss 0.968523 | Accuracy 63.709578
Epoch 1 | Batch 4100/4225 | Loss 0.968238 | Accuracy 63.716929
Epoch 1 | Batch 4150/4225 | Loss 0.968358 | Accuracy 63.729372
Epoch 1 | Batch 4200/4225 | Loss 0.968643 | Accuracy 63.719948
Token indices sequence length is longer than the specified maximum sequence length for this model (1195 > 512). Running this sequence through the model will result in indexing errors
Token indices sequence length is longer than the specified maximum sequence length for this model (1195 > 512). Running this sequence through the model will result in indexing errors
Token indices sequence length is longer than the specified maximum sequence length for this model (15150 > 512). Running this sequence through the model will result in indexing errors
Token indices sequence length is longer than the specified maximum sequence length for this model (15150 > 512). Running this sequence through the model will result in indexing errors
Epoch 2 | Batch 0/4225 | Loss 0.787397 | Accuracy 78.125000
Epoch 2 | Batch 50/4225 | Loss 0.920790 | Accuracy 66.237745
Epoch 2 | Batch 100/4225 | Loss 0.936721 | Accuracy 65.253713
Epoch 2 | Batch 150/4225 | Loss 0.957555 | Accuracy 64.341887
Epoch 2 | Batch 200/4225 | Loss 0.957286 | Accuracy 64.583333
Epoch 2 | Batch 250/4225 | Loss 0.960575 | Accuracy 64.093625
Epoch 2 | Batch 300/4225 | Loss 0.956578 | Accuracy 64.493355
Epoch 2 | Batch 350/4225 | Loss 0.962580 | Accuracy 64.191595
Epoch 2 | Batch 400/4225 | Loss 0.960838 | Accuracy 64.292394
Epoch 2 | Batch 450/4225 | Loss 0.963823 | Accuracy 63.920455
Epoch 2 | Batch 500/4225 | Loss 0.962661 | Accuracy 64.009481
Epoch 2 | Batch 550/4225 | Loss 0.964253 | Accuracy 63.895191
Epoch 2 | Batch 600/4225 | Loss 0.964737 | Accuracy 63.794717
Epoch 2 | Batch 650/4225 | Loss 0.968882 | Accuracy 63.680876
Epoch 2 | Batch 700/4225 | Loss 0.968769 | Accuracy 63.587732
Epoch 2 | Batch 750/4225 | Loss 0.968771 | Accuracy 63.611019
Epoch 2 | Batch 800/4225 | Loss 0.967843 | Accuracy 63.643102
Epoch 2 | Batch 850/4225 | Loss 0.966967 | Accuracy 63.704465
Epoch 2 | Batch 900/4225 | Loss 0.966854 | Accuracy 63.693119
Epoch 2 | Batch 950/4225 | Loss 0.966150 | Accuracy 63.666535
Epoch 2 | Batch 1000/4225 | Loss 0.967499 | Accuracy 63.623876
Epoch 2 | Batch 1050/4225 | Loss 0.966270 | Accuracy 63.647716
Epoch 2 | Batch 1100/4225 | Loss 0.964547 | Accuracy 63.737511
Epoch 2 | Batch 1150/4225 | Loss 0.963965 | Accuracy 63.751629
Epoch 2 | Batch 1200/4225 | Loss 0.965322 | Accuracy 63.728143
Epoch 2 | Batch 1250/4225 | Loss 0.967536 | Accuracy 63.696543
Epoch 2 | Batch 1300/4225 | Loss 0.967976 | Accuracy 63.686587
Epoch 2 | Batch 1350/4225 | Loss 0.967808 | Accuracy 63.651925
Epoch 2 | Batch 1400/4225 | Loss 0.968335 | Accuracy 63.599661
Epoch 2 | Batch 1450/4225 | Loss 0.967036 | Accuracy 63.673759
Epoch 2 | Batch 1500/4225 | Loss 0.967991 | Accuracy 63.657562
Epoch 2 | Batch 1550/4225 | Loss 0.967137 | Accuracy 63.706883
Epoch 2 | Batch 1600/4225 | Loss 0.966191 | Accuracy 63.768738
Epoch 2 | Batch 1650/4225 | Loss 0.967605 | Accuracy 63.717065
Epoch 2 | Batch 1700/4225 | Loss 0.966979 | Accuracy 63.719871
Epoch 2 | Batch 1750/4225 | Loss 0.966434 | Accuracy 63.747501
Epoch 2 | Batch 1800/4225 | Loss 0.966658 | Accuracy 63.763187
Epoch 2 | Batch 1850/4225 | Loss 0.967797 | Accuracy 63.725689
Epoch 2 | Batch 1900/4225 | Loss 0.966453 | Accuracy 63.795371
Epoch 2 | Batch 1950/4225 | Loss 0.967628 | Accuracy 63.725333
Epoch 2 | Batch 2000/4225 | Loss 0.966210 | Accuracy 63.750937
Epoch 2 | Batch 2050/4225 | Loss 0.967123 | Accuracy 63.720441
Epoch 2 | Batch 2100/4225 | Loss 0.966579 | Accuracy 63.762792
Epoch 2 | Batch 2150/4225 | Loss 0.966440 | Accuracy 63.743608
Epoch 2 | Batch 2200/4225 | Loss 0.966892 | Accuracy 63.715357
Epoch 2 | Batch 2250/4225 | Loss 0.966850 | Accuracy 63.721679
Epoch 2 | Batch 2300/4225 | Loss 0.966627 | Accuracy 63.739950
Epoch 2 | Batch 2350/4225 | Loss 0.966277 | Accuracy 63.794662
Epoch 2 | Batch 2400/4225 | Loss 0.966975 | Accuracy 63.761193
Epoch 2 | Batch 2450/4225 | Loss 0.967385 | Accuracy 63.781365
Epoch 2 | Batch 2500/4225 | Loss 0.967108 | Accuracy 63.774490
Epoch 2 | Batch 2550/4225 | Loss 0.968149 | Accuracy 63.725010
Epoch 2 | Batch 2600/4225 | Loss 0.967822 | Accuracy 63.745915
Epoch 2 | Batch 2650/4225 | Loss 0.968263 | Accuracy 63.717701
Epoch 2 | Batch 2700/4225 | Loss 0.968486 | Accuracy 63.721770
Epoch 2 | Batch 2750/4225 | Loss 0.969275 | Accuracy 63.704108
Epoch 2 | Batch 2800/4225 | Loss 0.970016 | Accuracy 63.678151
Epoch 2 | Batch 2850/4225 | Loss 0.969909 | Accuracy 63.676122
Epoch 2 | Batch 2900/4225 | Loss 0.969216 | Accuracy 63.701094
Epoch 2 | Batch 2950/4225 | Loss 0.969718 | Accuracy 63.700864
Epoch 2 | Batch 3000/4225 | Loss 0.969891 | Accuracy 63.691270
Epoch 2 | Batch 3050/4225 | Loss 0.970126 | Accuracy 63.679941
Epoch 2 | Batch 3100/4225 | Loss 0.969566 | Accuracy 63.698202
Epoch 2 | Batch 3150/4225 | Loss 0.969503 | Accuracy 63.711917
Epoch 2 | Batch 3200/4225 | Loss 0.968829 | Accuracy 63.729108
Epoch 2 | Batch 3250/4225 | Loss 0.968641 | Accuracy 63.718856
Epoch 2 | Batch 3300/4225 | Loss 0.968501 | Accuracy 63.733528
Epoch 2 | Batch 3350/4225 | Loss 0.968312 | Accuracy 63.747762
Epoch 2 | Batch 3400/4225 | Loss 0.968183 | Accuracy 63.756064
Epoch 2 | Batch 3450/4225 | Loss 0.967548 | Accuracy 63.769560
Epoch 2 | Batch 3500/4225 | Loss 0.967646 | Accuracy 63.744287
Epoch 2 | Batch 3550/4225 | Loss 0.967757 | Accuracy 63.732047
Epoch 2 | Batch 3600/4225 | Loss 0.968370 | Accuracy 63.712337
Epoch 2 | Batch 3650/4225 | Loss 0.968260 | Accuracy 63.713709
Epoch 2 | Batch 3700/4225 | Loss 0.968464 | Accuracy 63.705755
Epoch 2 | Batch 3750/4225 | Loss 0.968441 | Accuracy 63.696348
Epoch 2 | Batch 3800/4225 | Loss 0.967967 | Accuracy 63.712674
Epoch 2 | Batch 3850/4225 | Loss 0.967483 | Accuracy 63.734257
Epoch 2 | Batch 3900/4225 | Loss 0.967505 | Accuracy 63.735260
Epoch 2 | Batch 3950/4225 | Loss 0.967374 | Accuracy 63.737820
Epoch 2 | Batch 4000/4225 | Loss 0.967104 | Accuracy 63.745001
Epoch 2 | Batch 4050/4225 | Loss 0.967155 | Accuracy 63.750463
Epoch 2 | Batch 4100/4225 | Loss 0.967065 | Accuracy 63.759601
Epoch 2 | Batch 4150/4225 | Loss 0.967107 | Accuracy 63.770025
Epoch 2 | Batch 4200/4225 | Loss 0.967754 | Accuracy 63.750446
Token indices sequence length is longer than the specified maximum sequence length for this model (1195 > 512). Running this sequence through the model will result in indexing errors
Token indices sequence length is longer than the specified maximum sequence length for this model (15150 > 512). Running this sequence through the model will result in indexing errors
Token indices sequence length is longer than the specified maximum sequence length for this model (1195 > 512). Running this sequence through the model will result in indexing errors
Token indices sequence length is longer than the specified maximum sequence length for this model (15150 > 512). Running this sequence through the model will result in indexing errors
Epoch 3 | Batch 0/4225 | Loss 0.870781 | Accuracy 81.250000
Epoch 3 | Batch 50/4225 | Loss 1.012225 | Accuracy 62.500000
Epoch 3 | Batch 100/4225 | Loss 0.994250 | Accuracy 63.118812
Epoch 3 | Batch 150/4225 | Loss 0.993147 | Accuracy 63.100166
Epoch 3 | Batch 200/4225 | Loss 0.986162 | Accuracy 63.246269
Epoch 3 | Batch 250/4225 | Loss 0.977937 | Accuracy 63.670319
Epoch 3 | Batch 300/4225 | Loss 0.983706 | Accuracy 63.486296
Epoch 3 | Batch 350/4225 | Loss 0.978053 | Accuracy 63.782051
Epoch 3 | Batch 400/4225 | Loss 0.983986 | Accuracy 63.676746
Epoch 3 | Batch 450/4225 | Loss 0.979368 | Accuracy 63.726441
Epoch 3 | Batch 500/4225 | Loss 0.981698 | Accuracy 63.710080
Epoch 3 | Batch 550/4225 | Loss 0.978222 | Accuracy 63.838475
Epoch 3 | Batch 600/4225 | Loss 0.977725 | Accuracy 63.763519
Epoch 3 | Batch 650/4225 | Loss 0.977606 | Accuracy 63.700077
Epoch 3 | Batch 700/4225 | Loss 0.975739 | Accuracy 63.717011
Epoch 3 | Batch 750/4225 | Loss 0.975106 | Accuracy 63.719208
Epoch 3 | Batch 800/4225 | Loss 0.974399 | Accuracy 63.682116
Epoch 3 | Batch 850/4225 | Loss 0.974158 | Accuracy 63.634694
Epoch 3 | Batch 900/4225 | Loss 0.972456 | Accuracy 63.644562
Epoch 3 | Batch 950/4225 | Loss 0.972889 | Accuracy 63.528523
Epoch 3 | Batch 1000/4225 | Loss 0.971106 | Accuracy 63.620754
Epoch 3 | Batch 1050/4225 | Loss 0.969172 | Accuracy 63.713130
Epoch 3 | Batch 1100/4225 | Loss 0.968825 | Accuracy 63.692098
Epoch 3 | Batch 1150/4225 | Loss 0.970913 | Accuracy 63.599587
Epoch 3 | Batch 1200/4225 | Loss 0.971249 | Accuracy 63.566819
Epoch 3 | Batch 1250/4225 | Loss 0.970946 | Accuracy 63.594125
Epoch 3 | Batch 1300/4225 | Loss 0.971242 | Accuracy 63.537663
Epoch 3 | Batch 1350/4225 | Loss 0.972099 | Accuracy 63.536269
Epoch 3 | Batch 1400/4225 | Loss 0.971285 | Accuracy 63.566203
Epoch 3 | Batch 1450/4225 | Loss 0.970362 | Accuracy 63.596227
Epoch 3 | Batch 1500/4225 | Loss 0.969745 | Accuracy 63.634660
Epoch 3 | Batch 1550/4225 | Loss 0.969171 | Accuracy 63.618230
Epoch 3 | Batch 1600/4225 | Loss 0.969467 | Accuracy 63.626249
Epoch 3 | Batch 1650/4225 | Loss 0.968710 | Accuracy 63.609176
Epoch 3 | Batch 1700/4225 | Loss 0.969617 | Accuracy 63.594944
Epoch 3 | Batch 1750/4225 | Loss 0.969951 | Accuracy 63.554754
Epoch 3 | Batch 1800/4225 | Loss 0.970159 | Accuracy 63.546294
Epoch 3 | Batch 1850/4225 | Loss 0.970279 | Accuracy 63.551796
Epoch 3 | Batch 1900/4225 | Loss 0.969694 | Accuracy 63.594819
Epoch 3 | Batch 1950/4225 | Loss 0.970173 | Accuracy 63.589185
Epoch 3 | Batch 2000/4225 | Loss 0.969136 | Accuracy 63.608821
Epoch 3 | Batch 2050/4225 | Loss 0.969047 | Accuracy 63.613786
Epoch 3 | Batch 2100/4225 | Loss 0.969274 | Accuracy 63.615540
Epoch 3 | Batch 2150/4225 | Loss 0.969169 | Accuracy 63.605590
Epoch 3 | Batch 2200/4225 | Loss 0.968578 | Accuracy 63.607451
Epoch 3 | Batch 2250/4225 | Loss 0.969858 | Accuracy 63.616171
Epoch 3 | Batch 2300/4225 | Loss 0.969452 | Accuracy 63.606856
Epoch 3 | Batch 2350/4225 | Loss 0.969470 | Accuracy 63.592620
Epoch 3 | Batch 2400/4225 | Loss 0.968581 | Accuracy 63.595898
Epoch 3 | Batch 2450/4225 | Loss 0.968914 | Accuracy 63.576091
Epoch 3 | Batch 2500/4225 | Loss 0.968265 | Accuracy 63.603309
Epoch 3 | Batch 2550/4225 | Loss 0.967837 | Accuracy 63.622109
Epoch 3 | Batch 2600/4225 | Loss 0.967303 | Accuracy 63.629373
Epoch 3 | Batch 2650/4225 | Loss 0.968154 | Accuracy 63.602178
Epoch 3 | Batch 2700/4225 | Loss 0.968318 | Accuracy 63.569049
Epoch 3 | Batch 2750/4225 | Loss 0.969208 | Accuracy 63.549618
Epoch 3 | Batch 2800/4225 | Loss 0.968707 | Accuracy 63.585550
Epoch 3 | Batch 2850/4225 | Loss 0.968120 | Accuracy 63.596107
Epoch 3 | Batch 2900/4225 | Loss 0.967684 | Accuracy 63.615994
Epoch 3 | Batch 2950/4225 | Loss 0.967871 | Accuracy 63.600263
Epoch 3 | Batch 3000/4225 | Loss 0.968166 | Accuracy 63.604840
Epoch 3 | Batch 3050/4225 | Loss 0.967619 | Accuracy 63.633850
Epoch 3 | Batch 3100/4225 | Loss 0.967260 | Accuracy 63.636730
Epoch 3 | Batch 3150/4225 | Loss 0.966901 | Accuracy 63.634560
Epoch 3 | Batch 3200/4225 | Loss 0.967125 | Accuracy 63.629530
Epoch 3 | Batch 3250/4225 | Loss 0.967172 | Accuracy 63.650608
Epoch 3 | Batch 3300/4225 | Loss 0.967228 | Accuracy 63.661580
Epoch 3 | Batch 3350/4225 | Loss 0.967317 | Accuracy 63.663832
Epoch 3 | Batch 3400/4225 | Loss 0.967173 | Accuracy 63.678881
Epoch 3 | Batch 3450/4225 | Loss 0.967848 | Accuracy 63.682628
Epoch 3 | Batch 3500/4225 | Loss 0.968358 | Accuracy 63.662168
Epoch 3 | Batch 3550/4225 | Loss 0.968136 | Accuracy 63.651084
Epoch 3 | Batch 3600/4225 | Loss 0.968423 | Accuracy 63.654193
Epoch 3 | Batch 3650/4225 | Loss 0.968850 | Accuracy 63.650370
Epoch 3 | Batch 3700/4225 | Loss 0.968867 | Accuracy 63.660159
Epoch 3 | Batch 3750/4225 | Loss 0.968646 | Accuracy 63.663023
Epoch 3 | Batch 3800/4225 | Loss 0.968767 | Accuracy 63.660879
Epoch 3 | Batch 3850/4225 | Loss 0.968515 | Accuracy 63.670151
Epoch 3 | Batch 3900/4225 | Loss 0.969029 | Accuracy 63.665567
Epoch 3 | Batch 3950/4225 | Loss 0.968444 | Accuracy 63.684827
Epoch 3 | Batch 4000/4225 | Loss 0.968948 | Accuracy 63.677049
Epoch 3 | Batch 4050/4225 | Loss 0.969192 | Accuracy 63.662522
Epoch 3 | Batch 4100/4225 | Loss 0.968228 | Accuracy 63.715405
Epoch 3 | Batch 4150/4225 | Loss 0.968321 | Accuracy 63.705282
Epoch 3 | Batch 4200/4225 | Loss 0.968456 | Accuracy 63.702095
Token indices sequence length is longer than the specified maximum sequence length for this model (15150 > 512). Running this sequence through the model will result in indexing errors
Token indices sequence length is longer than the specified maximum sequence length for this model (15150 > 512). Running this sequence through the model will result in indexing errors
Token indices sequence length is longer than the specified maximum sequence length for this model (1195 > 512). Running this sequence through the model will result in indexing errors
Token indices sequence length is longer than the specified maximum sequence length for this model (1195 > 512). Running this sequence through the model will result in indexing errors
Epoch 4 | Batch 0/4225 | Loss 1.382679 | Accuracy 53.125000
Epoch 4 | Batch 50/4225 | Loss 0.946823 | Accuracy 64.276961
Epoch 4 | Batch 100/4225 | Loss 0.940993 | Accuracy 64.882426
Epoch 4 | Batch 150/4225 | Loss 0.940790 | Accuracy 64.817881
Epoch 4 | Batch 200/4225 | Loss 0.949539 | Accuracy 64.319030
Epoch 4 | Batch 250/4225 | Loss 0.952471 | Accuracy 64.093625
Epoch 4 | Batch 300/4225 | Loss 0.950586 | Accuracy 64.545266
Epoch 4 | Batch 350/4225 | Loss 0.953019 | Accuracy 64.245014
Epoch 4 | Batch 400/4225 | Loss 0.960278 | Accuracy 64.191085
Epoch 4 | Batch 450/4225 | Loss 0.961805 | Accuracy 64.197616
Epoch 4 | Batch 500/4225 | Loss 0.963962 | Accuracy 64.134232
Epoch 4 | Batch 550/4225 | Loss 0.964932 | Accuracy 64.093693
Epoch 4 | Batch 600/4225 | Loss 0.966760 | Accuracy 64.070300
Epoch 4 | Batch 650/4225 | Loss 0.966129 | Accuracy 64.036098
Epoch 4 | Batch 700/4225 | Loss 0.965409 | Accuracy 63.997860
Epoch 4 | Batch 750/4225 | Loss 0.963779 | Accuracy 64.068742
Epoch 4 | Batch 800/4225 | Loss 0.963030 | Accuracy 63.947409
Epoch 4 | Batch 850/4225 | Loss 0.964816 | Accuracy 63.880729
Epoch 4 | Batch 900/4225 | Loss 0.966302 | Accuracy 63.817980
Epoch 4 | Batch 950/4225 | Loss 0.967209 | Accuracy 63.774974
Epoch 4 | Batch 1000/4225 | Loss 0.966321 | Accuracy 63.814311
Epoch 4 | Batch 1050/4225 | Loss 0.967546 | Accuracy 63.849905
Epoch 4 | Batch 1100/4225 | Loss 0.966618 | Accuracy 63.845368
Epoch 4 | Batch 1150/4225 | Loss 0.969373 | Accuracy 63.716334
Epoch 4 | Batch 1200/4225 | Loss 0.968873 | Accuracy 63.660491
Epoch 4 | Batch 1250/4225 | Loss 0.968466 | Accuracy 63.656575
Epoch 4 | Batch 1300/4225 | Loss 0.967987 | Accuracy 63.700999
Epoch 4 | Batch 1350/4225 | Loss 0.966982 | Accuracy 63.737509
Epoch 4 | Batch 1400/4225 | Loss 0.966758 | Accuracy 63.742416
Epoch 4 | Batch 1450/4225 | Loss 0.967712 | Accuracy 63.701757
Epoch 4 | Batch 1500/4225 | Loss 0.968149 | Accuracy 63.697119
Epoch 4 | Batch 1550/4225 | Loss 0.967770 | Accuracy 63.708897
Epoch 4 | Batch 1600/4225 | Loss 0.967576 | Accuracy 63.686758
Epoch 4 | Batch 1650/4225 | Loss 0.965976 | Accuracy 63.730315
Epoch 4 | Batch 1700/4225 | Loss 0.964978 | Accuracy 63.786008
Epoch 4 | Batch 1750/4225 | Loss 0.965259 | Accuracy 63.736793
Epoch 4 | Batch 1800/4225 | Loss 0.965834 | Accuracy 63.740630
Epoch 4 | Batch 1850/4225 | Loss 0.965004 | Accuracy 63.747636
Epoch 4 | Batch 1900/4225 | Loss 0.965087 | Accuracy 63.760850
Epoch 4 | Batch 1950/4225 | Loss 0.965807 | Accuracy 63.730138
Epoch 4 | Batch 2000/4225 | Loss 0.966399 | Accuracy 63.716579
Epoch 4 | Batch 2050/4225 | Loss 0.967087 | Accuracy 63.741772
Epoch 4 | Batch 2100/4225 | Loss 0.967144 | Accuracy 63.724119
Epoch 4 | Batch 2150/4225 | Loss 0.967529 | Accuracy 63.686948
Epoch 4 | Batch 2200/4225 | Loss 0.967601 | Accuracy 63.702578
Epoch 4 | Batch 2250/4225 | Loss 0.967932 | Accuracy 63.649489
Epoch 4 | Batch 2300/4225 | Loss 0.967849 | Accuracy 63.667970
Epoch 4 | Batch 2350/4225 | Loss 0.968336 | Accuracy 63.644460
Epoch 4 | Batch 2400/4225 | Loss 0.969028 | Accuracy 63.644055
Epoch 4 | Batch 2450/4225 | Loss 0.969655 | Accuracy 63.615616
Epoch 4 | Batch 2500/4225 | Loss 0.969545 | Accuracy 63.610806
Epoch 4 | Batch 2550/4225 | Loss 0.969210 | Accuracy 63.628234
Epoch 4 | Batch 2600/4225 | Loss 0.970810 | Accuracy 63.578912
Epoch 4 | Batch 2650/4225 | Loss 0.971362 | Accuracy 63.544417
Epoch 4 | Batch 2700/4225 | Loss 0.970572 | Accuracy 63.558636
Epoch 4 | Batch 2750/4225 | Loss 0.969610 | Accuracy 63.600736
Epoch 4 | Batch 2800/4225 | Loss 0.969237 | Accuracy 63.601169
Epoch 4 | Batch 2850/4225 | Loss 0.968968 | Accuracy 63.638855
Epoch 4 | Batch 2900/4225 | Loss 0.969749 | Accuracy 63.628921
Epoch 4 | Batch 2950/4225 | Loss 0.969697 | Accuracy 63.619324
Epoch 4 | Batch 3000/4225 | Loss 0.969529 | Accuracy 63.631914
Epoch 4 | Batch 3050/4225 | Loss 0.970297 | Accuracy 63.615413
Epoch 4 | Batch 3100/4225 | Loss 0.970152 | Accuracy 63.610529
Epoch 4 | Batch 3150/4225 | Loss 0.969929 | Accuracy 63.621668
Epoch 4 | Batch 3200/4225 | Loss 0.969499 | Accuracy 63.626601
Epoch 4 | Batch 3250/4225 | Loss 0.969499 | Accuracy 63.631383
Epoch 4 | Batch 3300/4225 | Loss 0.969578 | Accuracy 63.610459
Epoch 4 | Batch 3350/4225 | Loss 0.969481 | Accuracy 63.619069
Epoch 4 | Batch 3400/4225 | Loss 0.970140 | Accuracy 63.594347
Epoch 4 | Batch 3450/4225 | Loss 0.969424 | Accuracy 63.611091
Epoch 4 | Batch 3500/4225 | Loss 0.969508 | Accuracy 63.613967
Epoch 4 | Batch 3550/4225 | Loss 0.970083 | Accuracy 63.607963
Epoch 4 | Batch 3600/4225 | Loss 0.970154 | Accuracy 63.589107
Epoch 4 | Batch 3650/4225 | Loss 0.970315 | Accuracy 63.587031
Epoch 4 | Batch 3700/4225 | Loss 0.970179 | Accuracy 63.592610
Epoch 4 | Batch 3750/4225 | Loss 0.969660 | Accuracy 63.603872
Epoch 4 | Batch 3800/4225 | Loss 0.969602 | Accuracy 63.599217
Epoch 4 | Batch 3850/4225 | Loss 0.969648 | Accuracy 63.603609
Epoch 4 | Batch 3900/4225 | Loss 0.969937 | Accuracy 63.600679
Epoch 4 | Batch 3950/4225 | Loss 0.970196 | Accuracy 63.582795
Epoch 4 | Batch 4000/4225 | Loss 0.970431 | Accuracy 63.584885
Epoch 4 | Batch 4050/4225 | Loss 0.970513 | Accuracy 63.562238
Epoch 4 | Batch 4100/4225 | Loss 0.970453 | Accuracy 63.563003
Epoch 4 | Batch 4150/4225 | Loss 0.970894 | Accuracy 63.543423
Epoch 4 | Batch 4200/4225 | Loss 0.970598 | Accuracy 63.560015
Token indices sequence length is longer than the specified maximum sequence length for this model (1195 > 512). Running this sequence through the model will result in indexing errors
Token indices sequence length is longer than the specified maximum sequence length for this model (1195 > 512). Running this sequence through the model will result in indexing errors
Token indices sequence length is longer than the specified maximum sequence length for this model (15150 > 512). Running this sequence through the model will result in indexing errors
Token indices sequence length is longer than the specified maximum sequence length for this model (15150 > 512). Running this sequence through the model will result in indexing errors
Epoch 5 | Batch 0/4225 | Loss 0.935546 | Accuracy 68.750000
Epoch 5 | Batch 50/4225 | Loss 0.973375 | Accuracy 64.093137
Epoch 5 | Batch 100/4225 | Loss 0.971992 | Accuracy 63.242574
Epoch 5 | Batch 150/4225 | Loss 0.979234 | Accuracy 62.748344
Epoch 5 | Batch 200/4225 | Loss 0.978074 | Accuracy 63.199627
Epoch 5 | Batch 250/4225 | Loss 0.970491 | Accuracy 63.483566
Epoch 5 | Batch 300/4225 | Loss 0.964701 | Accuracy 63.828904
Epoch 5 | Batch 350/4225 | Loss 0.961973 | Accuracy 63.871083
Epoch 5 | Batch 400/4225 | Loss 0.962514 | Accuracy 63.824813
Epoch 5 | Batch 450/4225 | Loss 0.963383 | Accuracy 63.816519
Epoch 5 | Batch 500/4225 | Loss 0.960008 | Accuracy 63.959581
Epoch 5 | Batch 550/4225 | Loss 0.957111 | Accuracy 64.139065
Epoch 5 | Batch 600/4225 | Loss 0.961216 | Accuracy 64.039101
Epoch 5 | Batch 650/4225 | Loss 0.960188 | Accuracy 64.117704
Epoch 5 | Batch 700/4225 | Loss 0.961263 | Accuracy 64.189551
Epoch 5 | Batch 750/4225 | Loss 0.962181 | Accuracy 64.197736
Epoch 5 | Batch 800/4225 | Loss 0.962925 | Accuracy 64.080056
Epoch 5 | Batch 850/4225 | Loss 0.960153 | Accuracy 64.163484
Epoch 5 | Batch 900/4225 | Loss 0.961732 | Accuracy 64.116260
Epoch 5 | Batch 950/4225 | Loss 0.963705 | Accuracy 63.978707
Epoch 5 | Batch 1000/4225 | Loss 0.961136 | Accuracy 64.017233
Epoch 5 | Batch 1050/4225 | Loss 0.960857 | Accuracy 63.992626
Epoch 5 | Batch 1100/4225 | Loss 0.963399 | Accuracy 63.950386
Epoch 5 | Batch 1150/4225 | Loss 0.964732 | Accuracy 63.841225
Epoch 5 | Batch 1200/4225 | Loss 0.964678 | Accuracy 63.808805
Epoch 5 | Batch 1250/4225 | Loss 0.964351 | Accuracy 63.833933
Epoch 5 | Batch 1300/4225 | Loss 0.965229 | Accuracy 63.825903
Epoch 5 | Batch 1350/4225 | Loss 0.966185 | Accuracy 63.820781
Epoch 5 | Batch 1400/4225 | Loss 0.965634 | Accuracy 63.831638
Epoch 5 | Batch 1450/4225 | Loss 0.967061 | Accuracy 63.755600
Epoch 5 | Batch 1500/4225 | Loss 0.967662 | Accuracy 63.705446
Epoch 5 | Batch 1550/4225 | Loss 0.967644 | Accuracy 63.712927
Epoch 5 | Batch 1600/4225 | Loss 0.966320 | Accuracy 63.776546
Epoch 5 | Batch 1650/4225 | Loss 0.966637 | Accuracy 63.773849
Epoch 5 | Batch 1700/4225 | Loss 0.965969 | Accuracy 63.791520
Epoch 5 | Batch 1750/4225 | Loss 0.966006 | Accuracy 63.776057
Epoch 5 | Batch 1800/4225 | Loss 0.965442 | Accuracy 63.768393
Epoch 5 | Batch 1850/4225 | Loss 0.964872 | Accuracy 63.789843
Epoch 5 | Batch 1900/4225 | Loss 0.965549 | Accuracy 63.798659
Epoch 5 | Batch 1950/4225 | Loss 0.966254 | Accuracy 63.770182
Epoch 5 | Batch 2000/4225 | Loss 0.966178 | Accuracy 63.749375
Epoch 5 | Batch 2050/4225 | Loss 0.966006 | Accuracy 63.769198
Epoch 5 | Batch 2100/4225 | Loss 0.965031 | Accuracy 63.799976
Epoch 5 | Batch 2150/4225 | Loss 0.965738 | Accuracy 63.768305
Epoch 5 | Batch 2200/4225 | Loss 0.966834 | Accuracy 63.749432
Epoch 5 | Batch 2250/4225 | Loss 0.966717 | Accuracy 63.739727
Epoch 5 | Batch 2300/4225 | Loss 0.967734 | Accuracy 63.676119
Epoch 5 | Batch 2350/4225 | Loss 0.966457 | Accuracy 63.740164
Epoch 5 | Batch 2400/4225 | Loss 0.966348 | Accuracy 63.736464
Epoch 5 | Batch 2450/4225 | Loss 0.966665 | Accuracy 63.744390
Epoch 5 | Batch 2500/4225 | Loss 0.967309 | Accuracy 63.715764
Epoch 5 | Batch 2550/4225 | Loss 0.967235 | Accuracy 63.716435
Epoch 5 | Batch 2600/4225 | Loss 0.967234 | Accuracy 63.699058
Epoch 5 | Batch 2650/4225 | Loss 0.967308 | Accuracy 63.711807
Epoch 5 | Batch 2700/4225 | Loss 0.967825 | Accuracy 63.676648
Epoch 5 | Batch 2750/4225 | Loss 0.967382 | Accuracy 63.689340
Epoch 5 | Batch 2800/4225 | Loss 0.967698 | Accuracy 63.693770
Epoch 5 | Batch 2850/4225 | Loss 0.968769 | Accuracy 63.649816
Epoch 5 | Batch 2900/4225 | Loss 0.967895 | Accuracy 63.679550
Epoch 5 | Batch 2950/4225 | Loss 0.967848 | Accuracy 63.678626
Epoch 5 | Batch 3000/4225 | Loss 0.969131 | Accuracy 63.638162
Epoch 5 | Batch 3050/4225 | Loss 0.968614 | Accuracy 63.669698
Epoch 5 | Batch 3100/4225 | Loss 0.969214 | Accuracy 63.649831
Epoch 5 | Batch 3150/4225 | Loss 0.969538 | Accuracy 63.634560
Epoch 5 | Batch 3200/4225 | Loss 0.969583 | Accuracy 63.626601
Epoch 5 | Batch 3250/4225 | Loss 0.970233 | Accuracy 63.629460
Epoch 5 | Batch 3300/4225 | Loss 0.970214 | Accuracy 63.619926
Epoch 5 | Batch 3350/4225 | Loss 0.970700 | Accuracy 63.621867
Epoch 5 | Batch 3400/4225 | Loss 0.970112 | Accuracy 63.618237
Epoch 5 | Batch 3450/4225 | Loss 0.969519 | Accuracy 63.623768
Epoch 5 | Batch 3500/4225 | Loss 0.969475 | Accuracy 63.614860
Epoch 5 | Batch 3550/4225 | Loss 0.968708 | Accuracy 63.638764
Epoch 5 | Batch 3600/4225 | Loss 0.969060 | Accuracy 63.618613
Epoch 5 | Batch 3650/4225 | Loss 0.969199 | Accuracy 63.585319
Epoch 5 | Batch 3700/4225 | Loss 0.969732 | Accuracy 63.575723
Epoch 5 | Batch 3750/4225 | Loss 0.969397 | Accuracy 63.588876
Epoch 5 | Batch 3800/4225 | Loss 0.969454 | Accuracy 63.584419
Epoch 5 | Batch 3850/4225 | Loss 0.969438 | Accuracy 63.604421
Epoch 5 | Batch 3900/4225 | Loss 0.968930 | Accuracy 63.629518
Epoch 5 | Batch 3950/4225 | Loss 0.968960 | Accuracy 63.633416
Epoch 5 | Batch 4000/4225 | Loss 0.968893 | Accuracy 63.636435
Epoch 5 | Batch 4050/4225 | Loss 0.969219 | Accuracy 63.616237
Epoch 5 | Batch 4100/4225 | Loss 0.969448 | Accuracy 63.623202
Epoch 5 | Batch 4150/4225 | Loss 0.969256 | Accuracy 63.639786
Epoch 5 | Batch 4200/4225 | Loss 0.968644 | Accuracy 63.659694
Token indices sequence length is longer than the specified maximum sequence length for this model (1195 > 512). Running this sequence through the model will result in indexing errors
Token indices sequence length is longer than the specified maximum sequence length for this model (1195 > 512). Running this sequence through the model will result in indexing errors
Token indices sequence length is longer than the specified maximum sequence length for this model (15150 > 512). Running this sequence through the model will result in indexing errors
Token indices sequence length is longer than the specified maximum sequence length for this model (15150 > 512). Running this sequence through the model will result in indexing errors
Epoch 6 | Batch 0/4225 | Loss 0.659818 | Accuracy 84.375000
Epoch 6 | Batch 50/4225 | Loss 0.975839 | Accuracy 63.786765
Epoch 6 | Batch 100/4225 | Loss 0.956832 | Accuracy 63.954208
Epoch 6 | Batch 150/4225 | Loss 0.956089 | Accuracy 63.679636
Epoch 6 | Batch 200/4225 | Loss 0.960607 | Accuracy 63.619403
Epoch 6 | Batch 250/4225 | Loss 0.961670 | Accuracy 63.670319
Epoch 6 | Batch 300/4225 | Loss 0.970719 | Accuracy 63.361711
Epoch 6 | Batch 350/4225 | Loss 0.970752 | Accuracy 63.408120
Epoch 6 | Batch 400/4225 | Loss 0.971829 | Accuracy 63.458541
Epoch 6 | Batch 450/4225 | Loss 0.975086 | Accuracy 63.428492
Epoch 6 | Batch 500/4225 | Loss 0.975355 | Accuracy 63.354541
Epoch 6 | Batch 550/4225 | Loss 0.980575 | Accuracy 63.197595
Epoch 6 | Batch 600/4225 | Loss 0.980405 | Accuracy 63.123960
Epoch 6 | Batch 650/4225 | Loss 0.977681 | Accuracy 63.200845
Epoch 6 | Batch 700/4225 | Loss 0.978609 | Accuracy 63.164230
Epoch 6 | Batch 750/4225 | Loss 0.977625 | Accuracy 63.286451
Epoch 6 | Batch 800/4225 | Loss 0.975310 | Accuracy 63.346598
Epoch 6 | Batch 850/4225 | Loss 0.975421 | Accuracy 63.451087
Epoch 6 | Batch 900/4225 | Loss 0.972322 | Accuracy 63.523169
Epoch 6 | Batch 950/4225 | Loss 0.970647 | Accuracy 63.548239
Epoch 6 | Batch 1000/4225 | Loss 0.973126 | Accuracy 63.505245
Epoch 6 | Batch 1050/4225 | Loss 0.974002 | Accuracy 63.451475
Epoch 6 | Batch 1100/4225 | Loss 0.974770 | Accuracy 63.465032
Epoch 6 | Batch 1150/4225 | Loss 0.974979 | Accuracy 63.433970
Epoch 6 | Batch 1200/4225 | Loss 0.975459 | Accuracy 63.384679
Epoch 6 | Batch 1250/4225 | Loss 0.973231 | Accuracy 63.444245
Epoch 6 | Batch 1300/4225 | Loss 0.973572 | Accuracy 63.436779
Epoch 6 | Batch 1350/4225 | Loss 0.973540 | Accuracy 63.418301
Epoch 6 | Batch 1400/4225 | Loss 0.973464 | Accuracy 63.434600
Epoch 6 | Batch 1450/4225 | Loss 0.972205 | Accuracy 63.471313
Epoch 6 | Batch 1500/4225 | Loss 0.970776 | Accuracy 63.532645
Epoch 6 | Batch 1550/4225 | Loss 0.972533 | Accuracy 63.461074
Epoch 6 | Batch 1600/4225 | Loss 0.971257 | Accuracy 63.509135
Epoch 6 | Batch 1650/4225 | Loss 0.971137 | Accuracy 63.505073
Epoch 6 | Batch 1700/4225 | Loss 0.970247 | Accuracy 63.571061
Epoch 6 | Batch 1750/4225 | Loss 0.971483 | Accuracy 63.513706
Epoch 6 | Batch 1800/4225 | Loss 0.971607 | Accuracy 63.513326
Epoch 6 | Batch 1850/4225 | Loss 0.972410 | Accuracy 63.504525
Epoch 6 | Batch 1900/4225 | Loss 0.972320 | Accuracy 63.478104
Epoch 6 | Batch 1950/4225 | Loss 0.971922 | Accuracy 63.472258
Epoch 6 | Batch 2000/4225 | Loss 0.971406 | Accuracy 63.497939
Epoch 6 | Batch 2050/4225 | Loss 0.971020 | Accuracy 63.531509
Epoch 6 | Batch 2100/4225 | Loss 0.969904 | Accuracy 63.567944
Epoch 6 | Batch 2150/4225 | Loss 0.970945 | Accuracy 63.521327
Epoch 6 | Batch 2200/4225 | Loss 0.971037 | Accuracy 63.495286
Epoch 6 | Batch 2250/4225 | Loss 0.971308 | Accuracy 63.498167
Epoch 6 | Batch 2300/4225 | Loss 0.971073 | Accuracy 63.492775
Epoch 6 | Batch 2350/4225 | Loss 0.970431 | Accuracy 63.551414
Epoch 6 | Batch 2400/4225 | Loss 0.970447 | Accuracy 63.567264
Epoch 6 | Batch 2450/4225 | Loss 0.970883 | Accuracy 63.558242
Epoch 6 | Batch 2500/4225 | Loss 0.970613 | Accuracy 63.544582
Epoch 6 | Batch 2550/4225 | Loss 0.970119 | Accuracy 63.575559
Epoch 6 | Batch 2600/4225 | Loss 0.969589 | Accuracy 63.619762
Epoch 6 | Batch 2650/4225 | Loss 0.969766 | Accuracy 63.610430
Epoch 6 | Batch 2700/4225 | Loss 0.969498 | Accuracy 63.648880
Epoch 6 | Batch 2750/4225 | Loss 0.969487 | Accuracy 63.667757
Epoch 6 | Batch 2800/4225 | Loss 0.969342 | Accuracy 63.678151
Epoch 6 | Batch 2850/4225 | Loss 0.969134 | Accuracy 63.693660
Epoch 6 | Batch 2900/4225 | Loss 0.969711 | Accuracy 63.676319
Epoch 6 | Batch 2950/4225 | Loss 0.970026 | Accuracy 63.673331
Epoch 6 | Batch 3000/4225 | Loss 0.970701 | Accuracy 63.643369
Epoch 6 | Batch 3050/4225 | Loss 0.970085 | Accuracy 63.669698
Epoch 6 | Batch 3100/4225 | Loss 0.970614 | Accuracy 63.636730
Epoch 6 | Batch 3150/4225 | Loss 0.971829 | Accuracy 63.611750
Epoch 6 | Batch 3200/4225 | Loss 0.971735 | Accuracy 63.621720
Epoch 6 | Batch 3250/4225 | Loss 0.971747 | Accuracy 63.622731
Epoch 6 | Batch 3300/4225 | Loss 0.971357 | Accuracy 63.635073
Epoch 6 | Batch 3350/4225 | Loss 0.971292 | Accuracy 63.646113
Epoch 6 | Batch 3400/4225 | Loss 0.971177 | Accuracy 63.638452
Epoch 6 | Batch 3450/4225 | Loss 0.971688 | Accuracy 63.617430
Epoch 6 | Batch 3500/4225 | Loss 0.971509 | Accuracy 63.619323
Epoch 6 | Batch 3550/4225 | Loss 0.971435 | Accuracy 63.598282
Epoch 6 | Batch 3600/4225 | Loss 0.970943 | Accuracy 63.602124
Epoch 6 | Batch 3650/4225 | Loss 0.971101 | Accuracy 63.605005
Epoch 6 | Batch 3700/4225 | Loss 0.971330 | Accuracy 63.590077
Epoch 6 | Batch 3750/4225 | Loss 0.970699 | Accuracy 63.610537
Epoch 6 | Batch 3800/4225 | Loss 0.970585 | Accuracy 63.623882
Epoch 6 | Batch 3850/4225 | Loss 0.969963 | Accuracy 63.648241
Epoch 6 | Batch 3900/4225 | Loss 0.970056 | Accuracy 63.632722
Epoch 6 | Batch 3950/4225 | Loss 0.969615 | Accuracy 63.633416
Epoch 6 | Batch 4000/4225 | Loss 0.968915 | Accuracy 63.653618
Epoch 6 | Batch 4050/4225 | Loss 0.968748 | Accuracy 63.663293
Epoch 6 | Batch 4100/4225 | Loss 0.968747 | Accuracy 63.682638
Epoch 6 | Batch 4150/4225 | Loss 0.968410 | Accuracy 63.701518
Epoch 6 | Batch 4200/4225 | Loss 0.968248 | Accuracy 63.716972
Token indices sequence length is longer than the specified maximum sequence length for this model (15150 > 512). Running this sequence through the model will result in indexing errors
Token indices sequence length is longer than the specified maximum sequence length for this model (15150 > 512). Running this sequence through the model will result in indexing errors
Token indices sequence length is longer than the specified maximum sequence length for this model (1195 > 512). Running this sequence through the model will result in indexing errors
Token indices sequence length is longer than the specified maximum sequence length for this model (1195 > 512). Running this sequence through the model will result in indexing errors
Epoch 7 | Batch 0/4225 | Loss 1.239725 | Accuracy 50.000000
Epoch 7 | Batch 50/4225 | Loss 0.935631 | Accuracy 63.909314
Epoch 7 | Batch 100/4225 | Loss 0.975008 | Accuracy 63.149752
Epoch 7 | Batch 150/4225 | Loss 0.972857 | Accuracy 63.658940
Epoch 7 | Batch 200/4225 | Loss 0.977455 | Accuracy 63.339552
Epoch 7 | Batch 250/4225 | Loss 0.976205 | Accuracy 63.172311
Epoch 7 | Batch 300/4225 | Loss 0.980948 | Accuracy 62.987957
Epoch 7 | Batch 350/4225 | Loss 0.976837 | Accuracy 62.882835
Epoch 7 | Batch 400/4225 | Loss 0.970631 | Accuracy 63.076683
Epoch 7 | Batch 450/4225 | Loss 0.971575 | Accuracy 63.206763
Epoch 7 | Batch 500/4225 | Loss 0.969980 | Accuracy 63.298403
Epoch 7 | Batch 550/4225 | Loss 0.972899 | Accuracy 63.174909
Epoch 7 | Batch 600/4225 | Loss 0.971956 | Accuracy 63.253952
Epoch 7 | Batch 650/4225 | Loss 0.970518 | Accuracy 63.277650
Epoch 7 | Batch 700/4225 | Loss 0.970267 | Accuracy 63.347004
Epoch 7 | Batch 750/4225 | Loss 0.969707 | Accuracy 63.361352
Epoch 7 | Batch 800/4225 | Loss 0.969320 | Accuracy 63.370006
Epoch 7 | Batch 850/4225 | Loss 0.970878 | Accuracy 63.326234
Epoch 7 | Batch 900/4225 | Loss 0.969210 | Accuracy 63.380966
Epoch 7 | Batch 950/4225 | Loss 0.970983 | Accuracy 63.331362
Epoch 7 | Batch 1000/4225 | Loss 0.968014 | Accuracy 63.483392
Epoch 7 | Batch 1050/4225 | Loss 0.969430 | Accuracy 63.406874
Epoch 7 | Batch 1100/4225 | Loss 0.969976 | Accuracy 63.425295
Epoch 7 | Batch 1150/4225 | Loss 0.970466 | Accuracy 63.409535
Epoch 7 | Batch 1200/4225 | Loss 0.970801 | Accuracy 63.421107
Epoch 7 | Batch 1250/4225 | Loss 0.969358 | Accuracy 63.464229
Epoch 7 | Batch 1300/4225 | Loss 0.970140 | Accuracy 63.451191
Epoch 7 | Batch 1350/4225 | Loss 0.971335 | Accuracy 63.459937
Epoch 7 | Batch 1400/4225 | Loss 0.970346 | Accuracy 63.539436
Epoch 7 | Batch 1450/4225 | Loss 0.971134 | Accuracy 63.553153
Epoch 7 | Batch 1500/4225 | Loss 0.970920 | Accuracy 63.563874
Epoch 7 | Batch 1550/4225 | Loss 0.969191 | Accuracy 63.662556
Epoch 7 | Batch 1600/4225 | Loss 0.968524 | Accuracy 63.675047
Epoch 7 | Batch 1650/4225 | Loss 0.968497 | Accuracy 63.677317
Epoch 7 | Batch 1700/4225 | Loss 0.967737 | Accuracy 63.688639
Epoch 7 | Batch 1750/4225 | Loss 0.968093 | Accuracy 63.710023
Epoch 7 | Batch 1800/4225 | Loss 0.967566 | Accuracy 63.695516
Epoch 7 | Batch 1850/4225 | Loss 0.966197 | Accuracy 63.730754
Epoch 7 | Batch 1900/4225 | Loss 0.965253 | Accuracy 63.749342
Epoch 7 | Batch 1950/4225 | Loss 0.966310 | Accuracy 63.715723
Epoch 7 | Batch 2000/4225 | Loss 0.967453 | Accuracy 63.680660
Epoch 7 | Batch 2050/4225 | Loss 0.967000 | Accuracy 63.683874
Epoch 7 | Batch 2100/4225 | Loss 0.967809 | Accuracy 63.658674
Epoch 7 | Batch 2150/4225 | Loss 0.967729 | Accuracy 63.621571
Epoch 7 | Batch 2200/4225 | Loss 0.967475 | Accuracy 63.659984
Epoch 7 | Batch 2250/4225 | Loss 0.968638 | Accuracy 63.641159
Epoch 7 | Batch 2300/4225 | Loss 0.969099 | Accuracy 63.634018
Epoch 7 | Batch 2350/4225 | Loss 0.968673 | Accuracy 63.677690
Epoch 7 | Batch 2400/4225 | Loss 0.967873 | Accuracy 63.696116
Epoch 7 | Batch 2450/4225 | Loss 0.967433 | Accuracy 63.727815
Epoch 7 | Batch 2500/4225 | Loss 0.967015 | Accuracy 63.751999
Epoch 7 | Batch 2550/4225 | Loss 0.967336 | Accuracy 63.732360
Epoch 7 | Batch 2600/4225 | Loss 0.967552 | Accuracy 63.719483
Epoch 7 | Batch 2650/4225 | Loss 0.967832 | Accuracy 63.672906
Epoch 7 | Batch 2700/4225 | Loss 0.968225 | Accuracy 63.668549
Epoch 7 | Batch 2750/4225 | Loss 0.968357 | Accuracy 63.643902
Epoch 7 | Batch 2800/4225 | Loss 0.968846 | Accuracy 63.639102
Epoch 7 | Batch 2850/4225 | Loss 0.969255 | Accuracy 63.609260
Epoch 7 | Batch 2900/4225 | Loss 0.969768 | Accuracy 63.577215
Epoch 7 | Batch 2950/4225 | Loss 0.970466 | Accuracy 63.581201
Epoch 7 | Batch 3000/4225 | Loss 0.970166 | Accuracy 63.587138
Epoch 7 | Batch 3050/4225 | Loss 0.970184 | Accuracy 63.606195
Epoch 7 | Batch 3100/4225 | Loss 0.970363 | Accuracy 63.584328
Epoch 7 | Batch 3150/4225 | Loss 0.969615 | Accuracy 63.598858
Epoch 7 | Batch 3200/4225 | Loss 0.969546 | Accuracy 63.605123
Epoch 7 | Batch 3250/4225 | Loss 0.969790 | Accuracy 63.601584
Epoch 7 | Batch 3300/4225 | Loss 0.969937 | Accuracy 63.618032
Epoch 7 | Batch 3350/4225 | Loss 0.969997 | Accuracy 63.617204
Epoch 7 | Batch 3400/4225 | Loss 0.969671 | Accuracy 63.626507
Epoch 7 | Batch 3450/4225 | Loss 0.969726 | Accuracy 63.640068
Epoch 7 | Batch 3500/4225 | Loss 0.969485 | Accuracy 63.642531
Epoch 7 | Batch 3550/4225 | Loss 0.970052 | Accuracy 63.602682
Epoch 7 | Batch 3600/4225 | Loss 0.969944 | Accuracy 63.594314
Epoch 7 | Batch 3650/4225 | Loss 0.970011 | Accuracy 63.581895
Epoch 7 | Batch 3700/4225 | Loss 0.969994 | Accuracy 63.578256
Epoch 7 | Batch 3750/4225 | Loss 0.970421 | Accuracy 63.574713
Epoch 7 | Batch 3800/4225 | Loss 0.970522 | Accuracy 63.563865
Epoch 7 | Batch 3850/4225 | Loss 0.970429 | Accuracy 63.565470
Epoch 7 | Batch 3900/4225 | Loss 0.970688 | Accuracy 63.558222
Epoch 7 | Batch 3950/4225 | Loss 0.971042 | Accuracy 63.540085
Epoch 7 | Batch 4000/4225 | Loss 0.970863 | Accuracy 63.542708
Epoch 7 | Batch 4050/4225 | Loss 0.970570 | Accuracy 63.565323
Epoch 7 | Batch 4100/4225 | Loss 0.970372 | Accuracy 63.576719
Epoch 7 | Batch 4150/4225 | Loss 0.969831 | Accuracy 63.603650
Epoch 7 | Batch 4200/4225 | Loss 0.969487 | Accuracy 63.612830
Token indices sequence length is longer than the specified maximum sequence length for this model (1195 > 512). Running this sequence through the model will result in indexing errors
Token indices sequence length is longer than the specified maximum sequence length for this model (15150 > 512). Running this sequence through the model will result in indexing errors
Token indices sequence length is longer than the specified maximum sequence length for this model (15150 > 512). Running this sequence through the model will result in indexing errors
Token indices sequence length is longer than the specified maximum sequence length for this model (1195 > 512). Running this sequence through the model will result in indexing errors
Epoch 8 | Batch 0/4225 | Loss 1.127684 | Accuracy 62.500000
Epoch 8 | Batch 50/4225 | Loss 0.961622 | Accuracy 62.928922
Epoch 8 | Batch 100/4225 | Loss 0.961073 | Accuracy 62.995050
Epoch 8 | Batch 150/4225 | Loss 0.950153 | Accuracy 63.327815
Epoch 8 | Batch 200/4225 | Loss 0.966697 | Accuracy 62.795398
Epoch 8 | Batch 250/4225 | Loss 0.966192 | Accuracy 62.910857
Epoch 8 | Batch 300/4225 | Loss 0.966132 | Accuracy 63.278654
Epoch 8 | Batch 350/4225 | Loss 0.966034 | Accuracy 63.310185
Epoch 8 | Batch 400/4225 | Loss 0.964740 | Accuracy 63.442955
Epoch 8 | Batch 450/4225 | Loss 0.963760 | Accuracy 63.525499
Epoch 8 | Batch 500/4225 | Loss 0.959657 | Accuracy 63.641467
Epoch 8 | Batch 550/4225 | Loss 0.959954 | Accuracy 63.622958
Epoch 8 | Batch 600/4225 | Loss 0.957645 | Accuracy 63.779118
Epoch 8 | Batch 650/4225 | Loss 0.958078 | Accuracy 63.728879
Epoch 8 | Batch 700/4225 | Loss 0.958465 | Accuracy 63.725927
Epoch 8 | Batch 750/4225 | Loss 0.958216 | Accuracy 63.764980
Epoch 8 | Batch 800/4225 | Loss 0.958032 | Accuracy 63.752341
Epoch 8 | Batch 850/4225 | Loss 0.958582 | Accuracy 63.616334
Epoch 8 | Batch 900/4225 | Loss 0.961997 | Accuracy 63.460738
Epoch 8 | Batch 950/4225 | Loss 0.962440 | Accuracy 63.512093
Epoch 8 | Batch 1000/4225 | Loss 0.962811 | Accuracy 63.511489
Epoch 8 | Batch 1050/4225 | Loss 0.965479 | Accuracy 63.430661
Epoch 8 | Batch 1100/4225 | Loss 0.964966 | Accuracy 63.499092
Epoch 8 | Batch 1150/4225 | Loss 0.965228 | Accuracy 63.493701
Epoch 8 | Batch 1200/4225 | Loss 0.962673 | Accuracy 63.605849
Epoch 8 | Batch 1250/4225 | Loss 0.963782 | Accuracy 63.574141
Epoch 8 | Batch 1300/4225 | Loss 0.963752 | Accuracy 63.568889
Epoch 8 | Batch 1350/4225 | Loss 0.962574 | Accuracy 63.635733
Epoch 8 | Batch 1400/4225 | Loss 0.962505 | Accuracy 63.668808
Epoch 8 | Batch 1450/4225 | Loss 0.962662 | Accuracy 63.678067
Epoch 8 | Batch 1500/4225 | Loss 0.964213 | Accuracy 63.634660
Epoch 8 | Batch 1550/4225 | Loss 0.965189 | Accuracy 63.598082
Epoch 8 | Batch 1600/4225 | Loss 0.964646 | Accuracy 63.602826
Epoch 8 | Batch 1650/4225 | Loss 0.964994 | Accuracy 63.645139
Epoch 8 | Batch 1700/4225 | Loss 0.964226 | Accuracy 63.675779
Epoch 8 | Batch 1750/4225 | Loss 0.963749 | Accuracy 63.677898
Epoch 8 | Batch 1800/4225 | Loss 0.964490 | Accuracy 63.697252
Epoch 8 | Batch 1850/4225 | Loss 0.965148 | Accuracy 63.673352
Epoch 8 | Batch 1900/4225 | Loss 0.964420 | Accuracy 63.711533
Epoch 8 | Batch 1950/4225 | Loss 0.964627 | Accuracy 63.702909
Epoch 8 | Batch 2000/4225 | Loss 0.964681 | Accuracy 63.722826
Epoch 8 | Batch 2050/4225 | Loss 0.963697 | Accuracy 63.753961
Epoch 8 | Batch 2100/4225 | Loss 0.964278 | Accuracy 63.746430
Epoch 8 | Batch 2150/4225 | Loss 0.964468 | Accuracy 63.762494
Epoch 8 | Batch 2200/4225 | Loss 0.964791 | Accuracy 63.787767
Epoch 8 | Batch 2250/4225 | Loss 0.964890 | Accuracy 63.778598
Epoch 8 | Batch 2300/4225 | Loss 0.964588 | Accuracy 63.782051
Epoch 8 | Batch 2350/4225 | Loss 0.965850 | Accuracy 63.746810
Epoch 8 | Batch 2400/4225 | Loss 0.965968 | Accuracy 63.749479
Epoch 8 | Batch 2450/4225 | Loss 0.965239 | Accuracy 63.774990
Epoch 8 | Batch 2500/4225 | Loss 0.965636 | Accuracy 63.763245
Epoch 8 | Batch 2550/4225 | Loss 0.965268 | Accuracy 63.778910
Epoch 8 | Batch 2600/4225 | Loss 0.966008 | Accuracy 63.741109
Epoch 8 | Batch 2650/4225 | Loss 0.966003 | Accuracy 63.751886
Epoch 8 | Batch 2700/4225 | Loss 0.966570 | Accuracy 63.751851
Epoch 8 | Batch 2750/4225 | Loss 0.966823 | Accuracy 63.729099
Epoch 8 | Batch 2800/4225 | Loss 0.966513 | Accuracy 63.736166
Epoch 8 | Batch 2850/4225 | Loss 0.966911 | Accuracy 63.722159
Epoch 8 | Batch 2900/4225 | Loss 0.967099 | Accuracy 63.711867
Epoch 8 | Batch 2950/4225 | Loss 0.966288 | Accuracy 63.726279
Epoch 8 | Batch 3000/4225 | Loss 0.965764 | Accuracy 63.732922
Epoch 8 | Batch 3050/4225 | Loss 0.965592 | Accuracy 63.706572
Epoch 8 | Batch 3100/4225 | Loss 0.965871 | Accuracy 63.699210
Epoch 8 | Batch 3150/4225 | Loss 0.966151 | Accuracy 63.702991
Epoch 8 | Batch 3200/4225 | Loss 0.966269 | Accuracy 63.704702
Epoch 8 | Batch 3250/4225 | Loss 0.966773 | Accuracy 63.688096
Epoch 8 | Batch 3300/4225 | Loss 0.966943 | Accuracy 63.698500
Epoch 8 | Batch 3350/4225 | Loss 0.966488 | Accuracy 63.715122
Epoch 8 | Batch 3400/4225 | Loss 0.966493 | Accuracy 63.716554
Epoch 8 | Batch 3450/4225 | Loss 0.966862 | Accuracy 63.712511
Epoch 8 | Batch 3500/4225 | Loss 0.966328 | Accuracy 63.721080
Epoch 8 | Batch 3550/4225 | Loss 0.966627 | Accuracy 63.710926
Epoch 8 | Batch 3600/4225 | Loss 0.966616 | Accuracy 63.710601
Epoch 8 | Batch 3650/4225 | Loss 0.967550 | Accuracy 63.682039
Epoch 8 | Batch 3700/4225 | Loss 0.968074 | Accuracy 63.670292
Epoch 8 | Batch 3750/4225 | Loss 0.968090 | Accuracy 63.661357
Epoch 8 | Batch 3800/4225 | Loss 0.968625 | Accuracy 63.664989
Epoch 8 | Batch 3850/4225 | Loss 0.968915 | Accuracy 63.662036
Epoch 8 | Batch 3900/4225 | Loss 0.968962 | Accuracy 63.661561
Epoch 8 | Batch 3950/4225 | Loss 0.969195 | Accuracy 63.655562
Epoch 8 | Batch 4000/4225 | Loss 0.968830 | Accuracy 63.667677
Epoch 8 | Batch 4050/4225 | Loss 0.968749 | Accuracy 63.660207
Epoch 8 | Batch 4100/4225 | Loss 0.968888 | Accuracy 63.646062
Epoch 8 | Batch 4150/4225 | Loss 0.968194 | Accuracy 63.668393
Epoch 8 | Batch 4200/4225 | Loss 0.968673 | Accuracy 63.654487
Token indices sequence length is longer than the specified maximum sequence length for this model (1195 > 512). Running this sequence through the model will result in indexing errors
Token indices sequence length is longer than the specified maximum sequence length for this model (15150 > 512). Running this sequence through the model will result in indexing errors
Token indices sequence length is longer than the specified maximum sequence length for this model (1195 > 512). Running this sequence through the model will result in indexing errors
Token indices sequence length is longer than the specified maximum sequence length for this model (15150 > 512). Running this sequence through the model will result in indexing errors
Epoch 9 | Batch 0/4225 | Loss 0.643058 | Accuracy 71.875000
Epoch 9 | Batch 50/4225 | Loss 0.968149 | Accuracy 61.948529
Epoch 9 | Batch 100/4225 | Loss 0.932676 | Accuracy 63.675743
Epoch 9 | Batch 150/4225 | Loss 0.937096 | Accuracy 64.072848
Epoch 9 | Batch 200/4225 | Loss 0.930903 | Accuracy 64.334577
Epoch 9 | Batch 250/4225 | Loss 0.936498 | Accuracy 64.504482
Epoch 9 | Batch 300/4225 | Loss 0.939875 | Accuracy 64.379153
Epoch 9 | Batch 350/4225 | Loss 0.947946 | Accuracy 64.200499
Epoch 9 | Batch 400/4225 | Loss 0.946215 | Accuracy 64.113155
Epoch 9 | Batch 450/4225 | Loss 0.945301 | Accuracy 64.190687
Epoch 9 | Batch 500/4225 | Loss 0.948032 | Accuracy 64.152944
Epoch 9 | Batch 550/4225 | Loss 0.952610 | Accuracy 64.014292
Epoch 9 | Batch 600/4225 | Loss 0.956446 | Accuracy 63.929908
Epoch 9 | Batch 650/4225 | Loss 0.956138 | Accuracy 63.935292
Epoch 9 | Batch 700/4225 | Loss 0.954726 | Accuracy 63.988944
Epoch 9 | Batch 750/4225 | Loss 0.959274 | Accuracy 63.914780
Epoch 9 | Batch 800/4225 | Loss 0.958101 | Accuracy 64.064451
Epoch 9 | Batch 850/4225 | Loss 0.958447 | Accuracy 64.093713
Epoch 9 | Batch 900/4225 | Loss 0.960180 | Accuracy 63.980993
Epoch 9 | Batch 950/4225 | Loss 0.962615 | Accuracy 63.847266
Epoch 9 | Batch 1000/4225 | Loss 0.962346 | Accuracy 63.773726
Epoch 9 | Batch 1050/4225 | Loss 0.964256 | Accuracy 63.751784
Epoch 9 | Batch 1100/4225 | Loss 0.965550 | Accuracy 63.731835
Epoch 9 | Batch 1150/4225 | Loss 0.967375 | Accuracy 63.648458
Epoch 9 | Batch 1200/4225 | Loss 0.968570 | Accuracy 63.611053
Epoch 9 | Batch 1250/4225 | Loss 0.968123 | Accuracy 63.646583
Epoch 9 | Batch 1300/4225 | Loss 0.969358 | Accuracy 63.602517
Epoch 9 | Batch 1350/4225 | Loss 0.968875 | Accuracy 63.617228
Epoch 9 | Batch 1400/4225 | Loss 0.967323 | Accuracy 63.677730
Epoch 9 | Batch 1450/4225 | Loss 0.968819 | Accuracy 63.634993
Epoch 9 | Batch 1500/4225 | Loss 0.967814 | Accuracy 63.667971
Epoch 9 | Batch 1550/4225 | Loss 0.968724 | Accuracy 63.632334
Epoch 9 | Batch 1600/4225 | Loss 0.969082 | Accuracy 63.610634
Epoch 9 | Batch 1650/4225 | Loss 0.968953 | Accuracy 63.618640
Epoch 9 | Batch 1700/4225 | Loss 0.968772 | Accuracy 63.639036
Epoch 9 | Batch 1750/4225 | Loss 0.968826 | Accuracy 63.645774
Epoch 9 | Batch 1800/4225 | Loss 0.968475 | Accuracy 63.700722
Epoch 9 | Batch 1850/4225 | Loss 0.968804 | Accuracy 63.668287
Epoch 9 | Batch 1900/4225 | Loss 0.967846 | Accuracy 63.696739
Epoch 9 | Batch 1950/4225 | Loss 0.967957 | Accuracy 63.709316
Epoch 9 | Batch 2000/4225 | Loss 0.967948 | Accuracy 63.708771
Epoch 9 | Batch 2050/4225 | Loss 0.967060 | Accuracy 63.750914
Epoch 9 | Batch 2100/4225 | Loss 0.967215 | Accuracy 63.722632
Epoch 9 | Batch 2150/4225 | Loss 0.967704 | Accuracy 63.669514
Epoch 9 | Batch 2200/4225 | Loss 0.967466 | Accuracy 63.662824
Epoch 9 | Batch 2250/4225 | Loss 0.967577 | Accuracy 63.664760
Epoch 9 | Batch 2300/4225 | Loss 0.968079 | Accuracy 63.650315
Epoch 9 | Batch 2350/4225 | Loss 0.968213 | Accuracy 63.665727
Epoch 9 | Batch 2400/4225 | Loss 0.968260 | Accuracy 63.638848
Epoch 9 | Batch 2450/4225 | Loss 0.967868 | Accuracy 63.653866
Epoch 9 | Batch 2500/4225 | Loss 0.967838 | Accuracy 63.647041
Epoch 9 | Batch 2550/4225 | Loss 0.967771 | Accuracy 63.655184
Epoch 9 | Batch 2600/4225 | Loss 0.968450 | Accuracy 63.628172
Epoch 9 | Batch 2650/4225 | Loss 0.968231 | Accuracy 63.637542
Epoch 9 | Batch 2700/4225 | Loss 0.967510 | Accuracy 63.665078
Epoch 9 | Batch 2750/4225 | Loss 0.968422 | Accuracy 63.663213
Epoch 9 | Batch 2800/4225 | Loss 0.967952 | Accuracy 63.683729
Epoch 9 | Batch 2850/4225 | Loss 0.967989 | Accuracy 63.677219
Epoch 9 | Batch 2900/4225 | Loss 0.967995 | Accuracy 63.684936
Epoch 9 | Batch 2950/4225 | Loss 0.968450 | Accuracy 63.684980
Epoch 9 | Batch 3000/4225 | Loss 0.968632 | Accuracy 63.685022
Epoch 9 | Batch 3050/4225 | Loss 0.969223 | Accuracy 63.667650
Epoch 9 | Batch 3100/4225 | Loss 0.969093 | Accuracy 63.677040
Epoch 9 | Batch 3150/4225 | Loss 0.969221 | Accuracy 63.664313
Epoch 9 | Batch 3200/4225 | Loss 0.969608 | Accuracy 63.644174
Epoch 9 | Batch 3250/4225 | Loss 0.969366 | Accuracy 63.666949
Epoch 9 | Batch 3300/4225 | Loss 0.969592 | Accuracy 63.683354
Epoch 9 | Batch 3350/4225 | Loss 0.970095 | Accuracy 63.673157
Epoch 9 | Batch 3400/4225 | Loss 0.969388 | Accuracy 63.703690
Epoch 9 | Batch 3450/4225 | Loss 0.969854 | Accuracy 63.694400
Epoch 9 | Batch 3500/4225 | Loss 0.969802 | Accuracy 63.681805
Epoch 9 | Batch 3550/4225 | Loss 0.970144 | Accuracy 63.680125
Epoch 9 | Batch 3600/4225 | Loss 0.970034 | Accuracy 63.690641
Epoch 9 | Batch 3650/4225 | Loss 0.969584 | Accuracy 63.697446
Epoch 9 | Batch 3700/4225 | Loss 0.969641 | Accuracy 63.690557
Epoch 9 | Batch 3750/4225 | Loss 0.969814 | Accuracy 63.696348
Epoch 9 | Batch 3800/4225 | Loss 0.969602 | Accuracy 63.679788
Epoch 9 | Batch 3850/4225 | Loss 0.969332 | Accuracy 63.684757
Epoch 9 | Batch 3900/4225 | Loss 0.969315 | Accuracy 63.679185
Epoch 9 | Batch 3950/4225 | Loss 0.969615 | Accuracy 63.674544
Epoch 9 | Batch 4000/4225 | Loss 0.969966 | Accuracy 63.649713
Epoch 9 | Batch 4050/4225 | Loss 0.969822 | Accuracy 63.653265
Epoch 9 | Batch 4100/4225 | Loss 0.969957 | Accuracy 63.648348
Epoch 9 | Batch 4150/4225 | Loss 0.969353 | Accuracy 63.660865
Epoch 9 | Batch 4200/4225 | Loss 0.969187 | Accuracy 63.658950
